[ 2017-12-31T12:21:33+08:00 ] 113.246.84.173 /my_mall/home/address/ajaxjson?Id=37
INFO: [ app_begin ] --START--
INFO: Run Behavior\ReadHtmlCacheBehavior [ RunTime:0.000000s ]
INFO: [ app_begin ] --END-- [ RunTime:0.000000s ]
NOTIC: [8192] mysql_connect(): The mysql extension is deprecated and will be removed in the future: use mysqli or PDO instead D:\wwwroot\xiaonan\wwwroot\my_mall\ThinkPHP\Library\Think\Db\Driver\Mysql.class.php 第 52 行.
SQL: SHOW COLUMNS FROM `fw_address` [ RunTime:0.015623s ]
SQL: SELECT * FROM `fw_address` WHERE `Id` = 37 LIMIT 1   [ RunTime:0.000000s ]

[ 2017-12-31T12:21:35+08:00 ] 113.246.84.173 /my_mall/home/address/update
INFO: [ app_begin ] --START--
INFO: Run Behavior\ReadHtmlCacheBehavior [ RunTime:0.000000s ]
INFO: [ app_begin ] --END-- [ RunTime:0.000000s ]
NOTIC: [8192] mysql_connect(): The mysql extension is deprecated and will be removed in the future: use mysqli or PDO instead D:\wwwroot\xiaonan\wwwroot\my_mall\ThinkPHP\Library\Think\Db\Driver\Mysql.class.php 第 52 行.
SQL: SHOW COLUMNS FROM `fw_address` [ RunTime:0.000000s ]
SQL: UPDATE `fw_address` SET `ismoren`='否' WHERE `user_Name` = 'test001' [ RunTime:0.000000s ]
SQL: UPDATE `fw_address` SET `name`='测试',`address_province`='重庆市',`address_city`='重庆市',`address_county`='渝中区',`address_info`='格式',`phonenumber`='15974066068',`postcode`='751752',`ismoren`='是' WHERE `Id` = 37 [ RunTime:0.000000s ]

[ 2017-12-31T12:23:25+08:00 ] 113.246.84.173 /my_mall/home/address/ajaxjson?Id=38
INFO: [ app_begin ] --START--
INFO: Run Behavior\ReadHtmlCacheBehavior [ RunTime:0.000000s ]
INFO: [ app_begin ] --END-- [ RunTime:0.000000s ]

[ 2017-12-31T12:23:27+08:00 ] 113.246.84.173 /my_mall/home/address/ajaxjson?Id=38
INFO: [ app_begin ] --START--
INFO: Run Behavior\ReadHtmlCacheBehavior [ RunTime:0.000000s ]
INFO: [ app_begin ] --END-- [ RunTime:0.000000s ]

[ 2017-12-31T12:23:28+08:00 ] 113.246.84.173 /my_mall/home/address/ajaxjson?Id=38
INFO: [ app_begin ] --START--
INFO: Run Behavior\ReadHtmlCacheBehavior [ RunTime:0.000000s ]
INFO: [ app_begin ] --END-- [ RunTime:0.000000s ]

[ 2017-12-31T12:23:29+08:00 ] 113.246.84.173 /my_mall/home/address/ajaxjson?Id=35
INFO: [ app_begin ] --START--
INFO: Run Behavior\ReadHtmlCacheBehavior [ RunTime:0.000000s ]
INFO: [ app_begin ] --END-- [ RunTime:0.015623s ]

[ 2017-12-31T12:23:31+08:00 ] 113.246.84.173 /my_mall/home/address/ajaxjson?Id=37
INFO: [ app_begin ] --START--
INFO: Run Behavior\ReadHtmlCacheBehavior [ RunTime:0.000000s ]
INFO: [ app_begin ] --END-- [ RunTime:0.000000s ]

[ 2017-12-31T12:23:32+08:00 ] 113.246.84.173 /my_mall/home/address/ajaxjson?Id=37
INFO: [ app_begin ] --START--
INFO: Run Behavior\ReadHtmlCacheBehavior [ RunTime:0.000000s ]
INFO: [ app_begin ] --END-- [ RunTime:0.000000s ]

[ 2017-12-31T12:23:34+08:00 ] 113.246.84.173 /my_mall/home/address/ajaxjson?Id=36
INFO: [ app_begin ] --START--
INFO: Run Behavior\ReadHtmlCacheBehavior [ RunTime:0.000000s ]
INFO: [ app_begin ] --END-- [ RunTime:0.000000s ]

[ 2017-12-31T12:23:34+08:00 ] 113.246.84.173 /my_mall/home/address/ajaxjson?Id=36
INFO: [ app_begin ] --START--
INFO: Run Behavior\ReadHtmlCacheBehavior [ RunTime:0.000000s ]
INFO: [ app_begin ] --END-- [ RunTime:0.000000s ]

[ 2017-12-31T12:23:35+08:00 ] 113.246.84.173 /my_mall/home/address/ajaxjson?Id=36
INFO: [ app_begin ] --START--
INFO: Run Behavior\ReadHtmlCacheBehavior [ RunTime:0.000000s ]
INFO: [ app_begin ] --END-- [ RunTime:0.000000s ]

[ 2017-12-31T12:23:35+08:00 ] 113.246.84.173 /my_mall/home/address/ajaxjson?Id=36
INFO: [ app_begin ] --START--
INFO: Run Behavior\ReadHtmlCacheBehavior [ RunTime:0.000000s ]
INFO: [ app_begin ] --END-- [ RunTime:0.000000s ]

[ 2017-12-31T12:23:39+08:00 ] 113.246.84.173 /my_mall/home/address/ajaxjson?Id=37
INFO: [ app_begin ] --START--
INFO: Run Behavior\ReadHtmlCacheBehavior [ RunTime:0.000000s ]
INFO: [ app_begin ] --END-- [ RunTime:0.000000s ]

[ 2017-12-31T12:23:40+08:00 ] 113.246.84.173 /my_mall/home/address/ajaxjson?Id=37
INFO: [ app_begin ] --START--
INFO: Run Behavior\ReadHtmlCacheBehavior [ RunTime:0.000000s ]
INFO: [ app_begin ] --END-- [ RunTime:0.000000s ]

[ 2017-12-31T12:23:41+08:00 ] 113.246.84.173 /my_mall/home/address/ajaxjson?Id=34
INFO: [ app_begin ] --START--
INFO: Run Behavior\ReadHtmlCacheBehavior [ RunTime:0.000000s ]
INFO: [ app_begin ] --END-- [ RunTime:0.000000s ]

[ 2017-12-31T12:23:42+08:00 ] 113.246.84.173 /my_mall/home/address/ajaxjson?Id=34
INFO: [ app_begin ] --START--
INFO: Run Behavior\ReadHtmlCacheBehavior [ RunTime:0.000000s ]
INFO: [ app_begin ] --END-- [ RunTime:0.000000s ]

[ 2017-12-31T12:23:42+08:00 ] 113.246.84.173 /my_mall/home/address/ajaxjson?Id=34
INFO: [ app_begin ] --START--
INFO: Run Behavior\ReadHtmlCacheBehavior [ RunTime:0.000000s ]
INFO: [ app_begin ] --END-- [ RunTime:0.000000s ]

[ 2017-12-31T12:23:42+08:00 ] 113.246.84.173 /my_mall/home/address/ajaxjson?Id=34
INFO: [ app_begin ] --START--
INFO: Run Behavior\ReadHtmlCacheBehavior [ RunTime:0.000000s ]
INFO: [ app_begin ] --END-- [ RunTime:0.000000s ]

[ 2017-12-31T12:23:42+08:00 ] 113.246.84.173 /my_mall/home/address/ajaxjson?Id=34
INFO: [ app_begin ] --START--
INFO: Run Behavior\ReadHtmlCacheBehavior [ RunTime:0.000000s ]
INFO: [ app_begin ] --END-- [ RunTime:0.000000s ]

[ 2017-12-31T12:24:55+08:00 ] 113.246.84.173 /my_mall/home/address/ajaxjson?Id=38
INFO: [ app_begin ] --START--
INFO: Run Behavior\ReadHtmlCacheBehavior [ RunTime:0.000000s ]
INFO: [ app_begin ] --END-- [ RunTime:0.000000s ]
NOTIC: [8192] mysql_connect(): The mysql extension is deprecated and will be removed in the future: use mysqli or PDO instead D:\wwwroot\xiaonan\wwwroot\my_mall\ThinkPHP\Library\Think\Db\Driver\Mysql.class.php 第 52 行.
SQL: SHOW COLUMNS FROM `fw_address` [ RunTime:0.000000s ]
SQL: SELECT * FROM `fw_address` WHERE `Id` = 38 LIMIT 1   [ RunTime:0.000000s ]

[ 2017-12-31T12:25:01+08:00 ] 113.246.84.173 /my_mall/home/address/update
INFO: [ app_begin ] --START--
INFO: Run Behavior\ReadHtmlCacheBehavior [ RunTime:0.000000s ]
INFO: [ app_begin ] --END-- [ RunTime:0.000000s ]
NOTIC: [8192] mysql_connect(): The mysql extension is deprecated and will be removed in the future: use mysqli or PDO instead D:\wwwroot\xiaonan\wwwroot\my_mall\ThinkPHP\Library\Think\Db\Driver\Mysql.class.php 第 52 行.
SQL: SHOW COLUMNS FROM `fw_address` [ RunTime:0.000000s ]
SQL: UPDATE `fw_address` SET `ismoren`='否' WHERE `user_Name` = 'test001' [ RunTime:0.015622s ]
SQL: UPDATE `fw_address` SET `name`='的',`address_province`='上海市',`address_city`='上海市',`address_county`='卢湾区',`address_info`='公司大',`phonenumber`='15974066068',`postcode`='425508',`ismoren`='是' WHERE `Id` = 38 [ RunTime:0.000000s ]

[ 2017-12-31T12:25:47+08:00 ] 113.246.84.173 /my_mall/home/address/ajaxjson?Id=36
INFO: [ app_begin ] --START--
INFO: Run Behavior\ReadHtmlCacheBehavior [ RunTime:0.000000s ]
INFO: [ app_begin ] --END-- [ RunTime:0.000000s ]
NOTIC: [8192] mysql_connect(): The mysql extension is deprecated and will be removed in the future: use mysqli or PDO instead D:\wwwroot\xiaonan\wwwroot\my_mall\ThinkPHP\Library\Think\Db\Driver\Mysql.class.php 第 52 行.
SQL: SHOW COLUMNS FROM `fw_address` [ RunTime:0.000000s ]
SQL: SELECT * FROM `fw_address` WHERE `Id` = 36 LIMIT 1   [ RunTime:0.000000s ]

[ 2017-12-31T12:25:48+08:00 ] 113.246.84.173 /my_mall/home/address/ajaxjson?Id=36
INFO: [ app_begin ] --START--
INFO: Run Behavior\ReadHtmlCacheBehavior [ RunTime:0.000000s ]
INFO: [ app_begin ] --END-- [ RunTime:0.000000s ]
NOTIC: [8192] mysql_connect(): The mysql extension is deprecated and will be removed in the future: use mysqli or PDO instead D:\wwwroot\xiaonan\wwwroot\my_mall\ThinkPHP\Library\Think\Db\Driver\Mysql.class.php 第 52 行.
SQL: SHOW COLUMNS FROM `fw_address` [ RunTime:0.000000s ]
SQL: SELECT * FROM `fw_address` WHERE `Id` = 36 LIMIT 1   [ RunTime:0.000000s ]

[ 2017-12-31T12:25:48+08:00 ] 113.246.84.173 /my_mall/home/address/ajaxjson?Id=36
INFO: [ app_begin ] --START--
INFO: Run Behavior\ReadHtmlCacheBehavior [ RunTime:0.000000s ]
INFO: [ app_begin ] --END-- [ RunTime:0.000000s ]
NOTIC: [8192] mysql_connect(): The mysql extension is deprecated and will be removed in the future: use mysqli or PDO instead D:\wwwroot\xiaonan\wwwroot\my_mall\ThinkPHP\Library\Think\Db\Driver\Mysql.class.php 第 52 行.
SQL: SHOW COLUMNS FROM `fw_address` [ RunTime:0.000000s ]
SQL: SELECT * FROM `fw_address` WHERE `Id` = 36 LIMIT 1   [ RunTime:0.000000s ]

[ 2017-12-31T12:25:49+08:00 ] 113.246.84.173 /my_mall/home/address/ajaxjson?Id=36
INFO: [ app_begin ] --START--
INFO: Run Behavior\ReadHtmlCacheBehavior [ RunTime:0.000000s ]
INFO: [ app_begin ] --END-- [ RunTime:0.000000s ]
NOTIC: [8192] mysql_connect(): The mysql extension is deprecated and will be removed in the future: use mysqli or PDO instead D:\wwwroot\xiaonan\wwwroot\my_mall\ThinkPHP\Library\Think\Db\Driver\Mysql.class.php 第 52 行.
SQL: SHOW COLUMNS FROM `fw_address` [ RunTime:0.000000s ]
SQL: SELECT * FROM `fw_address` WHERE `Id` = 36 LIMIT 1   [ RunTime:0.000000s ]

[ 2017-12-31T12:25:53+08:00 ] 113.246.84.173 /my_mall/home/address/ajaxjson?Id=35
INFO: [ app_begin ] --START--
INFO: Run Behavior\ReadHtmlCacheBehavior [ RunTime:0.015622s ]
INFO: [ app_begin ] --END-- [ RunTime:0.015622s ]
NOTIC: [8192] mysql_connect(): The mysql extension is deprecated and will be removed in the future: use mysqli or PDO instead D:\wwwroot\xiaonan\wwwroot\my_mall\ThinkPHP\Library\Think\Db\Driver\Mysql.class.php 第 52 行.
SQL: SHOW COLUMNS FROM `fw_address` [ RunTime:0.000000s ]
SQL: SELECT * FROM `fw_address` WHERE `Id` = 35 LIMIT 1   [ RunTime:0.000000s ]

[ 2017-12-31T12:26:37+08:00 ] 113.246.84.173 /my_mall/home/address/ajaxjson?Id=34
INFO: [ app_begin ] --START--
INFO: Run Behavior\ReadHtmlCacheBehavior [ RunTime:0.000000s ]
INFO: [ app_begin ] --END-- [ RunTime:0.015623s ]
NOTIC: [8192] mysql_connect(): The mysql extension is deprecated and will be removed in the future: use mysqli or PDO instead D:\wwwroot\xiaonan\wwwroot\my_mall\ThinkPHP\Library\Think\Db\Driver\Mysql.class.php 第 52 行.
SQL: SHOW COLUMNS FROM `fw_address` [ RunTime:0.000000s ]
SQL: SELECT * FROM `fw_address` WHERE `Id` = 34 LIMIT 1   [ RunTime:0.000000s ]

[ 2017-12-31T12:26:40+08:00 ] 113.246.84.173 /my_mall/home/address/update
INFO: [ app_begin ] --START--
INFO: Run Behavior\ReadHtmlCacheBehavior [ RunTime:0.000000s ]
INFO: [ app_begin ] --END-- [ RunTime:0.000000s ]
NOTIC: [8192] mysql_connect(): The mysql extension is deprecated and will be removed in the future: use mysqli or PDO instead D:\wwwroot\xiaonan\wwwroot\my_mall\ThinkPHP\Library\Think\Db\Driver\Mysql.class.php 第 52 行.
SQL: SHOW COLUMNS FROM `fw_address` [ RunTime:0.000000s ]
SQL: UPDATE `fw_address` SET `ismoren`='否' WHERE `user_Name` = 'test001' [ RunTime:0.000000s ]

[ 2017-12-31T12:26:43+08:00 ] 113.246.84.173 /my_mall/home/address/ajaxjson?Id=35
INFO: [ app_begin ] --START--
INFO: Run Behavior\ReadHtmlCacheBehavior [ RunTime:0.000000s ]
INFO: [ app_begin ] --END-- [ RunTime:0.000000s ]
NOTIC: [8192] mysql_connect(): The mysql extension is deprecated and will be removed in the future: use mysqli or PDO instead D:\wwwroot\xiaonan\wwwroot\my_mall\ThinkPHP\Library\Think\Db\Driver\Mysql.class.php 第 52 行.
SQL: SHOW COLUMNS FROM `fw_address` [ RunTime:0.000000s ]
SQL: SELECT * FROM `fw_address` WHERE `Id` = 35 LIMIT 1   [ RunTime:0.000000s ]

[ 2017-12-31T12:26:45+08:00 ] 113.246.84.173 /my_mall/home/address/update
INFO: [ app_begin ] --START--
INFO: Run Behavior\ReadHtmlCacheBehavior [ RunTime:0.000000s ]
INFO: [ app_begin ] --END-- [ RunTime:0.000000s ]
NOTIC: [8192] mysql_connect(): The mysql extension is deprecated and will be removed in the future: use mysqli or PDO instead D:\wwwroot\xiaonan\wwwroot\my_mall\ThinkPHP\Library\Think\Db\Driver\Mysql.class.php 第 52 行.
SQL: SHOW COLUMNS FROM `fw_address` [ RunTime:0.000000s ]
SQL: UPDATE `fw_address` SET `ismoren`='否' WHERE `user_Name` = 'test001' [ RunTime:0.000000s ]

[ 2017-12-31T12:26:48+08:00 ] 113.246.84.173 /my_mall/home/address/ajaxjson?Id=35
INFO: [ app_begin ] --START--
INFO: Run Behavior\ReadHtmlCacheBehavior [ RunTime:0.000000s ]
INFO: [ app_begin ] --END-- [ RunTime:0.000000s ]
NOTIC: [8192] mysql_connect(): The mysql extension is deprecated and will be removed in the future: use mysqli or PDO instead D:\wwwroot\xiaonan\wwwroot\my_mall\ThinkPHP\Library\Think\Db\Driver\Mysql.class.php 第 52 行.
SQL: SHOW COLUMNS FROM `fw_address` [ RunTime:0.000000s ]
SQL: SELECT * FROM `fw_address` WHERE `Id` = 35 LIMIT 1   [ RunTime:0.000000s ]

[ 2017-12-31T12:26:52+08:00 ] 113.246.84.173 /my_mall/home/address/update
INFO: [ app_begin ] --START--
INFO: Run Behavior\ReadHtmlCacheBehavior [ RunTime:0.000000s ]
INFO: [ app_begin ] --END-- [ RunTime:0.000000s ]
NOTIC: [8192] mysql_connect(): The mysql extension is deprecated and will be removed in the future: use mysqli or PDO instead D:\wwwroot\xiaonan\wwwroot\my_mall\ThinkPHP\Library\Think\Db\Driver\Mysql.class.php 第 52 行.
SQL: SHOW COLUMNS FROM `fw_address` [ RunTime:0.000000s ]
SQL: UPDATE `fw_address` SET `ismoren`='否' WHERE `user_Name` = 'test001' [ RunTime:0.000000s ]

[ 2017-12-31T12:27:57+08:00 ] 113.246.84.173 /my_mall/home/address/ajaxjson?Id=35
INFO: [ app_begin ] --START--
INFO: Run Behavior\ReadHtmlCacheBehavior [ RunTime:0.000000s ]
INFO: [ app_begin ] --END-- [ RunTime:0.000000s ]
NOTIC: [8192] mysql_connect(): The mysql extension is deprecated and will be removed in the future: use mysqli or PDO instead D:\wwwroot\xiaonan\wwwroot\my_mall\ThinkPHP\Library\Think\Db\Driver\Mysql.class.php 第 52 行.
SQL: SHOW COLUMNS FROM `fw_address` [ RunTime:0.000000s ]
SQL: SELECT * FROM `fw_address` WHERE `Id` = 35 LIMIT 1   [ RunTime:0.000000s ]

[ 2017-12-31T12:27:59+08:00 ] 113.246.84.173 /my_mall/home/address/update
INFO: [ app_begin ] --START--
INFO: Run Behavior\ReadHtmlCacheBehavior [ RunTime:0.000000s ]
INFO: [ app_begin ] --END-- [ RunTime:0.015622s ]
NOTIC: [8192] mysql_connect(): The mysql extension is deprecated and will be removed in the future: use mysqli or PDO instead D:\wwwroot\xiaonan\wwwroot\my_mall\ThinkPHP\Library\Think\Db\Driver\Mysql.class.php 第 52 行.
SQL: SHOW COLUMNS FROM `fw_address` [ RunTime:0.000000s ]
SQL: UPDATE `fw_address` SET `ismoren`='否' WHERE `user_Name` = 'test001' [ RunTime:0.000000s ]

[ 2017-12-31T12:28:02+08:00 ] 113.246.84.173 /my_mall/home/address/ajaxjson?Id=35
INFO: [ app_begin ] --START--
INFO: Run Behavior\ReadHtmlCacheBehavior [ RunTime:0.000000s ]
INFO: [ app_begin ] --END-- [ RunTime:0.000000s ]
NOTIC: [8192] mysql_connect(): The mysql extension is deprecated and will be removed in the future: use mysqli or PDO instead D:\wwwroot\xiaonan\wwwroot\my_mall\ThinkPHP\Library\Think\Db\Driver\Mysql.class.php 第 52 行.
SQL: SHOW COLUMNS FROM `fw_address` [ RunTime:0.000000s ]
SQL: SELECT * FROM `fw_address` WHERE `Id` = 35 LIMIT 1   [ RunTime:0.000000s ]

[ 2017-12-31T12:28:05+08:00 ] 113.246.84.173 /my_mall/home/address/update
INFO: [ app_begin ] --START--
INFO: Run Behavior\ReadHtmlCacheBehavior [ RunTime:0.015622s ]
INFO: [ app_begin ] --END-- [ RunTime:0.015622s ]
NOTIC: [8192] mysql_connect(): The mysql extension is deprecated and will be removed in the future: use mysqli or PDO instead D:\wwwroot\xiaonan\wwwroot\my_mall\ThinkPHP\Library\Think\Db\Driver\Mysql.class.php 第 52 行.
SQL: SHOW COLUMNS FROM `fw_address` [ RunTime:0.015623s ]
SQL: UPDATE `fw_address` SET `ismoren`='否' WHERE `user_Name` = 'test001' [ RunTime:0.000000s ]

[ 2017-12-31T12:32:22+08:00 ] 113.246.84.173 /my_mall/home/address/ajaxjson?Id=35
INFO: [ app_begin ] --START--
INFO: Run Behavior\ReadHtmlCacheBehavior [ RunTime:0.015622s ]
INFO: [ app_begin ] --END-- [ RunTime:0.015622s ]
NOTIC: [8192] mysql_connect(): The mysql extension is deprecated and will be removed in the future: use mysqli or PDO instead D:\wwwroot\xiaonan\wwwroot\my_mall\ThinkPHP\Library\Think\Db\Driver\Mysql.class.php 第 52 行.
SQL: SHOW COLUMNS FROM `fw_address` [ RunTime:0.000000s ]
SQL: SELECT * FROM `fw_address` WHERE `Id` = 35 LIMIT 1   [ RunTime:0.000000s ]

[ 2017-12-31T12:32:24+08:00 ] 113.246.84.173 /my_mall/home/address/ajaxjson?Id=35
INFO: [ app_begin ] --START--
INFO: Run Behavior\ReadHtmlCacheBehavior [ RunTime:0.000000s ]
INFO: [ app_begin ] --END-- [ RunTime:0.000000s ]
NOTIC: [8192] mysql_connect(): The mysql extension is deprecated and will be removed in the future: use mysqli or PDO instead D:\wwwroot\xiaonan\wwwroot\my_mall\ThinkPHP\Library\Think\Db\Driver\Mysql.class.php 第 52 行.
SQL: SHOW COLUMNS FROM `fw_address` [ RunTime:0.000000s ]
SQL: SELECT * FROM `fw_address` WHERE `Id` = 35 LIMIT 1   [ RunTime:0.000000s ]

[ 2017-12-31T12:32:29+08:00 ] 113.246.84.173 /my_mall/home/address/update
INFO: [ app_begin ] --START--
INFO: Run Behavior\ReadHtmlCacheBehavior [ RunTime:0.000000s ]
INFO: [ app_begin ] --END-- [ RunTime:0.015622s ]
NOTIC: [8192] mysql_connect(): The mysql extension is deprecated and will be removed in the future: use mysqli or PDO instead D:\wwwroot\xiaonan\wwwroot\my_mall\ThinkPHP\Library\Think\Db\Driver\Mysql.class.php 第 52 行.
SQL: SHOW COLUMNS FROM `fw_address` [ RunTime:0.000000s ]
SQL: UPDATE `fw_address` SET `name`='第二次',`address_province`='河北省',`address_city`='张家口市',`address_county`='宣化区',`address_info`='但是1111',`phonenumber`='15974066068',`postcode`='420058' WHERE `Id` = 35 [ RunTime:0.000000s ]

[ 2017-12-31T12:32:31+08:00 ] 113.246.84.173 /my_mall/home/address/ajaxjson?Id=35
INFO: [ app_begin ] --START--
INFO: Run Behavior\ReadHtmlCacheBehavior [ RunTime:0.000000s ]
INFO: [ app_begin ] --END-- [ RunTime:0.000000s ]
NOTIC: [8192] mysql_connect(): The mysql extension is deprecated and will be removed in the future: use mysqli or PDO instead D:\wwwroot\xiaonan\wwwroot\my_mall\ThinkPHP\Library\Think\Db\Driver\Mysql.class.php 第 52 行.
SQL: SHOW COLUMNS FROM `fw_address` [ RunTime:0.000000s ]
SQL: SELECT * FROM `fw_address` WHERE `Id` = 35 LIMIT 1   [ RunTime:0.000000s ]

[ 2017-12-31T12:32:38+08:00 ] 113.246.84.173 /my_mall/home/address/update
INFO: [ app_begin ] --START--
INFO: Run Behavior\ReadHtmlCacheBehavior [ RunTime:0.000000s ]
INFO: [ app_begin ] --END-- [ RunTime:0.000000s ]
NOTIC: [8192] mysql_connect(): The mysql extension is deprecated and will be removed in the future: use mysqli or PDO instead D:\wwwroot\xiaonan\wwwroot\my_mall\ThinkPHP\Library\Think\Db\Driver\Mysql.class.php 第 52 行.
SQL: SHOW COLUMNS FROM `fw_address` [ RunTime:0.000000s ]
SQL: UPDATE `fw_address` SET `ismoren`='否' WHERE `user_Name` = 'test001' [ RunTime:0.000000s ]

[ 2017-12-31T12:33:34+08:00 ] 113.246.84.173 /my_mall/home/address/ajaxjson?Id=35
INFO: [ app_begin ] --START--
INFO: Run Behavior\ReadHtmlCacheBehavior [ RunTime:0.000000s ]
INFO: [ app_begin ] --END-- [ RunTime:0.000000s ]

[ 2017-12-31T12:33:36+08:00 ] 113.246.84.173 /my_mall/home/address/ajaxjson?Id=35
INFO: [ app_begin ] --START--
INFO: Run Behavior\ReadHtmlCacheBehavior [ RunTime:0.000000s ]
INFO: [ app_begin ] --END-- [ RunTime:0.000000s ]

[ 2017-12-31T12:33:38+08:00 ] 113.246.84.173 /my_mall/home/address/ajaxjson?Id=34
INFO: [ app_begin ] --START--
INFO: Run Behavior\ReadHtmlCacheBehavior [ RunTime:0.000000s ]
INFO: [ app_begin ] --END-- [ RunTime:0.000000s ]

[ 2017-12-31T12:33:39+08:00 ] 113.246.84.173 /my_mall/home/address/ajaxjson?Id=34
INFO: [ app_begin ] --START--
INFO: Run Behavior\ReadHtmlCacheBehavior [ RunTime:0.015622s ]
INFO: [ app_begin ] --END-- [ RunTime:0.015622s ]

[ 2017-12-31T12:33:45+08:00 ] 113.246.84.173 /my_mall/home/address/ajaxjson?Id=35
INFO: [ app_begin ] --START--
INFO: Run Behavior\ReadHtmlCacheBehavior [ RunTime:0.000000s ]
INFO: [ app_begin ] --END-- [ RunTime:0.000000s ]

[ 2017-12-31T12:33:48+08:00 ] 113.246.84.173 /my_mall/home/address/ajaxjson?Id=35
INFO: [ app_begin ] --START--
INFO: Run Behavior\ReadHtmlCacheBehavior [ RunTime:0.000000s ]
INFO: [ app_begin ] --END-- [ RunTime:0.000000s ]

[ 2017-12-31T12:33:49+08:00 ] 113.246.84.173 /my_mall/home/address/ajaxjson?Id=35
INFO: [ app_begin ] --START--
INFO: Run Behavior\ReadHtmlCacheBehavior [ RunTime:0.000000s ]
INFO: [ app_begin ] --END-- [ RunTime:0.000000s ]

[ 2017-12-31T12:33:50+08:00 ] 113.246.84.173 /my_mall/home/address/ajaxjson?Id=35
INFO: [ app_begin ] --START--
INFO: Run Behavior\ReadHtmlCacheBehavior [ RunTime:0.015623s ]
INFO: [ app_begin ] --END-- [ RunTime:0.015623s ]

[ 2017-12-31T12:33:50+08:00 ] 113.246.84.173 /my_mall/home/address/ajaxjson?Id=35
INFO: [ app_begin ] --START--
INFO: Run Behavior\ReadHtmlCacheBehavior [ RunTime:0.000000s ]
INFO: [ app_begin ] --END-- [ RunTime:0.015623s ]

[ 2017-12-31T12:33:50+08:00 ] 113.246.84.173 /my_mall/home/address/ajaxjson?Id=35
INFO: [ app_begin ] --START--
INFO: Run Behavior\ReadHtmlCacheBehavior [ RunTime:0.000000s ]
INFO: [ app_begin ] --END-- [ RunTime:0.015622s ]

[ 2017-12-31T12:33:51+08:00 ] 113.246.84.173 /my_mall/home/address/ajaxjson?Id=35
INFO: [ app_begin ] --START--
INFO: Run Behavior\ReadHtmlCacheBehavior [ RunTime:0.000000s ]
INFO: [ app_begin ] --END-- [ RunTime:0.015622s ]

[ 2017-12-31T12:33:51+08:00 ] 113.246.84.173 /my_mall/home/address/ajaxjson?Id=35
INFO: [ app_begin ] --START--
INFO: Run Behavior\ReadHtmlCacheBehavior [ RunTime:0.015622s ]
INFO: [ app_begin ] --END-- [ RunTime:0.015622s ]

[ 2017-12-31T12:33:51+08:00 ] 113.246.84.173 /my_mall/home/address/ajaxjson?Id=35
INFO: [ app_begin ] --START--
INFO: Run Behavior\ReadHtmlCacheBehavior [ RunTime:0.000000s ]
INFO: [ app_begin ] --END-- [ RunTime:0.000000s ]

[ 2017-12-31T12:33:52+08:00 ] 113.246.84.173 /my_mall/home/address/ajaxjson?Id=35
INFO: [ app_begin ] --START--
INFO: Run Behavior\ReadHtmlCacheBehavior [ RunTime:0.000000s ]
INFO: [ app_begin ] --END-- [ RunTime:0.000000s ]

[ 2017-12-31T12:33:54+08:00 ] 113.246.84.173 /my_mall/home/address/ajaxjson?Id=34
INFO: [ app_begin ] --START--
INFO: Run Behavior\ReadHtmlCacheBehavior [ RunTime:0.000000s ]
INFO: [ app_begin ] --END-- [ RunTime:0.000000s ]

[ 2017-12-31T12:33:54+08:00 ] 113.246.84.173 /my_mall/home/address/ajaxjson?Id=34
INFO: [ app_begin ] --START--
INFO: Run Behavior\ReadHtmlCacheBehavior [ RunTime:0.000000s ]
INFO: [ app_begin ] --END-- [ RunTime:0.000000s ]

[ 2017-12-31T12:33:56+08:00 ] 113.246.84.173 /my_mall/home/address/ajaxjson?Id=36
INFO: [ app_begin ] --START--
INFO: Run Behavior\ReadHtmlCacheBehavior [ RunTime:0.000000s ]
INFO: [ app_begin ] --END-- [ RunTime:0.000000s ]

[ 2017-12-31T12:33:56+08:00 ] 113.246.84.173 /my_mall/home/address/ajaxjson?Id=36
INFO: [ app_begin ] --START--
INFO: Run Behavior\ReadHtmlCacheBehavior [ RunTime:0.000000s ]
INFO: [ app_begin ] --END-- [ RunTime:0.000000s ]

[ 2017-12-31T12:33:56+08:00 ] 113.246.84.173 /my_mall/home/address/ajaxjson?Id=36
INFO: [ app_begin ] --START--
INFO: Run Behavior\ReadHtmlCacheBehavior [ RunTime:0.000000s ]
INFO: [ app_begin ] --END-- [ RunTime:0.000000s ]

[ 2017-12-31T12:33:57+08:00 ] 113.246.84.173 /my_mall/home/address/ajaxjson?Id=36
INFO: [ app_begin ] --START--
INFO: Run Behavior\ReadHtmlCacheBehavior [ RunTime:0.000000s ]
INFO: [ app_begin ] --END-- [ RunTime:0.000000s ]

[ 2017-12-31T12:34:00+08:00 ] 113.246.84.173 /my_mall/home/address/ajaxjson?Id=35
INFO: [ app_begin ] --START--
INFO: Run Behavior\ReadHtmlCacheBehavior [ RunTime:0.000000s ]
INFO: [ app_begin ] --END-- [ RunTime:0.000000s ]

[ 2017-12-31T12:34:02+08:00 ] 113.246.84.173 /my_mall/home/address/ajaxjson?Id=34
INFO: [ app_begin ] --START--
INFO: Run Behavior\ReadHtmlCacheBehavior [ RunTime:0.000000s ]
INFO: [ app_begin ] --END-- [ RunTime:0.000000s ]

[ 2017-12-31T12:34:03+08:00 ] 113.246.84.173 /my_mall/home/address/ajaxjson?Id=34
INFO: [ app_begin ] --START--
INFO: Run Behavior\ReadHtmlCacheBehavior [ RunTime:0.000000s ]
INFO: [ app_begin ] --END-- [ RunTime:0.000000s ]

[ 2017-12-31T12:34:06+08:00 ] 113.246.84.173 /my_mall/home/address/ajaxjson?Id=34
INFO: [ app_begin ] --START--
INFO: Run Behavior\ReadHtmlCacheBehavior [ RunTime:0.000000s ]
INFO: [ app_begin ] --END-- [ RunTime:0.000000s ]

[ 2017-12-31T12:34:07+08:00 ] 113.246.84.173 /my_mall/home/address/ajaxjson?Id=34
INFO: [ app_begin ] --START--
INFO: Run Behavior\ReadHtmlCacheBehavior [ RunTime:0.000000s ]
INFO: [ app_begin ] --END-- [ RunTime:0.000000s ]

[ 2017-12-31T12:34:09+08:00 ] 113.246.84.173 /my_mall/home/address/ajaxjson?Id=35
INFO: [ app_begin ] --START--
INFO: Run Behavior\ReadHtmlCacheBehavior [ RunTime:0.000000s ]
INFO: [ app_begin ] --END-- [ RunTime:0.000000s ]

[ 2017-12-31T12:34:09+08:00 ] 113.246.84.173 /my_mall/home/address/ajaxjson?Id=35
INFO: [ app_begin ] --START--
INFO: Run Behavior\ReadHtmlCacheBehavior [ RunTime:0.000000s ]
INFO: [ app_begin ] --END-- [ RunTime:0.015622s ]

[ 2017-12-31T12:34:10+08:00 ] 113.246.84.173 /my_mall/home/address/ajaxjson?Id=35
INFO: [ app_begin ] --START--
INFO: Run Behavior\ReadHtmlCacheBehavior [ RunTime:0.000000s ]
INFO: [ app_begin ] --END-- [ RunTime:0.000000s ]

[ 2017-12-31T12:34:10+08:00 ] 113.246.84.173 /my_mall/home/address/ajaxjson?Id=35
INFO: [ app_begin ] --START--
INFO: Run Behavior\ReadHtmlCacheBehavior [ RunTime:0.000000s ]
INFO: [ app_begin ] --END-- [ RunTime:0.000000s ]

[ 2017-12-31T12:34:10+08:00 ] 113.246.84.173 /my_mall/home/address/ajaxjson?Id=35
INFO: [ app_begin ] --START--
INFO: Run Behavior\ReadHtmlCacheBehavior [ RunTime:0.000000s ]
INFO: [ app_begin ] --END-- [ RunTime:0.000000s ]

[ 2017-12-31T12:34:10+08:00 ] 113.246.84.173 /my_mall/home/address/ajaxjson?Id=35
INFO: [ app_begin ] --START--
INFO: Run Behavior\ReadHtmlCacheBehavior [ RunTime:0.000000s ]
INFO: [ app_begin ] --END-- [ RunTime:0.000000s ]

[ 2017-12-31T12:35:15+08:00 ] 113.246.84.173 /my_mall/home/address/ajaxjson?Id=35
INFO: [ app_begin ] --START--
INFO: Run Behavior\ReadHtmlCacheBehavior [ RunTime:0.000000s ]
INFO: [ app_begin ] --END-- [ RunTime:0.000000s ]
NOTIC: [8192] mysql_connect(): The mysql extension is deprecated and will be removed in the future: use mysqli or PDO instead D:\wwwroot\xiaonan\wwwroot\my_mall\ThinkPHP\Library\Think\Db\Driver\Mysql.class.php 第 52 行.
SQL: SHOW COLUMNS FROM `fw_address` [ RunTime:0.000000s ]
SQL: SELECT * FROM `fw_address` WHERE `Id` = 35 LIMIT 1   [ RunTime:0.000000s ]

[ 2017-12-31T12:35:38+08:00 ] 113.246.84.173 /my_mall/home/address/ajaxjson?Id=35
INFO: [ app_begin ] --START--
INFO: Run Behavior\ReadHtmlCacheBehavior [ RunTime:0.000000s ]
INFO: [ app_begin ] --END-- [ RunTime:0.000000s ]
NOTIC: [8192] mysql_connect(): The mysql extension is deprecated and will be removed in the future: use mysqli or PDO instead D:\wwwroot\xiaonan\wwwroot\my_mall\ThinkPHP\Library\Think\Db\Driver\Mysql.class.php 第 52 行.
SQL: SHOW COLUMNS FROM `fw_address` [ RunTime:0.000000s ]
SQL: SELECT * FROM `fw_address` WHERE `Id` = 35 LIMIT 1   [ RunTime:0.000000s ]

[ 2017-12-31T12:35:45+08:00 ] 113.246.84.173 /my_mall/home/address/update
INFO: [ app_begin ] --START--
INFO: Run Behavior\ReadHtmlCacheBehavior [ RunTime:0.015622s ]
INFO: [ app_begin ] --END-- [ RunTime:0.015622s ]
NOTIC: [8192] mysql_connect(): The mysql extension is deprecated and will be removed in the future: use mysqli or PDO instead D:\wwwroot\xiaonan\wwwroot\my_mall\ThinkPHP\Library\Think\Db\Driver\Mysql.class.php 第 52 行.
SQL: SHOW COLUMNS FROM `fw_address` [ RunTime:0.000000s ]
SQL: UPDATE `fw_address` SET `ismoren`='否' WHERE `user_Name` = 'test001' [ RunTime:0.000000s ]

[ 2017-12-31T12:36:19+08:00 ] 113.246.84.173 /my_mall/home/address/ajaxjson?Id=35
INFO: [ app_begin ] --START--
INFO: Run Behavior\ReadHtmlCacheBehavior [ RunTime:0.000000s ]
INFO: [ app_begin ] --END-- [ RunTime:0.000000s ]
NOTIC: [8192] mysql_connect(): The mysql extension is deprecated and will be removed in the future: use mysqli or PDO instead D:\wwwroot\xiaonan\wwwroot\my_mall\ThinkPHP\Library\Think\Db\Driver\Mysql.class.php 第 52 行.
SQL: SHOW COLUMNS FROM `fw_address` [ RunTime:0.000000s ]
SQL: SELECT * FROM `fw_address` WHERE `Id` = 35 LIMIT 1   [ RunTime:0.000000s ]

[ 2017-12-31T12:36:25+08:00 ] 113.246.84.173 /my_mall/home/address/update
INFO: [ app_begin ] --START--
INFO: Run Behavior\ReadHtmlCacheBehavior [ RunTime:0.000000s ]
INFO: [ app_begin ] --END-- [ RunTime:0.000000s ]
NOTIC: [8192] mysql_connect(): The mysql extension is deprecated and will be removed in the future: use mysqli or PDO instead D:\wwwroot\xiaonan\wwwroot\my_mall\ThinkPHP\Library\Think\Db\Driver\Mysql.class.php 第 52 行.
SQL: SHOW COLUMNS FROM `fw_address` [ RunTime:0.015623s ]
SQL: UPDATE `fw_address` SET `ismoren`='否' WHERE `user_Name` = 'test001' [ RunTime:0.000000s ]

[ 2017-12-31T12:37:10+08:00 ] 113.246.84.173 /my_mall/home/address/ajaxjson?Id=35
INFO: [ app_begin ] --START--
INFO: Run Behavior\ReadHtmlCacheBehavior [ RunTime:0.000000s ]
INFO: [ app_begin ] --END-- [ RunTime:0.000000s ]
NOTIC: [8192] mysql_connect(): The mysql extension is deprecated and will be removed in the future: use mysqli or PDO instead D:\wwwroot\xiaonan\wwwroot\my_mall\ThinkPHP\Library\Think\Db\Driver\Mysql.class.php 第 52 行.
SQL: SHOW COLUMNS FROM `fw_address` [ RunTime:0.000000s ]
SQL: SELECT * FROM `fw_address` WHERE `Id` = 35 LIMIT 1   [ RunTime:0.000000s ]

[ 2017-12-31T12:37:14+08:00 ] 113.246.84.173 /my_mall/home/address/update
INFO: [ app_begin ] --START--
INFO: Run Behavior\ReadHtmlCacheBehavior [ RunTime:0.000000s ]
INFO: [ app_begin ] --END-- [ RunTime:0.000000s ]
NOTIC: [8192] mysql_connect(): The mysql extension is deprecated and will be removed in the future: use mysqli or PDO instead D:\wwwroot\xiaonan\wwwroot\my_mall\ThinkPHP\Library\Think\Db\Driver\Mysql.class.php 第 52 行.
SQL: SHOW COLUMNS FROM `fw_address` [ RunTime:0.000000s ]
SQL: SELECT COUNT(*) AS tp_count FROM `fw_address` WHERE `user_Name` = 'test001' LIMIT 1   [ RunTime:0.000000s ]
SQL: SELECT * FROM `fw_address` WHERE `user_Name` = 'test001' ORDER BY Id desc LIMIT 0,5   [ RunTime:0.000000s ]
INFO: [ view_parse ] --START--
INFO: [ template_filter ] --START--
INFO: Run Behavior\ContentReplaceBehavior [ RunTime:0.000000s ]
INFO: [ template_filter ] --END-- [ RunTime:0.000000s ]
INFO: Run Behavior\ParseTemplateBehavior [ RunTime:0.000000s ]
INFO: [ view_parse ] --END-- [ RunTime:0.000000s ]
INFO: [ view_filter ] --START--
INFO: Run Behavior\WriteHtmlCacheBehavior [ RunTime:0.015622s ]
INFO: [ view_filter ] --END-- [ RunTime:0.015622s ]
INFO: [ app_end ] --START--
INFO: Run Behavior\ShowPageTraceBehavior [ RunTime:0.000000s ]
INFO: [ app_end ] --END-- [ RunTime:0.000000s ]

[ 2017-12-31T12:37:15+08:00 ] 113.246.84.173 /my_mall/home/address/update
INFO: [ app_begin ] --START--
INFO: Run Behavior\ReadHtmlCacheBehavior [ RunTime:0.000000s ]
INFO: [ app_begin ] --END-- [ RunTime:0.000000s ]
NOTIC: [8192] mysql_connect(): The mysql extension is deprecated and will be removed in the future: use mysqli or PDO instead D:\wwwroot\xiaonan\wwwroot\my_mall\ThinkPHP\Library\Think\Db\Driver\Mysql.class.php 第 52 行.
SQL: SHOW COLUMNS FROM `fw_address` [ RunTime:0.000000s ]
SQL: SELECT COUNT(*) AS tp_count FROM `fw_address` WHERE `user_Name` = 'test001' LIMIT 1   [ RunTime:0.000000s ]
SQL: SELECT * FROM `fw_address` WHERE `user_Name` = 'test001' ORDER BY Id desc LIMIT 0,5   [ RunTime:0.000000s ]
INFO: [ view_parse ] --START--
INFO: [ template_filter ] --START--
INFO: Run Behavior\ContentReplaceBehavior [ RunTime:0.000000s ]
INFO: [ template_filter ] --END-- [ RunTime:0.000000s ]
INFO: Run Behavior\ParseTemplateBehavior [ RunTime:0.015622s ]
INFO: [ view_parse ] --END-- [ RunTime:0.015622s ]
INFO: [ view_filter ] --START--
INFO: Run Behavior\WriteHtmlCacheBehavior [ RunTime:0.000000s ]
INFO: [ view_filter ] --END-- [ RunTime:0.000000s ]
INFO: [ app_end ] --START--
INFO: Run Behavior\ShowPageTraceBehavior [ RunTime:0.000000s ]
INFO: [ app_end ] --END-- [ RunTime:0.000000s ]

[ 2017-12-31T12:37:17+08:00 ] 113.246.84.173 /my_mall/home/address/ajaxjson?Id=35
INFO: [ app_begin ] --START--
INFO: Run Behavior\ReadHtmlCacheBehavior [ RunTime:0.000000s ]
INFO: [ app_begin ] --END-- [ RunTime:0.000000s ]
NOTIC: [8192] mysql_connect(): The mysql extension is deprecated and will be removed in the future: use mysqli or PDO instead D:\wwwroot\xiaonan\wwwroot\my_mall\ThinkPHP\Library\Think\Db\Driver\Mysql.class.php 第 52 行.
SQL: SHOW COLUMNS FROM `fw_address` [ RunTime:0.000000s ]
SQL: SELECT * FROM `fw_address` WHERE `Id` = 35 LIMIT 1   [ RunTime:0.000000s ]

[ 2017-12-31T12:38:22+08:00 ] 113.246.84.173 /my_mall/home/address/ajaxjson?Id=35
INFO: [ app_begin ] --START--
INFO: Run Behavior\ReadHtmlCacheBehavior [ RunTime:0.000000s ]
INFO: [ app_begin ] --END-- [ RunTime:0.000000s ]
NOTIC: [8192] mysql_connect(): The mysql extension is deprecated and will be removed in the future: use mysqli or PDO instead D:\wwwroot\xiaonan\wwwroot\my_mall\ThinkPHP\Library\Think\Db\Driver\Mysql.class.php 第 52 行.
SQL: SHOW COLUMNS FROM `fw_address` [ RunTime:0.000000s ]
SQL: SELECT * FROM `fw_address` WHERE `Id` = 35 LIMIT 1   [ RunTime:0.000000s ]

[ 2017-12-31T12:38:24+08:00 ] 113.246.84.173 /my_mall/home/address/ajaxjson?Id=35
INFO: [ app_begin ] --START--
INFO: Run Behavior\ReadHtmlCacheBehavior [ RunTime:0.000000s ]
INFO: [ app_begin ] --END-- [ RunTime:0.015622s ]
NOTIC: [8192] mysql_connect(): The mysql extension is deprecated and will be removed in the future: use mysqli or PDO instead D:\wwwroot\xiaonan\wwwroot\my_mall\ThinkPHP\Library\Think\Db\Driver\Mysql.class.php 第 52 行.
SQL: SHOW COLUMNS FROM `fw_address` [ RunTime:0.000000s ]
SQL: SELECT * FROM `fw_address` WHERE `Id` = 35 LIMIT 1   [ RunTime:0.000000s ]

[ 2017-12-31T12:41:16+08:00 ] 113.246.84.173 /my_mall/home/address/update
INFO: [ app_begin ] --START--
INFO: Run Behavior\ReadHtmlCacheBehavior [ RunTime:0.000000s ]
INFO: [ app_begin ] --END-- [ RunTime:0.000000s ]
NOTIC: [8192] mysql_connect(): The mysql extension is deprecated and will be removed in the future: use mysqli or PDO instead D:\wwwroot\xiaonan\wwwroot\my_mall\ThinkPHP\Library\Think\Db\Driver\Mysql.class.php 第 52 行.
SQL: SHOW COLUMNS FROM `fw_address` [ RunTime:0.000000s ]
SQL: UPDATE `fw_address` SET `ismoren`='否' WHERE `user_Name` = 'test001' [ RunTime:0.000000s ]

[ 2017-12-31T12:41:20+08:00 ] 113.246.84.173 /my_mall/home/address/ajaxjson?Id=34
INFO: [ app_begin ] --START--
INFO: Run Behavior\ReadHtmlCacheBehavior [ RunTime:0.000000s ]
INFO: [ app_begin ] --END-- [ RunTime:0.000000s ]
NOTIC: [8192] mysql_connect(): The mysql extension is deprecated and will be removed in the future: use mysqli or PDO instead D:\wwwroot\xiaonan\wwwroot\my_mall\ThinkPHP\Library\Think\Db\Driver\Mysql.class.php 第 52 行.
SQL: SHOW COLUMNS FROM `fw_address` [ RunTime:0.000000s ]
SQL: SELECT * FROM `fw_address` WHERE `Id` = 34 LIMIT 1   [ RunTime:0.000000s ]

[ 2017-12-31T12:41:23+08:00 ] 113.246.84.173 /my_mall/home/address/ajaxjson?Id=35
INFO: [ app_begin ] --START--
INFO: Run Behavior\ReadHtmlCacheBehavior [ RunTime:0.000000s ]
INFO: [ app_begin ] --END-- [ RunTime:0.000000s ]
NOTIC: [8192] mysql_connect(): The mysql extension is deprecated and will be removed in the future: use mysqli or PDO instead D:\wwwroot\xiaonan\wwwroot\my_mall\ThinkPHP\Library\Think\Db\Driver\Mysql.class.php 第 52 行.
SQL: SHOW COLUMNS FROM `fw_address` [ RunTime:0.000000s ]
SQL: SELECT * FROM `fw_address` WHERE `Id` = 35 LIMIT 1   [ RunTime:0.000000s ]

[ 2017-12-31T12:41:28+08:00 ] 113.246.84.173 /my_mall/home/address/update
INFO: [ app_begin ] --START--
INFO: Run Behavior\ReadHtmlCacheBehavior [ RunTime:0.000000s ]
INFO: [ app_begin ] --END-- [ RunTime:0.000000s ]
NOTIC: [8192] mysql_connect(): The mysql extension is deprecated and will be removed in the future: use mysqli or PDO instead D:\wwwroot\xiaonan\wwwroot\my_mall\ThinkPHP\Library\Think\Db\Driver\Mysql.class.php 第 52 行.
SQL: SHOW COLUMNS FROM `fw_address` [ RunTime:0.000000s ]
SQL: UPDATE `fw_address` SET `ismoren`='否' WHERE `user_Name` = 'test001' [ RunTime:0.000000s ]

[ 2017-12-31T12:41:31+08:00 ] 113.246.84.173 /my_mall/home/address/ajaxjson?Id=36
INFO: [ app_begin ] --START--
INFO: Run Behavior\ReadHtmlCacheBehavior [ RunTime:0.000000s ]
INFO: [ app_begin ] --END-- [ RunTime:0.000000s ]
NOTIC: [8192] mysql_connect(): The mysql extension is deprecated and will be removed in the future: use mysqli or PDO instead D:\wwwroot\xiaonan\wwwroot\my_mall\ThinkPHP\Library\Think\Db\Driver\Mysql.class.php 第 52 行.
SQL: SHOW COLUMNS FROM `fw_address` [ RunTime:0.000000s ]
SQL: SELECT * FROM `fw_address` WHERE `Id` = 36 LIMIT 1   [ RunTime:0.000000s ]

[ 2017-12-31T12:41:35+08:00 ] 113.246.84.173 /my_mall/home/address/update
INFO: [ app_begin ] --START--
INFO: Run Behavior\ReadHtmlCacheBehavior [ RunTime:0.000000s ]
INFO: [ app_begin ] --END-- [ RunTime:0.000000s ]
NOTIC: [8192] mysql_connect(): The mysql extension is deprecated and will be removed in the future: use mysqli or PDO instead D:\wwwroot\xiaonan\wwwroot\my_mall\ThinkPHP\Library\Think\Db\Driver\Mysql.class.php 第 52 行.
SQL: SHOW COLUMNS FROM `fw_address` [ RunTime:0.000000s ]
SQL: UPDATE `fw_address` SET `ismoren`='否' WHERE `user_Name` = 'test001' [ RunTime:0.000000s ]

[ 2017-12-31T12:42:05+08:00 ] 113.246.84.173 /my_mall/home/address/ajaxjson?Id=34
INFO: [ app_begin ] --START--
INFO: Run Behavior\ReadHtmlCacheBehavior [ RunTime:0.000000s ]
INFO: [ app_begin ] --END-- [ RunTime:0.000000s ]
NOTIC: [8192] mysql_connect(): The mysql extension is deprecated and will be removed in the future: use mysqli or PDO instead D:\wwwroot\xiaonan\wwwroot\my_mall\ThinkPHP\Library\Think\Db\Driver\Mysql.class.php 第 52 行.
SQL: SHOW COLUMNS FROM `fw_address` [ RunTime:0.000000s ]
SQL: SELECT * FROM `fw_address` WHERE `Id` = 34 LIMIT 1   [ RunTime:0.000000s ]

[ 2017-12-31T12:42:10+08:00 ] 113.246.84.173 /my_mall/home/address/ajaxjson?Id=35
INFO: [ app_begin ] --START--
INFO: Run Behavior\ReadHtmlCacheBehavior [ RunTime:0.000000s ]
INFO: [ app_begin ] --END-- [ RunTime:0.000000s ]
NOTIC: [8192] mysql_connect(): The mysql extension is deprecated and will be removed in the future: use mysqli or PDO instead D:\wwwroot\xiaonan\wwwroot\my_mall\ThinkPHP\Library\Think\Db\Driver\Mysql.class.php 第 52 行.
SQL: SHOW COLUMNS FROM `fw_address` [ RunTime:0.015622s ]
SQL: SELECT * FROM `fw_address` WHERE `Id` = 35 LIMIT 1   [ RunTime:0.000000s ]

[ 2017-12-31T12:42:12+08:00 ] 113.246.84.173 /my_mall/home/address/update
INFO: [ app_begin ] --START--
INFO: Run Behavior\ReadHtmlCacheBehavior [ RunTime:0.000000s ]
INFO: [ app_begin ] --END-- [ RunTime:0.000000s ]
NOTIC: [8192] mysql_connect(): The mysql extension is deprecated and will be removed in the future: use mysqli or PDO instead D:\wwwroot\xiaonan\wwwroot\my_mall\ThinkPHP\Library\Think\Db\Driver\Mysql.class.php 第 52 行.
SQL: SHOW COLUMNS FROM `fw_address` [ RunTime:0.000000s ]
SQL: UPDATE `fw_address` SET `ismoren`='否' WHERE `user_Name` = 'test001' [ RunTime:0.000000s ]

[ 2017-12-31T12:48:27+08:00 ] 113.246.84.173 /my_mall/home/address/ajaxjson?Id=34
INFO: [ app_begin ] --START--
INFO: Run Behavior\ReadHtmlCacheBehavior [ RunTime:0.000000s ]
INFO: [ app_begin ] --END-- [ RunTime:0.000000s ]
NOTIC: [8192] mysql_connect(): The mysql extension is deprecated and will be removed in the future: use mysqli or PDO instead D:\wwwroot\xiaonan\wwwroot\my_mall\ThinkPHP\Library\Think\Db\Driver\Mysql.class.php 第 52 行.
SQL: SHOW COLUMNS FROM `fw_address` [ RunTime:0.015622s ]
SQL: SELECT * FROM `fw_address` WHERE `Id` = 34 LIMIT 1   [ RunTime:0.000000s ]

[ 2017-12-31T12:48:29+08:00 ] 113.246.84.173 /my_mall/home/address/ajaxjson?Id=35
INFO: [ app_begin ] --START--
INFO: Run Behavior\ReadHtmlCacheBehavior [ RunTime:0.015622s ]
INFO: [ app_begin ] --END-- [ RunTime:0.015622s ]
NOTIC: [8192] mysql_connect(): The mysql extension is deprecated and will be removed in the future: use mysqli or PDO instead D:\wwwroot\xiaonan\wwwroot\my_mall\ThinkPHP\Library\Think\Db\Driver\Mysql.class.php 第 52 行.
SQL: SHOW COLUMNS FROM `fw_address` [ RunTime:0.000000s ]
SQL: SELECT * FROM `fw_address` WHERE `Id` = 35 LIMIT 1   [ RunTime:0.000000s ]

[ 2017-12-31T12:48:30+08:00 ] 113.246.84.173 /my_mall/home/address/ajaxjson?Id=35
INFO: [ app_begin ] --START--
INFO: Run Behavior\ReadHtmlCacheBehavior [ RunTime:0.000000s ]
INFO: [ app_begin ] --END-- [ RunTime:0.000000s ]
NOTIC: [8192] mysql_connect(): The mysql extension is deprecated and will be removed in the future: use mysqli or PDO instead D:\wwwroot\xiaonan\wwwroot\my_mall\ThinkPHP\Library\Think\Db\Driver\Mysql.class.php 第 52 行.
SQL: SHOW COLUMNS FROM `fw_address` [ RunTime:0.000000s ]
SQL: SELECT * FROM `fw_address` WHERE `Id` = 35 LIMIT 1   [ RunTime:0.000000s ]

[ 2017-12-31T12:48:35+08:00 ] 113.246.84.173 /my_mall/home/address/update
INFO: [ app_begin ] --START--
INFO: Run Behavior\ReadHtmlCacheBehavior [ RunTime:0.000000s ]
INFO: [ app_begin ] --END-- [ RunTime:0.000000s ]
NOTIC: [8192] mysql_connect(): The mysql extension is deprecated and will be removed in the future: use mysqli or PDO instead D:\wwwroot\xiaonan\wwwroot\my_mall\ThinkPHP\Library\Think\Db\Driver\Mysql.class.php 第 52 行.
SQL: SHOW COLUMNS FROM `fw_address` [ RunTime:0.000000s ]
SQL: UPDATE `fw_address` SET `ismoren`='否' WHERE `user_Name` = 'test001' [ RunTime:0.000000s ]

[ 2017-12-31T12:54:49+08:00 ] 113.246.84.173 /my_mall/home/address/ajaxjson?Id=35
INFO: [ app_begin ] --START--
INFO: Run Behavior\ReadHtmlCacheBehavior [ RunTime:0.000000s ]
INFO: [ app_begin ] --END-- [ RunTime:0.000000s ]
NOTIC: [8192] mysql_connect(): The mysql extension is deprecated and will be removed in the future: use mysqli or PDO instead D:\wwwroot\xiaonan\wwwroot\my_mall\ThinkPHP\Library\Think\Db\Driver\Mysql.class.php 第 52 行.
SQL: SHOW COLUMNS FROM `fw_address` [ RunTime:0.000000s ]
SQL: SELECT * FROM `fw_address` WHERE `Id` = 35 LIMIT 1   [ RunTime:0.000000s ]

[ 2017-12-31T12:54:55+08:00 ] 113.246.84.173 /my_mall/home/address/update
INFO: [ app_begin ] --START--
INFO: Run Behavior\ReadHtmlCacheBehavior [ RunTime:0.000000s ]
INFO: [ app_begin ] --END-- [ RunTime:0.000000s ]
NOTIC: [8192] mysql_connect(): The mysql extension is deprecated and will be removed in the future: use mysqli or PDO instead D:\wwwroot\xiaonan\wwwroot\my_mall\ThinkPHP\Library\Think\Db\Driver\Mysql.class.php 第 52 行.
SQL: SHOW COLUMNS FROM `fw_address` [ RunTime:0.000000s ]
SQL: UPDATE `fw_address` SET `ismoren`='否' WHERE `user_Name` = 'test001' [ RunTime:0.000000s ]

[ 2017-12-31T13:03:28+08:00 ] 113.246.84.173 /my_mall/home/address/ajaxjson?Id=35
INFO: [ app_begin ] --START--
INFO: Run Behavior\ReadHtmlCacheBehavior [ RunTime:0.000000s ]
INFO: [ app_begin ] --END-- [ RunTime:0.000000s ]
NOTIC: [8192] mysql_connect(): The mysql extension is deprecated and will be removed in the future: use mysqli or PDO instead D:\wwwroot\xiaonan\wwwroot\my_mall\ThinkPHP\Library\Think\Db\Driver\Mysql.class.php 第 52 行.
SQL: SHOW COLUMNS FROM `fw_address` [ RunTime:0.015622s ]
SQL: SELECT * FROM `fw_address` WHERE `Id` = 35 LIMIT 1   [ RunTime:0.000000s ]

[ 2017-12-31T13:03:32+08:00 ] 113.246.84.173 /my_mall/home/address/update
INFO: [ app_begin ] --START--
INFO: Run Behavior\ReadHtmlCacheBehavior [ RunTime:0.000000s ]
INFO: [ app_begin ] --END-- [ RunTime:0.000000s ]
NOTIC: [8192] mysql_connect(): The mysql extension is deprecated and will be removed in the future: use mysqli or PDO instead D:\wwwroot\xiaonan\wwwroot\my_mall\ThinkPHP\Library\Think\Db\Driver\Mysql.class.php 第 52 行.
SQL: SHOW COLUMNS FROM `fw_address` [ RunTime:0.000000s ]
SQL: UPDATE `fw_address` SET `ismoren`='否' WHERE `user_Name` = 'test001' [ RunTime:0.000000s ]
SQL: UPDATE `fw_address` SET `name`='第二次',`address_province`='河北省',`address_city`='张家口市',`address_county`='宣化区',`address_info`='但是',`phonenumber`='15974066068',`postcode`='420058',`ismoren`='是' WHERE `Id` = 35 [ RunTime:0.000000s ]

[ 2017-12-31T13:03:44+08:00 ] 113.246.84.173 /my_mall/home/address/ajaxjson?Id=35
INFO: [ app_begin ] --START--
INFO: Run Behavior\ReadHtmlCacheBehavior [ RunTime:0.000000s ]
INFO: [ app_begin ] --END-- [ RunTime:0.000000s ]
NOTIC: [8192] mysql_connect(): The mysql extension is deprecated and will be removed in the future: use mysqli or PDO instead D:\wwwroot\xiaonan\wwwroot\my_mall\ThinkPHP\Library\Think\Db\Driver\Mysql.class.php 第 52 行.
SQL: SHOW COLUMNS FROM `fw_address` [ RunTime:0.000000s ]
SQL: SELECT * FROM `fw_address` WHERE `Id` = 35 LIMIT 1   [ RunTime:0.000000s ]

[ 2017-12-31T13:03:48+08:00 ] 113.246.84.173 /my_mall/home/address/update
INFO: [ app_begin ] --START--
INFO: Run Behavior\ReadHtmlCacheBehavior [ RunTime:0.000000s ]
INFO: [ app_begin ] --END-- [ RunTime:0.000000s ]
NOTIC: [8192] mysql_connect(): The mysql extension is deprecated and will be removed in the future: use mysqli or PDO instead D:\wwwroot\xiaonan\wwwroot\my_mall\ThinkPHP\Library\Think\Db\Driver\Mysql.class.php 第 52 行.
SQL: SHOW COLUMNS FROM `fw_address` [ RunTime:0.000000s ]
SQL: SELECT COUNT(*) AS tp_count FROM `fw_address` WHERE `user_Name` = 'test001' LIMIT 1   [ RunTime:0.000000s ]
SQL: SELECT * FROM `fw_address` WHERE `user_Name` = 'test001' ORDER BY Id desc LIMIT 0,5   [ RunTime:0.000000s ]
INFO: [ view_parse ] --START--
INFO: [ template_filter ] --START--
INFO: Run Behavior\ContentReplaceBehavior [ RunTime:0.000000s ]
INFO: [ template_filter ] --END-- [ RunTime:0.000000s ]
INFO: Run Behavior\ParseTemplateBehavior [ RunTime:0.015622s ]
INFO: [ view_parse ] --END-- [ RunTime:0.015622s ]
INFO: [ view_filter ] --START--
INFO: Run Behavior\WriteHtmlCacheBehavior [ RunTime:0.000000s ]
INFO: [ view_filter ] --END-- [ RunTime:0.000000s ]
INFO: [ app_end ] --START--
INFO: Run Behavior\ShowPageTraceBehavior [ RunTime:0.000000s ]
INFO: [ app_end ] --END-- [ RunTime:0.000000s ]

[ 2017-12-31T13:03:51+08:00 ] 113.246.84.173 /my_mall/home/address/ajaxjson?Id=35
INFO: [ app_begin ] --START--
INFO: Run Behavior\ReadHtmlCacheBehavior [ RunTime:0.000000s ]
INFO: [ app_begin ] --END-- [ RunTime:0.000000s ]
NOTIC: [8192] mysql_connect(): The mysql extension is deprecated and will be removed in the future: use mysqli or PDO instead D:\wwwroot\xiaonan\wwwroot\my_mall\ThinkPHP\Library\Think\Db\Driver\Mysql.class.php 第 52 行.
SQL: SHOW COLUMNS FROM `fw_address` [ RunTime:0.000000s ]
SQL: SELECT * FROM `fw_address` WHERE `Id` = 35 LIMIT 1   [ RunTime:0.000000s ]

[ 2017-12-31T13:05:34+08:00 ] 113.246.84.173 /my_mall/home/address/ajaxjson?Id=34
INFO: [ app_begin ] --START--
INFO: Run Behavior\ReadHtmlCacheBehavior [ RunTime:0.000000s ]
INFO: [ app_begin ] --END-- [ RunTime:0.000000s ]
NOTIC: [8192] mysql_connect(): The mysql extension is deprecated and will be removed in the future: use mysqli or PDO instead D:\wwwroot\xiaonan\wwwroot\my_mall\ThinkPHP\Library\Think\Db\Driver\Mysql.class.php 第 52 行.
SQL: SHOW COLUMNS FROM `fw_address` [ RunTime:0.000000s ]
SQL: SELECT * FROM `fw_address` WHERE `Id` = 34 LIMIT 1   [ RunTime:0.000000s ]

[ 2017-12-31T13:05:36+08:00 ] 113.246.84.173 /my_mall/home/address/update
INFO: [ app_begin ] --START--
INFO: Run Behavior\ReadHtmlCacheBehavior [ RunTime:0.000000s ]
INFO: [ app_begin ] --END-- [ RunTime:0.000000s ]
NOTIC: [8192] mysql_connect(): The mysql extension is deprecated and will be removed in the future: use mysqli or PDO instead D:\wwwroot\xiaonan\wwwroot\my_mall\ThinkPHP\Library\Think\Db\Driver\Mysql.class.php 第 52 行.
SQL: SHOW COLUMNS FROM `fw_address` [ RunTime:0.000000s ]
SQL: UPDATE `fw_address` SET `ismoren`='否' WHERE `user_Name` = 'test001' [ RunTime:0.000000s ]
SQL: UPDATE `fw_address` SET `name`='测试',`address_province`='湖南省',`address_city`='长沙市',`address_county`='岳麓区',`address_info`='辰泰科技园',`phonenumber`='15974066068',`postcode`='425508',`ismoren`='是' WHERE `Id` = 34 [ RunTime:0.000000s ]

