[ 2017-12-21T10:55:48+08:00 ] 127.0.0.1 /my_mall/home/shopcar/updata
INFO: [ app_begin ] --START--
INFO: Run Behavior\ReadHtmlCacheBehavior [ RunTime:0.001114s ]
INFO: [ app_begin ] --END-- [ RunTime:0.002230s ]
INFO: [ view_parse ] --START--
INFO: Run Behavior\ParseTemplateBehavior [ RunTime:0.000791s ]
INFO: [ view_parse ] --END-- [ RunTime:0.000881s ]
INFO: [ view_filter ] --START--
INFO: Run Behavior\WriteHtmlCacheBehavior [ RunTime:0.000830s ]
INFO: [ view_filter ] --END-- [ RunTime:0.000901s ]
INFO: [ app_end ] --START--
INFO: Run Behavior\ShowPageTraceBehavior [ RunTime:0.000919s ]
INFO: [ app_end ] --END-- [ RunTime:0.000989s ]

[ 2017-12-21T10:55:49+08:00 ] 127.0.0.1 /my_mall/home/shopcar/updata
INFO: [ app_begin ] --START--
INFO: Run Behavior\ReadHtmlCacheBehavior [ RunTime:0.002842s ]
INFO: [ app_begin ] --END-- [ RunTime:0.004803s ]
INFO: [ view_parse ] --START--
INFO: Run Behavior\ParseTemplateBehavior [ RunTime:0.000721s ]
INFO: [ view_parse ] --END-- [ RunTime:0.000808s ]
INFO: [ view_filter ] --START--
INFO: Run Behavior\WriteHtmlCacheBehavior [ RunTime:0.000609s ]
INFO: [ view_filter ] --END-- [ RunTime:0.000674s ]
INFO: [ app_end ] --START--
INFO: Run Behavior\ShowPageTraceBehavior [ RunTime:0.000826s ]
INFO: [ app_end ] --END-- [ RunTime:0.000889s ]

[ 2017-12-21T10:55:49+08:00 ] 127.0.0.1 /my_mall/home/shopcar/updata
INFO: [ app_begin ] --START--
INFO: Run Behavior\ReadHtmlCacheBehavior [ RunTime:0.001092s ]
INFO: [ app_begin ] --END-- [ RunTime:0.003114s ]
INFO: [ view_parse ] --START--
INFO: Run Behavior\ParseTemplateBehavior [ RunTime:0.003064s ]
INFO: [ view_parse ] --END-- [ RunTime:0.003288s ]
INFO: [ view_filter ] --START--
INFO: Run Behavior\WriteHtmlCacheBehavior [ RunTime:0.001432s ]
INFO: [ view_filter ] --END-- [ RunTime:0.001505s ]
INFO: [ app_end ] --START--
INFO: Run Behavior\ShowPageTraceBehavior [ RunTime:0.000931s ]
INFO: [ app_end ] --END-- [ RunTime:0.001000s ]

[ 2017-12-21T10:55:50+08:00 ] 127.0.0.1 /my_mall/home/shopcar/updata
INFO: [ app_begin ] --START--
INFO: Run Behavior\ReadHtmlCacheBehavior [ RunTime:0.001012s ]
INFO: [ app_begin ] --END-- [ RunTime:0.002018s ]
INFO: [ view_parse ] --START--
INFO: Run Behavior\ParseTemplateBehavior [ RunTime:0.001619s ]
INFO: [ view_parse ] --END-- [ RunTime:0.001853s ]
INFO: [ view_filter ] --START--
INFO: Run Behavior\WriteHtmlCacheBehavior [ RunTime:0.000837s ]
INFO: [ view_filter ] --END-- [ RunTime:0.000933s ]
INFO: [ app_end ] --START--
INFO: Run Behavior\ShowPageTraceBehavior [ RunTime:0.000830s ]
INFO: [ app_end ] --END-- [ RunTime:0.000899s ]

[ 2017-12-21T10:55:50+08:00 ] 127.0.0.1 /my_mall/home/shopcar/updata
INFO: [ app_begin ] --START--
INFO: Run Behavior\ReadHtmlCacheBehavior [ RunTime:0.000954s ]
INFO: [ app_begin ] --END-- [ RunTime:0.001715s ]
INFO: [ view_parse ] --START--
INFO: Run Behavior\ParseTemplateBehavior [ RunTime:0.000614s ]
INFO: [ view_parse ] --END-- [ RunTime:0.000686s ]
INFO: [ view_filter ] --START--
INFO: Run Behavior\WriteHtmlCacheBehavior [ RunTime:0.000567s ]
INFO: [ view_filter ] --END-- [ RunTime:0.000619s ]
INFO: [ app_end ] --START--
INFO: Run Behavior\ShowPageTraceBehavior [ RunTime:0.000881s ]
INFO: [ app_end ] --END-- [ RunTime:0.000934s ]

[ 2017-12-21T10:55:50+08:00 ] 127.0.0.1 /my_mall/home/shopcar/updata
INFO: [ app_begin ] --START--
INFO: Run Behavior\ReadHtmlCacheBehavior [ RunTime:0.000949s ]
INFO: [ app_begin ] --END-- [ RunTime:0.001744s ]
INFO: [ view_parse ] --START--
INFO: Run Behavior\ParseTemplateBehavior [ RunTime:0.000596s ]
INFO: [ view_parse ] --END-- [ RunTime:0.000676s ]
INFO: [ view_filter ] --START--
INFO: Run Behavior\WriteHtmlCacheBehavior [ RunTime:0.000601s ]
INFO: [ view_filter ] --END-- [ RunTime:0.000655s ]
INFO: [ app_end ] --START--
INFO: Run Behavior\ShowPageTraceBehavior [ RunTime:0.000869s ]
INFO: [ app_end ] --END-- [ RunTime:0.000931s ]

[ 2017-12-21T10:55:51+08:00 ] 127.0.0.1 /my_mall/home/shopcar/updata
INFO: [ app_begin ] --START--
INFO: Run Behavior\ReadHtmlCacheBehavior [ RunTime:0.000922s ]
INFO: [ app_begin ] --END-- [ RunTime:0.001716s ]
INFO: [ view_parse ] --START--
INFO: Run Behavior\ParseTemplateBehavior [ RunTime:0.000644s ]
INFO: [ view_parse ] --END-- [ RunTime:0.000724s ]
INFO: [ view_filter ] --START--
INFO: Run Behavior\WriteHtmlCacheBehavior [ RunTime:0.000806s ]
INFO: [ view_filter ] --END-- [ RunTime:0.000874s ]
INFO: [ app_end ] --START--
INFO: Run Behavior\ShowPageTraceBehavior [ RunTime:0.000973s ]
INFO: [ app_end ] --END-- [ RunTime:0.001043s ]

[ 2017-12-21T10:55:51+08:00 ] 127.0.0.1 /my_mall/home/shopcar/updata
INFO: [ app_begin ] --START--
INFO: Run Behavior\ReadHtmlCacheBehavior [ RunTime:0.000888s ]
INFO: [ app_begin ] --END-- [ RunTime:0.001591s ]
INFO: [ view_parse ] --START--
INFO: Run Behavior\ParseTemplateBehavior [ RunTime:0.000694s ]
INFO: [ view_parse ] --END-- [ RunTime:0.000764s ]
INFO: [ view_filter ] --START--
INFO: Run Behavior\WriteHtmlCacheBehavior [ RunTime:0.000625s ]
INFO: [ view_filter ] --END-- [ RunTime:0.000676s ]
INFO: [ app_end ] --START--
INFO: Run Behavior\ShowPageTraceBehavior [ RunTime:0.000935s ]
INFO: [ app_end ] --END-- [ RunTime:0.000993s ]

[ 2017-12-21T10:55:52+08:00 ] 127.0.0.1 /my_mall/home/shopcar/updata
INFO: [ app_begin ] --START--
INFO: Run Behavior\ReadHtmlCacheBehavior [ RunTime:0.001051s ]
INFO: [ app_begin ] --END-- [ RunTime:0.001923s ]
INFO: [ view_parse ] --START--
INFO: Run Behavior\ParseTemplateBehavior [ RunTime:0.000642s ]
INFO: [ view_parse ] --END-- [ RunTime:0.000723s ]
INFO: [ view_filter ] --START--
INFO: Run Behavior\WriteHtmlCacheBehavior [ RunTime:0.000652s ]
INFO: [ view_filter ] --END-- [ RunTime:0.000702s ]
INFO: [ app_end ] --START--
INFO: Run Behavior\ShowPageTraceBehavior [ RunTime:0.000925s ]
INFO: [ app_end ] --END-- [ RunTime:0.001008s ]

[ 2017-12-21T10:56:07+08:00 ] 127.0.0.1 /my_mall/home/shopcar/updata
INFO: [ app_begin ] --START--
INFO: Run Behavior\ReadHtmlCacheBehavior [ RunTime:0.000904s ]
INFO: [ app_begin ] --END-- [ RunTime:0.001636s ]
INFO: [ view_parse ] --START--
INFO: Run Behavior\ParseTemplateBehavior [ RunTime:0.002446s ]
INFO: [ view_parse ] --END-- [ RunTime:0.002555s ]
INFO: [ view_filter ] --START--
INFO: Run Behavior\WriteHtmlCacheBehavior [ RunTime:0.002525s ]
INFO: [ view_filter ] --END-- [ RunTime:0.002632s ]
INFO: [ app_end ] --START--
INFO: Run Behavior\ShowPageTraceBehavior [ RunTime:0.000982s ]
INFO: [ app_end ] --END-- [ RunTime:0.001073s ]

[ 2017-12-21T10:56:08+08:00 ] 127.0.0.1 /my_mall/home/shopcar/updata
INFO: [ app_begin ] --START--
INFO: Run Behavior\ReadHtmlCacheBehavior [ RunTime:0.001158s ]
INFO: [ app_begin ] --END-- [ RunTime:0.002126s ]
INFO: [ view_parse ] --START--
INFO: Run Behavior\ParseTemplateBehavior [ RunTime:0.000805s ]
INFO: [ view_parse ] --END-- [ RunTime:0.000905s ]
INFO: [ view_filter ] --START--
INFO: Run Behavior\WriteHtmlCacheBehavior [ RunTime:0.000680s ]
INFO: [ view_filter ] --END-- [ RunTime:0.000756s ]
INFO: [ app_end ] --START--
INFO: Run Behavior\ShowPageTraceBehavior [ RunTime:0.000841s ]
INFO: [ app_end ] --END-- [ RunTime:0.000898s ]

[ 2017-12-21T10:56:09+08:00 ] 127.0.0.1 /my_mall/home/shopcar/updata
INFO: [ app_begin ] --START--
INFO: Run Behavior\ReadHtmlCacheBehavior [ RunTime:0.001980s ]
INFO: [ app_begin ] --END-- [ RunTime:0.003529s ]
INFO: [ view_parse ] --START--
INFO: Run Behavior\ParseTemplateBehavior [ RunTime:0.000866s ]
INFO: [ view_parse ] --END-- [ RunTime:0.000979s ]
INFO: [ view_filter ] --START--
INFO: Run Behavior\WriteHtmlCacheBehavior [ RunTime:0.001000s ]
INFO: [ view_filter ] --END-- [ RunTime:0.001100s ]
INFO: [ app_end ] --START--
INFO: Run Behavior\ShowPageTraceBehavior [ RunTime:0.001060s ]
INFO: [ app_end ] --END-- [ RunTime:0.001136s ]

[ 2017-12-21T10:58:17+08:00 ] 127.0.0.1 /my_mall/home/shopcar/updata
INFO: [ app_begin ] --START--
INFO: Run Behavior\ReadHtmlCacheBehavior [ RunTime:0.000895s ]
INFO: [ app_begin ] --END-- [ RunTime:0.002157s ]
INFO: [ view_parse ] --START--
INFO: Run Behavior\ParseTemplateBehavior [ RunTime:0.000849s ]
INFO: [ view_parse ] --END-- [ RunTime:0.000940s ]
INFO: [ view_filter ] --START--
INFO: Run Behavior\WriteHtmlCacheBehavior [ RunTime:0.000593s ]
INFO: [ view_filter ] --END-- [ RunTime:0.000655s ]
INFO: [ app_end ] --START--
INFO: Run Behavior\ShowPageTraceBehavior [ RunTime:0.001078s ]
INFO: [ app_end ] --END-- [ RunTime:0.001154s ]

[ 2017-12-21T10:59:18+08:00 ] 127.0.0.1 /my_mall/home/shopcar/updata
INFO: [ app_begin ] --START--
INFO: Run Behavior\ReadHtmlCacheBehavior [ RunTime:0.001443s ]
INFO: [ app_begin ] --END-- [ RunTime:0.002545s ]
INFO: [ view_parse ] --START--
INFO: Run Behavior\ParseTemplateBehavior [ RunTime:0.000590s ]
INFO: [ view_parse ] --END-- [ RunTime:0.000676s ]
INFO: [ view_filter ] --START--
INFO: Run Behavior\WriteHtmlCacheBehavior [ RunTime:0.000596s ]
INFO: [ view_filter ] --END-- [ RunTime:0.000657s ]
INFO: [ app_end ] --START--
INFO: Run Behavior\ShowPageTraceBehavior [ RunTime:0.001991s ]
INFO: [ app_end ] --END-- [ RunTime:0.002154s ]

[ 2017-12-21T10:59:21+08:00 ] 127.0.0.1 /my_mall/home/shopcar/updata
INFO: [ app_begin ] --START--
INFO: Run Behavior\ReadHtmlCacheBehavior [ RunTime:0.001315s ]
INFO: [ app_begin ] --END-- [ RunTime:0.002341s ]
INFO: [ view_parse ] --START--
INFO: Run Behavior\ParseTemplateBehavior [ RunTime:0.000901s ]
INFO: [ view_parse ] --END-- [ RunTime:0.001021s ]
INFO: [ view_filter ] --START--
INFO: Run Behavior\WriteHtmlCacheBehavior [ RunTime:0.000898s ]
INFO: [ view_filter ] --END-- [ RunTime:0.000986s ]
INFO: [ app_end ] --START--
INFO: Run Behavior\ShowPageTraceBehavior [ RunTime:0.004036s ]
INFO: [ app_end ] --END-- [ RunTime:0.004347s ]

[ 2017-12-21T10:59:22+08:00 ] 127.0.0.1 /my_mall/home/shopcar/updata
INFO: [ app_begin ] --START--
INFO: Run Behavior\ReadHtmlCacheBehavior [ RunTime:0.002190s ]
INFO: [ app_begin ] --END-- [ RunTime:0.002980s ]
INFO: [ view_parse ] --START--
INFO: Run Behavior\ParseTemplateBehavior [ RunTime:0.000646s ]
INFO: [ view_parse ] --END-- [ RunTime:0.000733s ]
INFO: [ view_filter ] --START--
INFO: Run Behavior\WriteHtmlCacheBehavior [ RunTime:0.000571s ]
INFO: [ view_filter ] --END-- [ RunTime:0.000622s ]
INFO: [ app_end ] --START--
INFO: Run Behavior\ShowPageTraceBehavior [ RunTime:0.000873s ]
INFO: [ app_end ] --END-- [ RunTime:0.000927s ]

[ 2017-12-21T10:59:55+08:00 ] 127.0.0.1 /my_mall/home/shopcar/updata
INFO: [ app_begin ] --START--
INFO: Run Behavior\ReadHtmlCacheBehavior [ RunTime:0.000939s ]
INFO: [ app_begin ] --END-- [ RunTime:0.001698s ]
INFO: [ view_parse ] --START--
INFO: Run Behavior\ParseTemplateBehavior [ RunTime:0.000744s ]
INFO: [ view_parse ] --END-- [ RunTime:0.000815s ]
INFO: [ view_filter ] --START--
INFO: Run Behavior\WriteHtmlCacheBehavior [ RunTime:0.000679s ]
INFO: [ view_filter ] --END-- [ RunTime:0.000732s ]
INFO: [ app_end ] --START--
INFO: Run Behavior\ShowPageTraceBehavior [ RunTime:0.000814s ]
INFO: [ app_end ] --END-- [ RunTime:0.000868s ]

[ 2017-12-21T10:59:56+08:00 ] 127.0.0.1 /my_mall/home/shopcar/updata
INFO: [ app_begin ] --START--
INFO: Run Behavior\ReadHtmlCacheBehavior [ RunTime:0.001396s ]
INFO: [ app_begin ] --END-- [ RunTime:0.002468s ]
INFO: [ view_parse ] --START--
INFO: Run Behavior\ParseTemplateBehavior [ RunTime:0.000512s ]
INFO: [ view_parse ] --END-- [ RunTime:0.000580s ]
INFO: [ view_filter ] --START--
INFO: Run Behavior\WriteHtmlCacheBehavior [ RunTime:0.000481s ]
INFO: [ view_filter ] --END-- [ RunTime:0.000531s ]
INFO: [ app_end ] --START--
INFO: Run Behavior\ShowPageTraceBehavior [ RunTime:0.001077s ]
INFO: [ app_end ] --END-- [ RunTime:0.001157s ]

[ 2017-12-21T11:02:35+08:00 ] 127.0.0.1 /my_mall/home/shopcar/update
INFO: [ app_begin ] --START--
INFO: Run Behavior\ReadHtmlCacheBehavior [ RunTime:0.002233s ]
INFO: [ app_begin ] --END-- [ RunTime:0.003025s ]
SQL: SHOW COLUMNS FROM `ms_shopcar` [ RunTime:0.027753s ]

[ 2017-12-21T11:03:12+08:00 ] 127.0.0.1 /my_mall/home/shopcar/update
INFO: [ app_begin ] --START--
INFO: Run Behavior\ReadHtmlCacheBehavior [ RunTime:0.001112s ]
INFO: [ app_begin ] --END-- [ RunTime:0.002581s ]
SQL: SHOW COLUMNS FROM `ms_shopcar` [ RunTime:0.030012s ]

[ 2017-12-21T11:03:59+08:00 ] 127.0.0.1 /my_mall/home/shopcar/update
INFO: [ app_begin ] --START--
INFO: Run Behavior\ReadHtmlCacheBehavior [ RunTime:0.000853s ]
INFO: [ app_begin ] --END-- [ RunTime:0.001574s ]
SQL: SHOW COLUMNS FROM `ms_shopcar` [ RunTime:0.030426s ]

[ 2017-12-21T11:04:50+08:00 ] 127.0.0.1 /my_mall/home/shopcar/update
INFO: [ app_begin ] --START--
INFO: Run Behavior\ReadHtmlCacheBehavior [ RunTime:0.000879s ]
INFO: [ app_begin ] --END-- [ RunTime:0.001575s ]
SQL: SHOW COLUMNS FROM `ms_shopcar` [ RunTime:0.010955s ]

[ 2017-12-21T11:05:22+08:00 ] 127.0.0.1 /my_mall/home/shopcar/update
INFO: [ app_begin ] --START--
INFO: Run Behavior\ReadHtmlCacheBehavior [ RunTime:0.000879s ]
INFO: [ app_begin ] --END-- [ RunTime:0.001691s ]
SQL: SHOW COLUMNS FROM `ms_shopcar` [ RunTime:0.032608s ]

[ 2017-12-21T11:06:33+08:00 ] 127.0.0.1 /my_mall/home/shopcar/update
INFO: [ app_begin ] --START--
INFO: Run Behavior\ReadHtmlCacheBehavior [ RunTime:0.001407s ]
INFO: [ app_begin ] --END-- [ RunTime:0.002291s ]
SQL: SHOW COLUMNS FROM `ms_shopcar` [ RunTime:0.010957s ]

[ 2017-12-21T11:07:50+08:00 ] 127.0.0.1 /my_mall/home/shopcar/update
INFO: [ app_begin ] --START--
INFO: Run Behavior\ReadHtmlCacheBehavior [ RunTime:0.000791s ]
INFO: [ app_begin ] --END-- [ RunTime:0.001513s ]
SQL: SHOW COLUMNS FROM `ms_shopcar` [ RunTime:0.016129s ]

[ 2017-12-21T11:07:53+08:00 ] 127.0.0.1 /my_mall/home/shopcar/update
INFO: [ app_begin ] --START--
INFO: Run Behavior\ReadHtmlCacheBehavior [ RunTime:0.000854s ]
INFO: [ app_begin ] --END-- [ RunTime:0.001707s ]
SQL: SHOW COLUMNS FROM `ms_shopcar` [ RunTime:0.020916s ]

[ 2017-12-21T11:07:55+08:00 ] 127.0.0.1 /my_mall/home/shopcar/update
INFO: [ app_begin ] --START--
INFO: Run Behavior\ReadHtmlCacheBehavior [ RunTime:0.000926s ]
INFO: [ app_begin ] --END-- [ RunTime:0.001704s ]
SQL: SHOW COLUMNS FROM `ms_shopcar` [ RunTime:0.031160s ]

[ 2017-12-21T11:07:57+08:00 ] 127.0.0.1 /my_mall/home/shopcar/update
INFO: [ app_begin ] --START--
INFO: Run Behavior\ReadHtmlCacheBehavior [ RunTime:0.000868s ]
INFO: [ app_begin ] --END-- [ RunTime:0.001580s ]
SQL: SHOW COLUMNS FROM `ms_shopcar` [ RunTime:0.029084s ]

[ 2017-12-21T11:08:25+08:00 ] 127.0.0.1 /my_mall/home/shopcar/update?pro_num=2&pro_Id=18
INFO: [ app_begin ] --START--
INFO: Run Behavior\ReadHtmlCacheBehavior [ RunTime:0.001533s ]
INFO: [ app_begin ] --END-- [ RunTime:0.002492s ]
SQL: SHOW COLUMNS FROM `ms_shopcar` [ RunTime:0.012540s ]

[ 2017-12-21T11:10:15+08:00 ] 127.0.0.1 /my_mall/home/shopcar/update/?pro_num=2&pro_Id=15
INFO: [ app_begin ] --START--
INFO: Run Behavior\ReadHtmlCacheBehavior [ RunTime:0.002113s ]
INFO: [ app_begin ] --END-- [ RunTime:0.002931s ]
SQL: SHOW COLUMNS FROM `ms_shopcar` [ RunTime:0.028537s ]

[ 2017-12-21T11:11:10+08:00 ] 127.0.0.1 /my_mall/Home/shopcar/update.html
INFO: [ app_begin ] --START--
INFO: Run Behavior\ReadHtmlCacheBehavior [ RunTime:0.001124s ]
INFO: [ app_begin ] --END-- [ RunTime:0.002019s ]
SQL: SHOW COLUMNS FROM `ms_shopcar` [ RunTime:0.019855s ]

[ 2017-12-21T11:12:54+08:00 ] 127.0.0.1 /my_mall/home/shopcar/update
INFO: [ app_begin ] --START--
INFO: Run Behavior\ReadHtmlCacheBehavior [ RunTime:0.000908s ]
INFO: [ app_begin ] --END-- [ RunTime:0.002212s ]
SQL: SHOW COLUMNS FROM `ms_shopcar` [ RunTime:0.010000s ]

[ 2017-12-21T11:13:00+08:00 ] 127.0.0.1 /my_mall/home/shopcar/update
INFO: [ app_begin ] --START--
INFO: Run Behavior\ReadHtmlCacheBehavior [ RunTime:0.002395s ]
INFO: [ app_begin ] --END-- [ RunTime:0.004863s ]
SQL: SHOW COLUMNS FROM `ms_shopcar` [ RunTime:0.012594s ]

[ 2017-12-21T11:13:02+08:00 ] 127.0.0.1 /my_mall/home/shopcar/update
INFO: [ app_begin ] --START--
INFO: Run Behavior\ReadHtmlCacheBehavior [ RunTime:0.001165s ]
INFO: [ app_begin ] --END-- [ RunTime:0.003303s ]
SQL: SHOW COLUMNS FROM `ms_shopcar` [ RunTime:0.011650s ]

[ 2017-12-21T11:15:20+08:00 ] 127.0.0.1 /my_mall/home/shopcar/update
INFO: [ app_begin ] --START--
INFO: Run Behavior\ReadHtmlCacheBehavior [ RunTime:0.001065s ]
INFO: [ app_begin ] --END-- [ RunTime:0.001923s ]
SQL: SHOW COLUMNS FROM `ms_shopcar` [ RunTime:0.017855s ]
SQL: UPDATE `ms_shopcar` SET `pro_num`=2 WHERE `user_Name` = 'qcx120' AND `pro_Id` = 18 [ RunTime:0.000500s ]

[ 2017-12-21T11:16:56+08:00 ] 127.0.0.1 /my_mall/home/shopcar/update
INFO: [ app_begin ] --START--
INFO: Run Behavior\ReadHtmlCacheBehavior [ RunTime:0.001051s ]
INFO: [ app_begin ] --END-- [ RunTime:0.001801s ]
SQL: SHOW COLUMNS FROM `ms_shopcar` [ RunTime:0.023266s ]
SQL: UPDATE `ms_shopcar` SET `pro_num`=3 WHERE `user_Name` = 'qcx120' AND `pro_Id` = 18 [ RunTime:0.002357s ]

[ 2017-12-21T11:20:48+08:00 ] 127.0.0.1 /my_mall/home/shopcar/update
INFO: [ app_begin ] --START--
INFO: Run Behavior\ReadHtmlCacheBehavior [ RunTime:0.001265s ]
INFO: [ app_begin ] --END-- [ RunTime:0.002098s ]
SQL: SHOW COLUMNS FROM `ms_shopcar` [ RunTime:0.020853s ]
SQL: UPDATE `ms_shopcar` SET `pro_num`=2 WHERE `user_Name` = 'qcx120' AND `pro_Id` = 15 [ RunTime:0.000428s ]

[ 2017-12-21T11:20:49+08:00 ] 127.0.0.1 /my_mall/home/shopcar/update
INFO: [ app_begin ] --START--
INFO: Run Behavior\ReadHtmlCacheBehavior [ RunTime:0.001202s ]
INFO: [ app_begin ] --END-- [ RunTime:0.002726s ]
SQL: SHOW COLUMNS FROM `ms_shopcar` [ RunTime:0.097467s ]
SQL: UPDATE `ms_shopcar` SET `pro_num`=1 WHERE `user_Name` = 'qcx120' AND `pro_Id` = 15 [ RunTime:0.000345s ]

[ 2017-12-21T11:20:58+08:00 ] 127.0.0.1 /my_mall/home/shopcar/update
INFO: [ app_begin ] --START--
INFO: Run Behavior\ReadHtmlCacheBehavior [ RunTime:0.001522s ]
INFO: [ app_begin ] --END-- [ RunTime:0.002803s ]
SQL: SHOW COLUMNS FROM `ms_shopcar` [ RunTime:0.016282s ]
SQL: UPDATE `ms_shopcar` SET `pro_num`=0 WHERE `user_Name` = 'qcx120' AND `pro_Id` = 15 [ RunTime:0.000720s ]

[ 2017-12-21T11:21:07+08:00 ] 127.0.0.1 /my_mall/home/shopcar/update
INFO: [ app_begin ] --START--
INFO: Run Behavior\ReadHtmlCacheBehavior [ RunTime:0.005464s ]
INFO: [ app_begin ] --END-- [ RunTime:0.006309s ]
SQL: SHOW COLUMNS FROM `ms_shopcar` [ RunTime:0.035021s ]
SQL: UPDATE `ms_shopcar` SET `pro_num`=1 WHERE `user_Name` = 'qcx120' AND `pro_Id` = 15 [ RunTime:0.000545s ]

[ 2017-12-21T12:19:33+08:00 ] 127.0.0.1 /my_mall/home/shopcar/update
INFO: [ app_begin ] --START--
INFO: Run Behavior\ReadHtmlCacheBehavior [ RunTime:0.002503s ]
INFO: [ app_begin ] --END-- [ RunTime:0.003572s ]
SQL: SHOW COLUMNS FROM `ms_shopcar` [ RunTime:0.027404s ]
SQL: UPDATE `ms_shopcar` SET `pro_num`=2 WHERE `user_Name` = 'qcx120' AND `pro_Id` = 15 [ RunTime:0.000819s ]

[ 2017-12-21T12:38:12+08:00 ] 127.0.0.1 /my_mall/home/shopcar/update
INFO: [ app_begin ] --START--
INFO: Run Behavior\ReadHtmlCacheBehavior [ RunTime:0.002217s ]
INFO: [ app_begin ] --END-- [ RunTime:0.003578s ]
SQL: SHOW COLUMNS FROM `ms_shopcar` [ RunTime:0.038221s ]
SQL: UPDATE `ms_shopcar` SET `pro_num`=3 WHERE `user_Name` = 'qcx120' AND `pro_Id` = 15 [ RunTime:0.001069s ]

[ 2017-12-21T12:39:39+08:00 ] 127.0.0.1 /my_mall/home/shopcar/update
INFO: [ app_begin ] --START--
INFO: Run Behavior\ReadHtmlCacheBehavior [ RunTime:0.001728s ]
INFO: [ app_begin ] --END-- [ RunTime:0.002950s ]
SQL: SHOW COLUMNS FROM `ms_shopcar` [ RunTime:0.039702s ]
SQL: UPDATE `ms_shopcar` SET `pro_num`=2 WHERE `user_Name` = 'qcx120' AND `pro_Id` = 14 [ RunTime:0.001109s ]

[ 2017-12-21T12:39:42+08:00 ] 127.0.0.1 /my_mall/home/shopcar/update
INFO: [ app_begin ] --START--
INFO: Run Behavior\ReadHtmlCacheBehavior [ RunTime:0.001321s ]
INFO: [ app_begin ] --END-- [ RunTime:0.002921s ]
SQL: SHOW COLUMNS FROM `ms_shopcar` [ RunTime:0.031784s ]
SQL: UPDATE `ms_shopcar` SET `pro_num`=1 WHERE `user_Name` = 'qcx120' AND `pro_Id` = 14 [ RunTime:0.001152s ]

[ 2017-12-21T12:39:44+08:00 ] 127.0.0.1 /my_mall/home/shopcar/update
INFO: [ app_begin ] --START--
INFO: Run Behavior\ReadHtmlCacheBehavior [ RunTime:0.001082s ]
INFO: [ app_begin ] --END-- [ RunTime:0.003207s ]
SQL: SHOW COLUMNS FROM `ms_shopcar` [ RunTime:0.034836s ]
SQL: UPDATE `ms_shopcar` SET `pro_num`=2 WHERE `user_Name` = 'qcx120' AND `pro_Id` = 14 [ RunTime:0.000392s ]

[ 2017-12-21T12:39:55+08:00 ] 127.0.0.1 /my_mall/home/shopcar/update
INFO: [ app_begin ] --START--
INFO: Run Behavior\ReadHtmlCacheBehavior [ RunTime:0.001448s ]
INFO: [ app_begin ] --END-- [ RunTime:0.002693s ]
SQL: SHOW COLUMNS FROM `ms_shopcar` [ RunTime:0.023412s ]
SQL: UPDATE `ms_shopcar` SET `pro_num`=2 WHERE `user_Name` = 'qcx120' AND `pro_Id` = 15 [ RunTime:0.000634s ]

[ 2017-12-21T12:40:06+08:00 ] 127.0.0.1 /my_mall/home/shopcar/update
INFO: [ app_begin ] --START--
INFO: Run Behavior\ReadHtmlCacheBehavior [ RunTime:0.001971s ]
INFO: [ app_begin ] --END-- [ RunTime:0.004231s ]
SQL: SHOW COLUMNS FROM `ms_shopcar` [ RunTime:0.022408s ]
SQL: UPDATE `ms_shopcar` SET `pro_num`=2 WHERE `user_Name` = 'qcx120' AND `pro_Id` = 18 [ RunTime:0.002772s ]

[ 2017-12-21T13:02:02+08:00 ] 127.0.0.1 /my_mall/home/shopcar/update
INFO: [ app_begin ] --START--
INFO: Run Behavior\ReadHtmlCacheBehavior [ RunTime:0.001150s ]
INFO: [ app_begin ] --END-- [ RunTime:0.001950s ]
SQL: SHOW COLUMNS FROM `ms_shopcar` [ RunTime:0.028013s ]
SQL: UPDATE `ms_shopcar` SET `pro_num`=3 WHERE `user_Name` = 'qcx120' AND `pro_Id` = 14 [ RunTime:0.000536s ]

[ 2017-12-21T13:02:04+08:00 ] 127.0.0.1 /my_mall/home/shopcar/update
INFO: [ app_begin ] --START--
INFO: Run Behavior\ReadHtmlCacheBehavior [ RunTime:0.000874s ]
INFO: [ app_begin ] --END-- [ RunTime:0.001803s ]
SQL: SHOW COLUMNS FROM `ms_shopcar` [ RunTime:0.015342s ]
SQL: UPDATE `ms_shopcar` SET `pro_num`=2 WHERE `user_Name` = 'qcx120' AND `pro_Id` = 14 [ RunTime:0.003059s ]

[ 2017-12-21T15:18:04+08:00 ] 127.0.0.1 /my_mall/home/shopcar/update
INFO: [ app_begin ] --START--
INFO: Run Behavior\ReadHtmlCacheBehavior [ RunTime:0.001039s ]
INFO: [ app_begin ] --END-- [ RunTime:0.001896s ]
SQL: SHOW COLUMNS FROM `ms_shopcar` [ RunTime:0.029108s ]
SQL: UPDATE `ms_shopcar` SET `pro_num`=3 WHERE `user_Name` = 'qcx120' AND `pro_Id` = 14 [ RunTime:0.000598s ]

[ 2017-12-21T15:18:06+08:00 ] 127.0.0.1 /my_mall/home/shopcar/update
INFO: [ app_begin ] --START--
INFO: Run Behavior\ReadHtmlCacheBehavior [ RunTime:0.001030s ]
INFO: [ app_begin ] --END-- [ RunTime:0.001999s ]
SQL: SHOW COLUMNS FROM `ms_shopcar` [ RunTime:0.015984s ]
SQL: UPDATE `ms_shopcar` SET `pro_num`=4 WHERE `user_Name` = 'qcx120' AND `pro_Id` = 14 [ RunTime:0.000441s ]

[ 2017-12-21T15:18:07+08:00 ] 127.0.0.1 /my_mall/home/shopcar/update
INFO: [ app_begin ] --START--
INFO: Run Behavior\ReadHtmlCacheBehavior [ RunTime:0.001074s ]
INFO: [ app_begin ] --END-- [ RunTime:0.001911s ]
SQL: SHOW COLUMNS FROM `ms_shopcar` [ RunTime:0.010096s ]
SQL: UPDATE `ms_shopcar` SET `pro_num`=5 WHERE `user_Name` = 'qcx120' AND `pro_Id` = 14 [ RunTime:0.000417s ]

[ 2017-12-21T15:18:08+08:00 ] 127.0.0.1 /my_mall/home/shopcar/update
INFO: [ app_begin ] --START--
INFO: Run Behavior\ReadHtmlCacheBehavior [ RunTime:0.001008s ]
INFO: [ app_begin ] --END-- [ RunTime:0.002341s ]
SQL: SHOW COLUMNS FROM `ms_shopcar` [ RunTime:0.032180s ]
SQL: UPDATE `ms_shopcar` SET `pro_num`=6 WHERE `user_Name` = 'qcx120' AND `pro_Id` = 14 [ RunTime:0.000373s ]

[ 2017-12-21T15:18:09+08:00 ] 127.0.0.1 /my_mall/home/shopcar/update
INFO: [ app_begin ] --START--
INFO: Run Behavior\ReadHtmlCacheBehavior [ RunTime:0.002334s ]
INFO: [ app_begin ] --END-- [ RunTime:0.003333s ]
SQL: SHOW COLUMNS FROM `ms_shopcar` [ RunTime:0.034878s ]
SQL: UPDATE `ms_shopcar` SET `pro_num`=5 WHERE `user_Name` = 'qcx120' AND `pro_Id` = 14 [ RunTime:0.000468s ]

[ 2017-12-21T15:18:09+08:00 ] 127.0.0.1 /my_mall/home/shopcar/update
INFO: [ app_begin ] --START--
INFO: Run Behavior\ReadHtmlCacheBehavior [ RunTime:0.000949s ]
INFO: [ app_begin ] --END-- [ RunTime:0.001906s ]
SQL: SHOW COLUMNS FROM `ms_shopcar` [ RunTime:0.016440s ]
SQL: UPDATE `ms_shopcar` SET `pro_num`=4 WHERE `user_Name` = 'qcx120' AND `pro_Id` = 14 [ RunTime:0.000394s ]

[ 2017-12-21T15:18:09+08:00 ] 127.0.0.1 /my_mall/home/shopcar/update
INFO: [ app_begin ] --START--
INFO: Run Behavior\ReadHtmlCacheBehavior [ RunTime:0.001015s ]
INFO: [ app_begin ] --END-- [ RunTime:0.001886s ]
SQL: SHOW COLUMNS FROM `ms_shopcar` [ RunTime:0.011836s ]
SQL: UPDATE `ms_shopcar` SET `pro_num`=3 WHERE `user_Name` = 'qcx120' AND `pro_Id` = 14 [ RunTime:0.000378s ]

[ 2017-12-21T15:18:09+08:00 ] 127.0.0.1 /my_mall/home/shopcar/update
INFO: [ app_begin ] --START--
INFO: Run Behavior\ReadHtmlCacheBehavior [ RunTime:0.001023s ]
INFO: [ app_begin ] --END-- [ RunTime:0.003596s ]
SQL: SHOW COLUMNS FROM `ms_shopcar` [ RunTime:0.016181s ]
SQL: UPDATE `ms_shopcar` SET `pro_num`=2 WHERE `user_Name` = 'qcx120' AND `pro_Id` = 14 [ RunTime:0.000592s ]

[ 2017-12-21T15:18:10+08:00 ] 127.0.0.1 /my_mall/home/shopcar/update
INFO: [ app_begin ] --START--
INFO: Run Behavior\ReadHtmlCacheBehavior [ RunTime:0.001355s ]
INFO: [ app_begin ] --END-- [ RunTime:0.002622s ]
SQL: SHOW COLUMNS FROM `ms_shopcar` [ RunTime:0.018324s ]
SQL: UPDATE `ms_shopcar` SET `pro_num`=1 WHERE `user_Name` = 'qcx120' AND `pro_Id` = 14 [ RunTime:0.000814s ]

[ 2017-12-21T15:18:10+08:00 ] 127.0.0.1 /my_mall/home/shopcar/update
INFO: [ app_begin ] --START--
INFO: Run Behavior\ReadHtmlCacheBehavior [ RunTime:0.000956s ]
INFO: [ app_begin ] --END-- [ RunTime:0.001958s ]
SQL: SHOW COLUMNS FROM `ms_shopcar` [ RunTime:0.011340s ]
SQL: UPDATE `ms_shopcar` SET `pro_num`=2 WHERE `user_Name` = 'qcx120' AND `pro_Id` = 14 [ RunTime:0.000375s ]

[ 2017-12-21T15:18:11+08:00 ] 127.0.0.1 /my_mall/home/shopcar/update
INFO: [ app_begin ] --START--
INFO: Run Behavior\ReadHtmlCacheBehavior [ RunTime:0.002043s ]
INFO: [ app_begin ] --END-- [ RunTime:0.003130s ]
SQL: SHOW COLUMNS FROM `ms_shopcar` [ RunTime:0.011546s ]
SQL: UPDATE `ms_shopcar` SET `pro_num`=3 WHERE `user_Name` = 'qcx120' AND `pro_Id` = 14 [ RunTime:0.000899s ]

[ 2017-12-21T15:18:12+08:00 ] 127.0.0.1 /my_mall/home/shopcar/update
INFO: [ app_begin ] --START--
INFO: Run Behavior\ReadHtmlCacheBehavior [ RunTime:0.001658s ]
INFO: [ app_begin ] --END-- [ RunTime:0.003221s ]
SQL: SHOW COLUMNS FROM `ms_shopcar` [ RunTime:0.041079s ]
SQL: UPDATE `ms_shopcar` SET `pro_num`=4 WHERE `user_Name` = 'qcx120' AND `pro_Id` = 14 [ RunTime:0.000714s ]

[ 2017-12-21T15:18:12+08:00 ] 127.0.0.1 /my_mall/home/shopcar/update
INFO: [ app_begin ] --START--
INFO: Run Behavior\ReadHtmlCacheBehavior [ RunTime:0.001840s ]
INFO: [ app_begin ] --END-- [ RunTime:0.003427s ]
SQL: SHOW COLUMNS FROM `ms_shopcar` [ RunTime:0.025005s ]
SQL: UPDATE `ms_shopcar` SET `pro_num`=5 WHERE `user_Name` = 'qcx120' AND `pro_Id` = 14 [ RunTime:0.000699s ]

[ 2017-12-21T15:18:12+08:00 ] 127.0.0.1 /my_mall/home/shopcar/update
INFO: [ app_begin ] --START--
INFO: Run Behavior\ReadHtmlCacheBehavior [ RunTime:0.000912s ]
INFO: [ app_begin ] --END-- [ RunTime:0.001790s ]
SQL: SHOW COLUMNS FROM `ms_shopcar` [ RunTime:0.011544s ]
SQL: UPDATE `ms_shopcar` SET `pro_num`=6 WHERE `user_Name` = 'qcx120' AND `pro_Id` = 14 [ RunTime:0.000383s ]

[ 2017-12-21T15:18:13+08:00 ] 127.0.0.1 /my_mall/home/shopcar/update
INFO: [ app_begin ] --START--
INFO: Run Behavior\ReadHtmlCacheBehavior [ RunTime:0.000969s ]
INFO: [ app_begin ] --END-- [ RunTime:0.001899s ]
SQL: SHOW COLUMNS FROM `ms_shopcar` [ RunTime:0.032273s ]
SQL: UPDATE `ms_shopcar` SET `pro_num`=7 WHERE `user_Name` = 'qcx120' AND `pro_Id` = 14 [ RunTime:0.000399s ]

[ 2017-12-21T15:18:13+08:00 ] 127.0.0.1 /my_mall/home/shopcar/update
INFO: [ app_begin ] --START--
INFO: Run Behavior\ReadHtmlCacheBehavior [ RunTime:0.002961s ]
INFO: [ app_begin ] --END-- [ RunTime:0.005783s ]
SQL: SHOW COLUMNS FROM `ms_shopcar` [ RunTime:0.010491s ]
SQL: UPDATE `ms_shopcar` SET `pro_num`=8 WHERE `user_Name` = 'qcx120' AND `pro_Id` = 14 [ RunTime:0.000386s ]

[ 2017-12-21T15:18:13+08:00 ] 127.0.0.1 /my_mall/home/shopcar/update
INFO: [ app_begin ] --START--
INFO: Run Behavior\ReadHtmlCacheBehavior [ RunTime:0.000941s ]
INFO: [ app_begin ] --END-- [ RunTime:0.001906s ]
SQL: SHOW COLUMNS FROM `ms_shopcar` [ RunTime:0.011057s ]
SQL: UPDATE `ms_shopcar` SET `pro_num`=9 WHERE `user_Name` = 'qcx120' AND `pro_Id` = 14 [ RunTime:0.000376s ]

[ 2017-12-21T15:18:13+08:00 ] 127.0.0.1 /my_mall/home/shopcar/update
INFO: [ app_begin ] --START--
INFO: Run Behavior\ReadHtmlCacheBehavior [ RunTime:0.000959s ]
INFO: [ app_begin ] --END-- [ RunTime:0.001862s ]
SQL: SHOW COLUMNS FROM `ms_shopcar` [ RunTime:0.021796s ]
SQL: UPDATE `ms_shopcar` SET `pro_num`=10 WHERE `user_Name` = 'qcx120' AND `pro_Id` = 14 [ RunTime:0.000400s ]

[ 2017-12-21T15:18:14+08:00 ] 127.0.0.1 /my_mall/home/shopcar/update
INFO: [ app_begin ] --START--
INFO: Run Behavior\ReadHtmlCacheBehavior [ RunTime:0.001245s ]
INFO: [ app_begin ] --END-- [ RunTime:0.002372s ]
SQL: SHOW COLUMNS FROM `ms_shopcar` [ RunTime:0.087595s ]
SQL: UPDATE `ms_shopcar` SET `pro_num`=11 WHERE `user_Name` = 'qcx120' AND `pro_Id` = 14 [ RunTime:0.000385s ]

[ 2017-12-21T15:18:14+08:00 ] 127.0.0.1 /my_mall/home/shopcar/update
INFO: [ app_begin ] --START--
INFO: Run Behavior\ReadHtmlCacheBehavior [ RunTime:0.001224s ]
INFO: [ app_begin ] --END-- [ RunTime:0.002443s ]
SQL: SHOW COLUMNS FROM `ms_shopcar` [ RunTime:0.019726s ]
SQL: UPDATE `ms_shopcar` SET `pro_num`=12 WHERE `user_Name` = 'qcx120' AND `pro_Id` = 14 [ RunTime:0.000562s ]

[ 2017-12-21T15:18:14+08:00 ] 127.0.0.1 /my_mall/home/shopcar/update
INFO: [ app_begin ] --START--
INFO: Run Behavior\ReadHtmlCacheBehavior [ RunTime:0.001225s ]
INFO: [ app_begin ] --END-- [ RunTime:0.002403s ]
SQL: SHOW COLUMNS FROM `ms_shopcar` [ RunTime:0.015664s ]
SQL: UPDATE `ms_shopcar` SET `pro_num`=13 WHERE `user_Name` = 'qcx120' AND `pro_Id` = 14 [ RunTime:0.000572s ]

[ 2017-12-21T15:18:14+08:00 ] 127.0.0.1 /my_mall/home/shopcar/update
INFO: [ app_begin ] --START--
INFO: Run Behavior\ReadHtmlCacheBehavior [ RunTime:0.001221s ]
INFO: [ app_begin ] --END-- [ RunTime:0.002437s ]
SQL: SHOW COLUMNS FROM `ms_shopcar` [ RunTime:0.016217s ]
SQL: UPDATE `ms_shopcar` SET `pro_num`=14 WHERE `user_Name` = 'qcx120' AND `pro_Id` = 14 [ RunTime:0.000589s ]

[ 2017-12-21T15:18:14+08:00 ] 127.0.0.1 /my_mall/home/shopcar/update
INFO: [ app_begin ] --START--
INFO: Run Behavior\ReadHtmlCacheBehavior [ RunTime:0.001412s ]
INFO: [ app_begin ] --END-- [ RunTime:0.002635s ]
SQL: SHOW COLUMNS FROM `ms_shopcar` [ RunTime:0.015442s ]
SQL: UPDATE `ms_shopcar` SET `pro_num`=15 WHERE `user_Name` = 'qcx120' AND `pro_Id` = 14 [ RunTime:0.001577s ]

[ 2017-12-21T15:18:15+08:00 ] 127.0.0.1 /my_mall/home/shopcar/update
INFO: [ app_begin ] --START--
INFO: Run Behavior\ReadHtmlCacheBehavior [ RunTime:0.001261s ]
INFO: [ app_begin ] --END-- [ RunTime:0.002475s ]
SQL: SHOW COLUMNS FROM `ms_shopcar` [ RunTime:0.025471s ]
SQL: UPDATE `ms_shopcar` SET `pro_num`=16 WHERE `user_Name` = 'qcx120' AND `pro_Id` = 14 [ RunTime:0.000537s ]

[ 2017-12-21T15:18:15+08:00 ] 127.0.0.1 /my_mall/home/shopcar/update
INFO: [ app_begin ] --START--
INFO: Run Behavior\ReadHtmlCacheBehavior [ RunTime:0.001293s ]
INFO: [ app_begin ] --END-- [ RunTime:0.002522s ]
SQL: SHOW COLUMNS FROM `ms_shopcar` [ RunTime:0.019396s ]
SQL: UPDATE `ms_shopcar` SET `pro_num`=17 WHERE `user_Name` = 'qcx120' AND `pro_Id` = 14 [ RunTime:0.000486s ]

[ 2017-12-21T15:18:15+08:00 ] 127.0.0.1 /my_mall/home/shopcar/update
INFO: [ app_begin ] --START--
INFO: Run Behavior\ReadHtmlCacheBehavior [ RunTime:0.001331s ]
INFO: [ app_begin ] --END-- [ RunTime:0.002605s ]
SQL: SHOW COLUMNS FROM `ms_shopcar` [ RunTime:0.014499s ]
SQL: UPDATE `ms_shopcar` SET `pro_num`=18 WHERE `user_Name` = 'qcx120' AND `pro_Id` = 14 [ RunTime:0.000580s ]

[ 2017-12-21T15:18:15+08:00 ] 127.0.0.1 /my_mall/home/shopcar/update
INFO: [ app_begin ] --START--
INFO: Run Behavior\ReadHtmlCacheBehavior [ RunTime:0.001220s ]
INFO: [ app_begin ] --END-- [ RunTime:0.002482s ]
SQL: SHOW COLUMNS FROM `ms_shopcar` [ RunTime:0.018968s ]
SQL: UPDATE `ms_shopcar` SET `pro_num`=19 WHERE `user_Name` = 'qcx120' AND `pro_Id` = 14 [ RunTime:0.000496s ]

[ 2017-12-21T15:18:17+08:00 ] 127.0.0.1 /my_mall/home/shopcar/update
INFO: [ app_begin ] --START--
INFO: Run Behavior\ReadHtmlCacheBehavior [ RunTime:0.000916s ]
INFO: [ app_begin ] --END-- [ RunTime:0.001719s ]
SQL: SHOW COLUMNS FROM `ms_shopcar` [ RunTime:0.028364s ]
SQL: UPDATE `ms_shopcar` SET `pro_num`=18 WHERE `user_Name` = 'qcx120' AND `pro_Id` = 14 [ RunTime:0.000369s ]

[ 2017-12-21T15:18:17+08:00 ] 127.0.0.1 /my_mall/home/shopcar/update
INFO: [ app_begin ] --START--
INFO: Run Behavior\ReadHtmlCacheBehavior [ RunTime:0.001049s ]
INFO: [ app_begin ] --END-- [ RunTime:0.002061s ]
SQL: SHOW COLUMNS FROM `ms_shopcar` [ RunTime:0.016573s ]
SQL: UPDATE `ms_shopcar` SET `pro_num`=17 WHERE `user_Name` = 'qcx120' AND `pro_Id` = 14 [ RunTime:0.000426s ]

[ 2017-12-21T15:18:17+08:00 ] 127.0.0.1 /my_mall/home/shopcar/update
INFO: [ app_begin ] --START--
INFO: Run Behavior\ReadHtmlCacheBehavior [ RunTime:0.000957s ]
INFO: [ app_begin ] --END-- [ RunTime:0.001888s ]
SQL: SHOW COLUMNS FROM `ms_shopcar` [ RunTime:0.010760s ]
SQL: UPDATE `ms_shopcar` SET `pro_num`=16 WHERE `user_Name` = 'qcx120' AND `pro_Id` = 14 [ RunTime:0.000429s ]

[ 2017-12-21T15:18:17+08:00 ] 127.0.0.1 /my_mall/home/shopcar/update
INFO: [ app_begin ] --START--
INFO: Run Behavior\ReadHtmlCacheBehavior [ RunTime:0.000906s ]
INFO: [ app_begin ] --END-- [ RunTime:0.001797s ]
SQL: SHOW COLUMNS FROM `ms_shopcar` [ RunTime:0.010493s ]
SQL: UPDATE `ms_shopcar` SET `pro_num`=15 WHERE `user_Name` = 'qcx120' AND `pro_Id` = 14 [ RunTime:0.000450s ]

[ 2017-12-21T15:18:18+08:00 ] 127.0.0.1 /my_mall/home/shopcar/update
INFO: [ app_begin ] --START--
INFO: Run Behavior\ReadHtmlCacheBehavior [ RunTime:0.001846s ]
INFO: [ app_begin ] --END-- [ RunTime:0.003124s ]
SQL: SHOW COLUMNS FROM `ms_shopcar` [ RunTime:0.020354s ]
SQL: UPDATE `ms_shopcar` SET `pro_num`=14 WHERE `user_Name` = 'qcx120' AND `pro_Id` = 14 [ RunTime:0.000553s ]

[ 2017-12-21T15:18:18+08:00 ] 127.0.0.1 /my_mall/home/shopcar/update
INFO: [ app_begin ] --START--
INFO: Run Behavior\ReadHtmlCacheBehavior [ RunTime:0.002173s ]
INFO: [ app_begin ] --END-- [ RunTime:0.003672s ]
SQL: SHOW COLUMNS FROM `ms_shopcar` [ RunTime:0.021525s ]
SQL: UPDATE `ms_shopcar` SET `pro_num`=13 WHERE `user_Name` = 'qcx120' AND `pro_Id` = 14 [ RunTime:0.000530s ]

[ 2017-12-21T15:18:18+08:00 ] 127.0.0.1 /my_mall/home/shopcar/update
INFO: [ app_begin ] --START--
INFO: Run Behavior\ReadHtmlCacheBehavior [ RunTime:0.002360s ]
INFO: [ app_begin ] --END-- [ RunTime:0.003498s ]
SQL: SHOW COLUMNS FROM `ms_shopcar` [ RunTime:0.021409s ]
SQL: UPDATE `ms_shopcar` SET `pro_num`=12 WHERE `user_Name` = 'qcx120' AND `pro_Id` = 14 [ RunTime:0.000577s ]

[ 2017-12-21T15:18:18+08:00 ] 127.0.0.1 /my_mall/home/shopcar/update
INFO: [ app_begin ] --START--
INFO: Run Behavior\ReadHtmlCacheBehavior [ RunTime:0.001867s ]
INFO: [ app_begin ] --END-- [ RunTime:0.003453s ]
SQL: SHOW COLUMNS FROM `ms_shopcar` [ RunTime:0.020616s ]
SQL: UPDATE `ms_shopcar` SET `pro_num`=11 WHERE `user_Name` = 'qcx120' AND `pro_Id` = 14 [ RunTime:0.000550s ]

[ 2017-12-21T15:18:18+08:00 ] 127.0.0.1 /my_mall/home/shopcar/update
INFO: [ app_begin ] --START--
INFO: Run Behavior\ReadHtmlCacheBehavior [ RunTime:0.001459s ]
INFO: [ app_begin ] --END-- [ RunTime:0.002552s ]
SQL: SHOW COLUMNS FROM `ms_shopcar` [ RunTime:0.021504s ]
SQL: UPDATE `ms_shopcar` SET `pro_num`=10 WHERE `user_Name` = 'qcx120' AND `pro_Id` = 14 [ RunTime:0.000673s ]

[ 2017-12-21T15:18:19+08:00 ] 127.0.0.1 /my_mall/home/shopcar/update
INFO: [ app_begin ] --START--
INFO: Run Behavior\ReadHtmlCacheBehavior [ RunTime:0.002368s ]
INFO: [ app_begin ] --END-- [ RunTime:0.003234s ]
SQL: SHOW COLUMNS FROM `ms_shopcar` [ RunTime:0.027829s ]
SQL: UPDATE `ms_shopcar` SET `pro_num`=5 WHERE `user_Name` = 'qcx120' AND `pro_Id` = 14 [ RunTime:0.000500s ]

[ 2017-12-21T15:18:19+08:00 ] 127.0.0.1 /my_mall/home/shopcar/update
INFO: [ app_begin ] --START--
INFO: Run Behavior\ReadHtmlCacheBehavior [ RunTime:0.000946s ]
INFO: [ app_begin ] --END-- [ RunTime:0.001697s ]
SQL: SHOW COLUMNS FROM `ms_shopcar` [ RunTime:0.010457s ]
SQL: UPDATE `ms_shopcar` SET `pro_num`=4 WHERE `user_Name` = 'qcx120' AND `pro_Id` = 14 [ RunTime:0.000442s ]

[ 2017-12-21T15:18:19+08:00 ] 127.0.0.1 /my_mall/home/shopcar/update
INFO: [ app_begin ] --START--
INFO: Run Behavior\ReadHtmlCacheBehavior [ RunTime:0.002323s ]
INFO: [ app_begin ] --END-- [ RunTime:0.003117s ]
SQL: SHOW COLUMNS FROM `ms_shopcar` [ RunTime:0.010271s ]
SQL: UPDATE `ms_shopcar` SET `pro_num`=3 WHERE `user_Name` = 'qcx120' AND `pro_Id` = 14 [ RunTime:0.001569s ]

[ 2017-12-21T15:18:19+08:00 ] 127.0.0.1 /my_mall/home/shopcar/update
INFO: [ app_begin ] --START--
INFO: Run Behavior\ReadHtmlCacheBehavior [ RunTime:0.001684s ]
INFO: [ app_begin ] --END-- [ RunTime:0.003044s ]
SQL: SHOW COLUMNS FROM `ms_shopcar` [ RunTime:0.026406s ]
SQL: UPDATE `ms_shopcar` SET `pro_num`=2 WHERE `user_Name` = 'qcx120' AND `pro_Id` = 14 [ RunTime:0.001096s ]

[ 2017-12-21T15:18:20+08:00 ] 127.0.0.1 /my_mall/home/shopcar/update
INFO: [ app_begin ] --START--
INFO: Run Behavior\ReadHtmlCacheBehavior [ RunTime:0.001596s ]
INFO: [ app_begin ] --END-- [ RunTime:0.004199s ]
SQL: SHOW COLUMNS FROM `ms_shopcar` [ RunTime:0.026329s ]
SQL: UPDATE `ms_shopcar` SET `pro_num`=1 WHERE `user_Name` = 'qcx120' AND `pro_Id` = 14 [ RunTime:0.000946s ]

[ 2017-12-21T15:18:20+08:00 ] 127.0.0.1 /my_mall/home/shopcar/update
INFO: [ app_begin ] --START--
INFO: Run Behavior\ReadHtmlCacheBehavior [ RunTime:0.007227s ]
INFO: [ app_begin ] --END-- [ RunTime:0.009802s ]
SQL: SHOW COLUMNS FROM `ms_shopcar` [ RunTime:0.021533s ]
SQL: UPDATE `ms_shopcar` SET `pro_num`=0 WHERE `user_Name` = 'qcx120' AND `pro_Id` = 14 [ RunTime:0.000627s ]

[ 2017-12-21T15:36:07+08:00 ] 127.0.0.1 /my_mall/home/shopcar/update
INFO: [ app_begin ] --START--
INFO: Run Behavior\ReadHtmlCacheBehavior [ RunTime:0.003372s ]
INFO: [ app_begin ] --END-- [ RunTime:0.008377s ]
SQL: SHOW COLUMNS FROM `ms_shopcar` [ RunTime:0.018970s ]
SQL: UPDATE `ms_shopcar` SET `pro_num`=1 WHERE `user_Name` = 'qcx120' AND `pro_Id` = 12 [ RunTime:0.000442s ]

[ 2017-12-21T15:36:10+08:00 ] 127.0.0.1 /my_mall/home/shopcar/update
INFO: [ app_begin ] --START--
INFO: Run Behavior\ReadHtmlCacheBehavior [ RunTime:0.000749s ]
INFO: [ app_begin ] --END-- [ RunTime:0.001372s ]
SQL: SHOW COLUMNS FROM `ms_shopcar` [ RunTime:0.016415s ]
SQL: UPDATE `ms_shopcar` SET `pro_num`=0 WHERE `user_Name` = 'qcx120' AND `pro_Id` = 12 [ RunTime:0.000546s ]

[ 2017-12-21T15:36:10+08:00 ] 127.0.0.1 /my_mall/home/shopcar/update
INFO: [ app_begin ] --START--
INFO: Run Behavior\ReadHtmlCacheBehavior [ RunTime:0.001197s ]
INFO: [ app_begin ] --END-- [ RunTime:0.002155s ]
SQL: SHOW COLUMNS FROM `ms_shopcar` [ RunTime:0.017353s ]
SQL: UPDATE `ms_shopcar` SET `pro_num`=1 WHERE `user_Name` = 'qcx120' AND `pro_Id` = 12 [ RunTime:0.000504s ]

[ 2017-12-21T15:36:13+08:00 ] 127.0.0.1 /my_mall/home/shopcar/update
INFO: [ app_begin ] --START--
INFO: Run Behavior\ReadHtmlCacheBehavior [ RunTime:0.000993s ]
INFO: [ app_begin ] --END-- [ RunTime:0.001974s ]
SQL: SHOW COLUMNS FROM `ms_shopcar` [ RunTime:0.013691s ]
SQL: UPDATE `ms_shopcar` SET `pro_num`=0 WHERE `user_Name` = 'qcx120' AND `pro_Id` = 12 [ RunTime:0.000658s ]

[ 2017-12-21T15:36:14+08:00 ] 127.0.0.1 /my_mall/home/shopcar/update
INFO: [ app_begin ] --START--
INFO: Run Behavior\ReadHtmlCacheBehavior [ RunTime:0.001404s ]
INFO: [ app_begin ] --END-- [ RunTime:0.002439s ]
SQL: SHOW COLUMNS FROM `ms_shopcar` [ RunTime:0.013529s ]
SQL: UPDATE `ms_shopcar` SET `pro_num`=1 WHERE `user_Name` = 'qcx120' AND `pro_Id` = 12 [ RunTime:0.000442s ]

[ 2017-12-21T15:36:43+08:00 ] 127.0.0.1 /my_mall/home/shopcar/update
INFO: [ app_begin ] --START--
INFO: Run Behavior\ReadHtmlCacheBehavior [ RunTime:0.001252s ]
INFO: [ app_begin ] --END-- [ RunTime:0.002209s ]
SQL: SHOW COLUMNS FROM `ms_shopcar` [ RunTime:0.016889s ]
SQL: UPDATE `ms_shopcar` SET `pro_num`=2 WHERE `user_Name` = 'qcx120' AND `pro_Id` = 12 [ RunTime:0.000345s ]

[ 2017-12-21T15:37:37+08:00 ] 127.0.0.1 /my_mall/home/shopcar/update
INFO: [ app_begin ] --START--
INFO: Run Behavior\ReadHtmlCacheBehavior [ RunTime:0.000950s ]
INFO: [ app_begin ] --END-- [ RunTime:0.001766s ]
SQL: SHOW COLUMNS FROM `ms_shopcar` [ RunTime:0.012515s ]
SQL: UPDATE `ms_shopcar` SET `pro_num`=1 WHERE `user_Name` = 'qcx120' AND `Id` = 0 [ RunTime:0.000355s ]

[ 2017-12-21T15:38:53+08:00 ] 127.0.0.1 /my_mall/home/shopcar/update
INFO: [ app_begin ] --START--
INFO: Run Behavior\ReadHtmlCacheBehavior [ RunTime:0.000996s ]
INFO: [ app_begin ] --END-- [ RunTime:0.001910s ]
SQL: SHOW COLUMNS FROM `ms_shopcar` [ RunTime:0.019988s ]
SQL: UPDATE `ms_shopcar` SET `pro_num`=1 WHERE `user_Name` = 'qcx120' AND `Id` = 12 [ RunTime:0.000546s ]

[ 2017-12-21T15:39:49+08:00 ] 127.0.0.1 /my_mall/home/shopcar/update
INFO: [ app_begin ] --START--
INFO: Run Behavior\ReadHtmlCacheBehavior [ RunTime:0.000964s ]
INFO: [ app_begin ] --END-- [ RunTime:0.001671s ]
SQL: SHOW COLUMNS FROM `ms_shopcar` [ RunTime:0.018984s ]
SQL: UPDATE `ms_shopcar` SET `pro_num`=2 WHERE `user_Name` = 'qcx120' AND `Id` = 12 [ RunTime:0.000511s ]

[ 2017-12-21T15:39:50+08:00 ] 127.0.0.1 /my_mall/home/shopcar/update
INFO: [ app_begin ] --START--
INFO: Run Behavior\ReadHtmlCacheBehavior [ RunTime:0.000914s ]
INFO: [ app_begin ] --END-- [ RunTime:0.001838s ]
SQL: SHOW COLUMNS FROM `ms_shopcar` [ RunTime:0.033048s ]
SQL: UPDATE `ms_shopcar` SET `pro_num`=3 WHERE `user_Name` = 'qcx120' AND `Id` = 12 [ RunTime:0.000410s ]

[ 2017-12-21T15:39:51+08:00 ] 127.0.0.1 /my_mall/home/shopcar/update
INFO: [ app_begin ] --START--
INFO: Run Behavior\ReadHtmlCacheBehavior [ RunTime:0.000966s ]
INFO: [ app_begin ] --END-- [ RunTime:0.001727s ]
SQL: SHOW COLUMNS FROM `ms_shopcar` [ RunTime:0.012197s ]
SQL: UPDATE `ms_shopcar` SET `pro_num`=2 WHERE `user_Name` = 'qcx120' AND `Id` = 12 [ RunTime:0.000396s ]

[ 2017-12-21T15:39:51+08:00 ] 127.0.0.1 /my_mall/home/shopcar/update
INFO: [ app_begin ] --START--
INFO: Run Behavior\ReadHtmlCacheBehavior [ RunTime:0.000978s ]
INFO: [ app_begin ] --END-- [ RunTime:0.001878s ]
SQL: SHOW COLUMNS FROM `ms_shopcar` [ RunTime:0.032675s ]
SQL: UPDATE `ms_shopcar` SET `pro_num`=1 WHERE `user_Name` = 'qcx120' AND `Id` = 12 [ RunTime:0.000387s ]

[ 2017-12-21T15:39:52+08:00 ] 127.0.0.1 /my_mall/home/shopcar/update
INFO: [ app_begin ] --START--
INFO: Run Behavior\ReadHtmlCacheBehavior [ RunTime:0.001131s ]
INFO: [ app_begin ] --END-- [ RunTime:0.002025s ]
SQL: SHOW COLUMNS FROM `ms_shopcar` [ RunTime:0.010775s ]
SQL: UPDATE `ms_shopcar` SET `pro_num`=2 WHERE `user_Name` = 'qcx120' AND `Id` = 12 [ RunTime:0.000411s ]

[ 2017-12-21T15:39:54+08:00 ] 127.0.0.1 /my_mall/home/shopcar/update
INFO: [ app_begin ] --START--
INFO: Run Behavior\ReadHtmlCacheBehavior [ RunTime:0.000945s ]
INFO: [ app_begin ] --END-- [ RunTime:0.001712s ]
SQL: SHOW COLUMNS FROM `ms_shopcar` [ RunTime:0.011702s ]
SQL: UPDATE `ms_shopcar` SET `pro_num`=3 WHERE `user_Name` = 'qcx120' AND `Id` = 11 [ RunTime:0.000402s ]

[ 2017-12-21T15:39:55+08:00 ] 127.0.0.1 /my_mall/home/shopcar/update
INFO: [ app_begin ] --START--
INFO: Run Behavior\ReadHtmlCacheBehavior [ RunTime:0.000937s ]
INFO: [ app_begin ] --END-- [ RunTime:0.002002s ]
SQL: SHOW COLUMNS FROM `ms_shopcar` [ RunTime:0.018781s ]
SQL: UPDATE `ms_shopcar` SET `pro_num`=2 WHERE `user_Name` = 'qcx120' AND `Id` = 11 [ RunTime:0.000392s ]

[ 2017-12-21T15:39:55+08:00 ] 127.0.0.1 /my_mall/home/shopcar/update
INFO: [ app_begin ] --START--
INFO: Run Behavior\ReadHtmlCacheBehavior [ RunTime:0.000914s ]
INFO: [ app_begin ] --END-- [ RunTime:0.001679s ]
SQL: SHOW COLUMNS FROM `ms_shopcar` [ RunTime:0.012023s ]
SQL: UPDATE `ms_shopcar` SET `pro_num`=1 WHERE `user_Name` = 'qcx120' AND `Id` = 11 [ RunTime:0.000377s ]

[ 2017-12-21T15:39:56+08:00 ] 127.0.0.1 /my_mall/home/shopcar/update
INFO: [ app_begin ] --START--
INFO: Run Behavior\ReadHtmlCacheBehavior [ RunTime:0.000915s ]
INFO: [ app_begin ] --END-- [ RunTime:0.001625s ]
SQL: SHOW COLUMNS FROM `ms_shopcar` [ RunTime:0.019226s ]
SQL: UPDATE `ms_shopcar` SET `pro_num`=3 WHERE `user_Name` = 'qcx120' AND `Id` = 10 [ RunTime:0.000383s ]

[ 2017-12-21T15:39:57+08:00 ] 127.0.0.1 /my_mall/home/shopcar/update
INFO: [ app_begin ] --START--
INFO: Run Behavior\ReadHtmlCacheBehavior [ RunTime:0.000920s ]
INFO: [ app_begin ] --END-- [ RunTime:0.001690s ]
SQL: SHOW COLUMNS FROM `ms_shopcar` [ RunTime:0.011411s ]
SQL: UPDATE `ms_shopcar` SET `pro_num`=2 WHERE `user_Name` = 'qcx120' AND `Id` = 10 [ RunTime:0.000381s ]

[ 2017-12-21T15:40:02+08:00 ] 127.0.0.1 /my_mall/home/shopcar/update
INFO: [ app_begin ] --START--
INFO: Run Behavior\ReadHtmlCacheBehavior [ RunTime:0.002597s ]
INFO: [ app_begin ] --END-- [ RunTime:0.003449s ]
SQL: SHOW COLUMNS FROM `ms_shopcar` [ RunTime:0.027675s ]
SQL: UPDATE `ms_shopcar` SET `pro_num`=0 WHERE `user_Name` = 'qcx120' AND `Id` = 11 [ RunTime:0.000389s ]

[ 2017-12-21T15:40:04+08:00 ] 127.0.0.1 /my_mall/home/shopcar/update
INFO: [ app_begin ] --START--
INFO: Run Behavior\ReadHtmlCacheBehavior [ RunTime:0.000989s ]
INFO: [ app_begin ] --END-- [ RunTime:0.002005s ]
SQL: SHOW COLUMNS FROM `ms_shopcar` [ RunTime:0.032327s ]
SQL: UPDATE `ms_shopcar` SET `pro_num`=1 WHERE `user_Name` = 'qcx120' AND `Id` = 11 [ RunTime:0.000393s ]

[ 2017-12-21T15:40:05+08:00 ] 127.0.0.1 /my_mall/home/shopcar/update
INFO: [ app_begin ] --START--
INFO: Run Behavior\ReadHtmlCacheBehavior [ RunTime:0.000923s ]
INFO: [ app_begin ] --END-- [ RunTime:0.001783s ]
SQL: SHOW COLUMNS FROM `ms_shopcar` [ RunTime:0.032343s ]
SQL: UPDATE `ms_shopcar` SET `pro_num`=2 WHERE `user_Name` = 'qcx120' AND `Id` = 11 [ RunTime:0.000439s ]

[ 2017-12-21T15:42:16+08:00 ] 127.0.0.1 /my_mall/home/shopcar/update
INFO: [ app_begin ] --START--
INFO: Run Behavior\ReadHtmlCacheBehavior [ RunTime:0.001418s ]
INFO: [ app_begin ] --END-- [ RunTime:0.002390s ]
SQL: SHOW COLUMNS FROM `ms_shopcar` [ RunTime:0.010499s ]
SQL: UPDATE `ms_shopcar` SET `pro_num`=1 WHERE `user_Name` = 'qcx120' AND `Id` = 12 [ RunTime:0.000425s ]

[ 2017-12-21T15:42:17+08:00 ] 127.0.0.1 /my_mall/home/shopcar/update
INFO: [ app_begin ] --START--
INFO: Run Behavior\ReadHtmlCacheBehavior [ RunTime:0.001012s ]
INFO: [ app_begin ] --END-- [ RunTime:0.001825s ]
SQL: SHOW COLUMNS FROM `ms_shopcar` [ RunTime:0.012623s ]
SQL: UPDATE `ms_shopcar` SET `pro_num`=2 WHERE `user_Name` = 'qcx120' AND `Id` = 12 [ RunTime:0.000611s ]

[ 2017-12-21T15:42:20+08:00 ] 127.0.0.1 /my_mall/home/shopcar/update
INFO: [ app_begin ] --START--
INFO: Run Behavior\ReadHtmlCacheBehavior [ RunTime:0.001148s ]
INFO: [ app_begin ] --END-- [ RunTime:0.002026s ]
SQL: SHOW COLUMNS FROM `ms_shopcar` [ RunTime:0.086180s ]
SQL: UPDATE `ms_shopcar` SET `pro_num`=1 WHERE `user_Name` = 'qcx120' AND `Id` = 12 [ RunTime:0.000524s ]

[ 2017-12-21T15:42:21+08:00 ] 127.0.0.1 /my_mall/home/shopcar/update
INFO: [ app_begin ] --START--
INFO: Run Behavior\ReadHtmlCacheBehavior [ RunTime:0.000997s ]
INFO: [ app_begin ] --END-- [ RunTime:0.001946s ]
SQL: SHOW COLUMNS FROM `ms_shopcar` [ RunTime:0.014764s ]
SQL: UPDATE `ms_shopcar` SET `pro_num`=0 WHERE `user_Name` = 'qcx120' AND `Id` = 12 [ RunTime:0.000414s ]

[ 2017-12-21T15:42:23+08:00 ] 127.0.0.1 /my_mall/home/shopcar/update
INFO: [ app_begin ] --START--
INFO: Run Behavior\ReadHtmlCacheBehavior [ RunTime:0.002329s ]
INFO: [ app_begin ] --END-- [ RunTime:0.003216s ]
SQL: SHOW COLUMNS FROM `ms_shopcar` [ RunTime:0.027386s ]
SQL: UPDATE `ms_shopcar` SET `pro_num`=1 WHERE `user_Name` = 'qcx120' AND `Id` = 12 [ RunTime:0.000741s ]

[ 2017-12-21T15:42:23+08:00 ] 127.0.0.1 /my_mall/home/shopcar/update
INFO: [ app_begin ] --START--
INFO: Run Behavior\ReadHtmlCacheBehavior [ RunTime:0.000989s ]
INFO: [ app_begin ] --END-- [ RunTime:0.001773s ]
SQL: SHOW COLUMNS FROM `ms_shopcar` [ RunTime:0.048412s ]
SQL: UPDATE `ms_shopcar` SET `pro_num`=2 WHERE `user_Name` = 'qcx120' AND `Id` = 12 [ RunTime:0.000856s ]

[ 2017-12-21T15:42:24+08:00 ] 127.0.0.1 /my_mall/home/shopcar/update
INFO: [ app_begin ] --START--
INFO: Run Behavior\ReadHtmlCacheBehavior [ RunTime:0.000835s ]
INFO: [ app_begin ] --END-- [ RunTime:0.001611s ]
SQL: SHOW COLUMNS FROM `ms_shopcar` [ RunTime:0.029295s ]
SQL: UPDATE `ms_shopcar` SET `pro_num`=1 WHERE `user_Name` = 'qcx120' AND `Id` = 12 [ RunTime:0.000364s ]

[ 2017-12-21T15:42:24+08:00 ] 127.0.0.1 /my_mall/home/shopcar/update
INFO: [ app_begin ] --START--
INFO: Run Behavior\ReadHtmlCacheBehavior [ RunTime:0.000893s ]
INFO: [ app_begin ] --END-- [ RunTime:0.001902s ]
SQL: SHOW COLUMNS FROM `ms_shopcar` [ RunTime:0.011768s ]
SQL: UPDATE `ms_shopcar` SET `pro_num`=0 WHERE `user_Name` = 'qcx120' AND `Id` = 12 [ RunTime:0.000423s ]

[ 2017-12-21T15:43:23+08:00 ] 127.0.0.1 /my_mall/home/shopcar/update
INFO: [ app_begin ] --START--
INFO: Run Behavior\ReadHtmlCacheBehavior [ RunTime:0.000959s ]
INFO: [ app_begin ] --END-- [ RunTime:0.001765s ]
SQL: SHOW COLUMNS FROM `ms_shopcar` [ RunTime:0.021780s ]
SQL: UPDATE `ms_shopcar` SET `pro_num`=1 WHERE `user_Name` = 'qcx120' AND `Id` = 12 [ RunTime:0.000394s ]

[ 2017-12-21T15:43:27+08:00 ] 127.0.0.1 /my_mall/home/shopcar/update
INFO: [ app_begin ] --START--
INFO: Run Behavior\ReadHtmlCacheBehavior [ RunTime:0.000997s ]
INFO: [ app_begin ] --END-- [ RunTime:0.001905s ]
SQL: SHOW COLUMNS FROM `ms_shopcar` [ RunTime:0.017213s ]
SQL: UPDATE `ms_shopcar` SET `pro_num`=0 WHERE `user_Name` = 'qcx120' AND `Id` = 12 [ RunTime:0.000466s ]

[ 2017-12-21T15:43:29+08:00 ] 127.0.0.1 /my_mall/home/shopcar/update
INFO: [ app_begin ] --START--
INFO: Run Behavior\ReadHtmlCacheBehavior [ RunTime:0.001164s ]
INFO: [ app_begin ] --END-- [ RunTime:0.002022s ]
SQL: SHOW COLUMNS FROM `ms_shopcar` [ RunTime:0.010123s ]
SQL: UPDATE `ms_shopcar` SET `pro_num`=1 WHERE `user_Name` = 'qcx120' AND `Id` = 12 [ RunTime:0.000566s ]

[ 2017-12-21T15:43:30+08:00 ] 127.0.0.1 /my_mall/home/shopcar/update
INFO: [ app_begin ] --START--
INFO: Run Behavior\ReadHtmlCacheBehavior [ RunTime:0.000967s ]
INFO: [ app_begin ] --END-- [ RunTime:0.001771s ]
SQL: SHOW COLUMNS FROM `ms_shopcar` [ RunTime:0.011882s ]
SQL: UPDATE `ms_shopcar` SET `pro_num`=0 WHERE `user_Name` = 'qcx120' AND `Id` = 12 [ RunTime:0.000439s ]

[ 2017-12-21T15:43:31+08:00 ] 127.0.0.1 /my_mall/home/shopcar/update
INFO: [ app_begin ] --START--
INFO: Run Behavior\ReadHtmlCacheBehavior [ RunTime:0.000942s ]
INFO: [ app_begin ] --END-- [ RunTime:0.001698s ]
SQL: SHOW COLUMNS FROM `ms_shopcar` [ RunTime:0.031162s ]
SQL: UPDATE `ms_shopcar` SET `pro_num`=1 WHERE `user_Name` = 'qcx120' AND `Id` = 12 [ RunTime:0.000474s ]

[ 2017-12-21T15:43:55+08:00 ] 127.0.0.1 /my_mall/home/shopcar/update
INFO: [ app_begin ] --START--
INFO: Run Behavior\ReadHtmlCacheBehavior [ RunTime:0.000977s ]
INFO: [ app_begin ] --END-- [ RunTime:0.001788s ]
SQL: SHOW COLUMNS FROM `ms_shopcar` [ RunTime:0.019936s ]
SQL: UPDATE `ms_shopcar` SET `pro_num`=2 WHERE `user_Name` = 'qcx120' AND `Id` = 12 [ RunTime:0.000585s ]

[ 2017-12-21T15:43:58+08:00 ] 127.0.0.1 /my_mall/home/shopcar/update
INFO: [ app_begin ] --START--
INFO: Run Behavior\ReadHtmlCacheBehavior [ RunTime:0.002402s ]
INFO: [ app_begin ] --END-- [ RunTime:0.003287s ]
SQL: SHOW COLUMNS FROM `ms_shopcar` [ RunTime:0.033648s ]
SQL: UPDATE `ms_shopcar` SET `pro_num`=1 WHERE `user_Name` = 'qcx120' AND `Id` = 12 [ RunTime:0.000386s ]

[ 2017-12-21T15:43:58+08:00 ] 127.0.0.1 /my_mall/home/shopcar/update
INFO: [ app_begin ] --START--
INFO: Run Behavior\ReadHtmlCacheBehavior [ RunTime:0.000947s ]
INFO: [ app_begin ] --END-- [ RunTime:0.001714s ]
SQL: SHOW COLUMNS FROM `ms_shopcar` [ RunTime:0.011623s ]
SQL: UPDATE `ms_shopcar` SET `pro_num`=0 WHERE `user_Name` = 'qcx120' AND `Id` = 12 [ RunTime:0.000379s ]

[ 2017-12-21T15:44:00+08:00 ] 127.0.0.1 /my_mall/home/shopcar/update
INFO: [ app_begin ] --START--
INFO: Run Behavior\ReadHtmlCacheBehavior [ RunTime:0.001021s ]
INFO: [ app_begin ] --END-- [ RunTime:0.001978s ]
SQL: SHOW COLUMNS FROM `ms_shopcar` [ RunTime:0.015839s ]
SQL: UPDATE `ms_shopcar` SET `pro_num`=1 WHERE `user_Name` = 'qcx120' AND `Id` = 12 [ RunTime:0.000397s ]

[ 2017-12-21T15:44:00+08:00 ] 127.0.0.1 /my_mall/home/shopcar/update
INFO: [ app_begin ] --START--
INFO: Run Behavior\ReadHtmlCacheBehavior [ RunTime:0.001062s ]
INFO: [ app_begin ] --END-- [ RunTime:0.001928s ]
SQL: SHOW COLUMNS FROM `ms_shopcar` [ RunTime:0.014383s ]
SQL: UPDATE `ms_shopcar` SET `pro_num`=2 WHERE `user_Name` = 'qcx120' AND `Id` = 12 [ RunTime:0.000632s ]

[ 2017-12-21T15:45:29+08:00 ] 127.0.0.1 /my_mall/home/shopcar/update
INFO: [ app_begin ] --START--
INFO: Run Behavior\ReadHtmlCacheBehavior [ RunTime:0.001152s ]
INFO: [ app_begin ] --END-- [ RunTime:0.001930s ]
SQL: SHOW COLUMNS FROM `ms_shopcar` [ RunTime:0.010005s ]
SQL: UPDATE `ms_shopcar` SET `pro_num`=3 WHERE `user_Name` = 'qcx120' AND `Id` = 12 [ RunTime:0.000377s ]

[ 2017-12-21T15:45:32+08:00 ] 127.0.0.1 /my_mall/home/shopcar/update
INFO: [ app_begin ] --START--
INFO: Run Behavior\ReadHtmlCacheBehavior [ RunTime:0.000948s ]
INFO: [ app_begin ] --END-- [ RunTime:0.001783s ]
SQL: SHOW COLUMNS FROM `ms_shopcar` [ RunTime:0.014843s ]
SQL: UPDATE `ms_shopcar` SET `pro_num`=2 WHERE `user_Name` = 'qcx120' AND `Id` = 12 [ RunTime:0.001109s ]

[ 2017-12-21T15:45:33+08:00 ] 127.0.0.1 /my_mall/home/shopcar/update
INFO: [ app_begin ] --START--
INFO: Run Behavior\ReadHtmlCacheBehavior [ RunTime:0.000941s ]
INFO: [ app_begin ] --END-- [ RunTime:0.001697s ]
SQL: SHOW COLUMNS FROM `ms_shopcar` [ RunTime:0.011258s ]
SQL: UPDATE `ms_shopcar` SET `pro_num`=1 WHERE `user_Name` = 'qcx120' AND `Id` = 12 [ RunTime:0.000375s ]

[ 2017-12-21T15:45:34+08:00 ] 127.0.0.1 /my_mall/home/shopcar/update
INFO: [ app_begin ] --START--
INFO: Run Behavior\ReadHtmlCacheBehavior [ RunTime:0.001420s ]
INFO: [ app_begin ] --END-- [ RunTime:0.002275s ]
SQL: SHOW COLUMNS FROM `ms_shopcar` [ RunTime:0.012059s ]
SQL: UPDATE `ms_shopcar` SET `pro_num`=0 WHERE `user_Name` = 'qcx120' AND `Id` = 12 [ RunTime:0.000443s ]

[ 2017-12-21T15:45:36+08:00 ] 127.0.0.1 /my_mall/home/shopcar/update
INFO: [ app_begin ] --START--
INFO: Run Behavior\ReadHtmlCacheBehavior [ RunTime:0.000954s ]
INFO: [ app_begin ] --END-- [ RunTime:0.001678s ]
SQL: SHOW COLUMNS FROM `ms_shopcar` [ RunTime:0.014559s ]
SQL: UPDATE `ms_shopcar` SET `pro_num`=1 WHERE `user_Name` = 'qcx120' AND `Id` = 12 [ RunTime:0.000481s ]

[ 2017-12-21T15:47:33+08:00 ] 127.0.0.1 /my_mall/home/shopcar/update
INFO: [ app_begin ] --START--
INFO: Run Behavior\ReadHtmlCacheBehavior [ RunTime:0.000842s ]
INFO: [ app_begin ] --END-- [ RunTime:0.001537s ]
SQL: SHOW COLUMNS FROM `ms_shopcar` [ RunTime:0.017295s ]
SQL: UPDATE `ms_shopcar` SET `pro_num`=2 WHERE `user_Name` = 'qcx120' AND `Id` = 12 [ RunTime:0.000365s ]

[ 2017-12-21T15:47:35+08:00 ] 127.0.0.1 /my_mall/home/shopcar/update
INFO: [ app_begin ] --START--
INFO: Run Behavior\ReadHtmlCacheBehavior [ RunTime:0.000950s ]
INFO: [ app_begin ] --END-- [ RunTime:0.001729s ]
SQL: SHOW COLUMNS FROM `ms_shopcar` [ RunTime:0.011511s ]
SQL: UPDATE `ms_shopcar` SET `pro_num`=1 WHERE `user_Name` = 'qcx120' AND `Id` = 12 [ RunTime:0.000454s ]

[ 2017-12-21T15:47:36+08:00 ] 127.0.0.1 /my_mall/home/shopcar/update
INFO: [ app_begin ] --START--
INFO: Run Behavior\ReadHtmlCacheBehavior [ RunTime:0.001031s ]
INFO: [ app_begin ] --END-- [ RunTime:0.002114s ]
SQL: SHOW COLUMNS FROM `ms_shopcar` [ RunTime:0.031767s ]
SQL: UPDATE `ms_shopcar` SET `pro_num`=0 WHERE `user_Name` = 'qcx120' AND `Id` = 12 [ RunTime:0.000409s ]

[ 2017-12-21T15:47:38+08:00 ] 127.0.0.1 /my_mall/home/shopcar/update
INFO: [ app_begin ] --START--
INFO: Run Behavior\ReadHtmlCacheBehavior [ RunTime:0.001043s ]
INFO: [ app_begin ] --END-- [ RunTime:0.003405s ]
SQL: SHOW COLUMNS FROM `ms_shopcar` [ RunTime:0.027482s ]
SQL: UPDATE `ms_shopcar` SET `pro_num`=1 WHERE `user_Name` = 'qcx120' AND `Id` = 12 [ RunTime:0.000403s ]

[ 2017-12-21T15:47:38+08:00 ] 127.0.0.1 /my_mall/home/shopcar/update
INFO: [ app_begin ] --START--
INFO: Run Behavior\ReadHtmlCacheBehavior [ RunTime:0.000855s ]
INFO: [ app_begin ] --END-- [ RunTime:0.001611s ]
SQL: SHOW COLUMNS FROM `ms_shopcar` [ RunTime:0.011749s ]
SQL: UPDATE `ms_shopcar` SET `pro_num`=2 WHERE `user_Name` = 'qcx120' AND `Id` = 12 [ RunTime:0.000391s ]

[ 2017-12-21T20:23:54+08:00 ] 127.0.0.1 /my_mall/home/shopcar/del?Id=15
INFO: [ app_begin ] --START--
INFO: Run Behavior\ReadHtmlCacheBehavior [ RunTime:0.001503s ]
INFO: [ app_begin ] --END-- [ RunTime:0.003824s ]
SQL: SHOW COLUMNS FROM `ms_shopcar` [ RunTime:0.019118s ]
SQL: DELETE FROM `ms_shopcar` WHERE `Id` = 15 [ RunTime:0.000386s ]
SQL: SELECT COUNT(*) AS tp_count FROM `ms_shopcar` WHERE `user_Name` = 'qcx120' LIMIT 1   [ RunTime:0.000358s ]
SQL: SELECT ms_shopcar.*,ms_shopcar.Id as sId,ms_product.name as Pname,ms_product.product_img as product_img,ms_product.here_price as Phere_price,ms_product.machete_price as Pmachete_price,ms_product.sales_vol as Psales_vol,ms_category.name as PCName FROM `ms_shopcar` INNER JOIN ms_product ON ms_shopcar.pro_Id = ms_product.Id INNER JOIN ms_category ON ms_category.Id = ms_product.classId  WHERE `Id` = '15' ORDER BY ms_shopcar.addtime desc LIMIT 0,2   [ RunTime:0.000355s ]
ERR: 1052:Column 'Id' in where clause is ambiguous
 [ SQL ] : SELECT ms_shopcar.*,ms_shopcar.Id as sId,ms_product.name as Pname,ms_product.product_img as product_img,ms_product.here_price as Phere_price,ms_product.machete_price as Pmachete_price,ms_product.sales_vol as Psales_vol,ms_category.name as PCName FROM `ms_shopcar` INNER JOIN ms_product ON ms_shopcar.pro_Id = ms_product.Id INNER JOIN ms_category ON ms_category.Id = ms_product.classId  WHERE `Id` = '15' ORDER BY ms_shopcar.addtime desc LIMIT 0,2  

[ 2017-12-21T20:24:41+08:00 ] 127.0.0.1 /my_mall/home/shopcar/del?Id=14
INFO: [ app_begin ] --START--
INFO: Run Behavior\ReadHtmlCacheBehavior [ RunTime:0.000872s ]
INFO: [ app_begin ] --END-- [ RunTime:0.001642s ]
SQL: SHOW COLUMNS FROM `ms_shopcar` [ RunTime:0.027559s ]
SQL: DELETE FROM `ms_shopcar` WHERE `Id` = 14 [ RunTime:0.000334s ]
SQL: SELECT COUNT(*) AS tp_count FROM `ms_shopcar` WHERE `user_Name` = 'qcx120' LIMIT 1   [ RunTime:0.000385s ]
SQL: SELECT ms_shopcar.*,ms_shopcar.Id as sId,ms_product.name as Pname,ms_product.product_img as product_img,ms_product.here_price as Phere_price,ms_product.machete_price as Pmachete_price,ms_product.sales_vol as Psales_vol,ms_category.name as PCName FROM `ms_shopcar` INNER JOIN ms_product ON ms_shopcar.pro_Id = ms_product.Id INNER JOIN ms_category ON ms_category.Id = ms_product.classId  WHERE `Id` = '14' ORDER BY ms_shopcar.addtime desc LIMIT 0,2   [ RunTime:0.000391s ]
ERR: 1052:Column 'Id' in where clause is ambiguous
 [ SQL ] : SELECT ms_shopcar.*,ms_shopcar.Id as sId,ms_product.name as Pname,ms_product.product_img as product_img,ms_product.here_price as Phere_price,ms_product.machete_price as Pmachete_price,ms_product.sales_vol as Psales_vol,ms_category.name as PCName FROM `ms_shopcar` INNER JOIN ms_product ON ms_shopcar.pro_Id = ms_product.Id INNER JOIN ms_category ON ms_category.Id = ms_product.classId  WHERE `Id` = '14' ORDER BY ms_shopcar.addtime desc LIMIT 0,2  

[ 2017-12-21T20:24:44+08:00 ] 127.0.0.1 /my_mall/home/shopcar/del?Id=14
INFO: [ app_begin ] --START--
INFO: Run Behavior\ReadHtmlCacheBehavior [ RunTime:0.000831s ]
INFO: [ app_begin ] --END-- [ RunTime:0.001515s ]
SQL: SHOW COLUMNS FROM `ms_shopcar` [ RunTime:0.013501s ]
SQL: DELETE FROM `ms_shopcar` WHERE `Id` = 14 [ RunTime:0.000271s ]

[ 2017-12-21T20:24:46+08:00 ] 127.0.0.1 /my_mall/home/shopcar/del?Id=14
INFO: [ app_begin ] --START--
INFO: Run Behavior\ReadHtmlCacheBehavior [ RunTime:0.000931s ]
INFO: [ app_begin ] --END-- [ RunTime:0.001654s ]
SQL: SHOW COLUMNS FROM `ms_shopcar` [ RunTime:0.040646s ]
SQL: DELETE FROM `ms_shopcar` WHERE `Id` = 14 [ RunTime:0.000502s ]

[ 2017-12-21T20:27:06+08:00 ] 127.0.0.1 /my_mall/home/shopcar/del?Id=16
INFO: [ app_begin ] --START--
INFO: Run Behavior\ReadHtmlCacheBehavior [ RunTime:0.001162s ]
INFO: [ app_begin ] --END-- [ RunTime:0.002279s ]
SQL: SHOW COLUMNS FROM `ms_shopcar` [ RunTime:0.015259s ]
SQL: DELETE FROM `ms_shopcar` WHERE `Id` = 16 [ RunTime:0.000418s ]
SQL: SELECT COUNT(*) AS tp_count FROM `ms_shopcar` WHERE `user_Name` = 'qcx120' LIMIT 1   [ RunTime:0.000439s ]
SQL: SELECT ms_shopcar.*,ms_shopcar.Id as sId,ms_product.name as Pname,ms_product.product_img as product_img,ms_product.here_price as Phere_price,ms_product.machete_price as Pmachete_price,ms_product.sales_vol as Psales_vol,ms_category.name as PCName FROM `ms_shopcar` INNER JOIN ms_product ON ms_shopcar.pro_Id = ms_product.Id INNER JOIN ms_category ON ms_category.Id = ms_product.classId  WHERE `Id` = '16' ORDER BY ms_shopcar.addtime desc LIMIT 0,2   [ RunTime:0.000362s ]
ERR: 1052:Column 'Id' in where clause is ambiguous
 [ SQL ] : SELECT ms_shopcar.*,ms_shopcar.Id as sId,ms_product.name as Pname,ms_product.product_img as product_img,ms_product.here_price as Phere_price,ms_product.machete_price as Pmachete_price,ms_product.sales_vol as Psales_vol,ms_category.name as PCName FROM `ms_shopcar` INNER JOIN ms_product ON ms_shopcar.pro_Id = ms_product.Id INNER JOIN ms_category ON ms_category.Id = ms_product.classId  WHERE `Id` = '16' ORDER BY ms_shopcar.addtime desc LIMIT 0,2  

[ 2017-12-21T20:27:08+08:00 ] 127.0.0.1 /my_mall/home/shopcar/del?Id=16
INFO: [ app_begin ] --START--
INFO: Run Behavior\ReadHtmlCacheBehavior [ RunTime:0.000842s ]
INFO: [ app_begin ] --END-- [ RunTime:0.001595s ]
SQL: SHOW COLUMNS FROM `ms_shopcar` [ RunTime:0.017789s ]
SQL: DELETE FROM `ms_shopcar` WHERE `Id` = 16 [ RunTime:0.000356s ]

[ 2017-12-21T20:29:23+08:00 ] 127.0.0.1 /my_mall/home/shopcar/del?Id=17
INFO: [ app_begin ] --START--
INFO: Run Behavior\ReadHtmlCacheBehavior [ RunTime:0.000840s ]
INFO: [ app_begin ] --END-- [ RunTime:0.001460s ]
SQL: SHOW COLUMNS FROM `ms_shopcar` [ RunTime:0.032254s ]
SQL: DELETE FROM `ms_shopcar` WHERE `Id` = 17 [ RunTime:0.000361s ]
SQL: SELECT COUNT(*) AS tp_count FROM `ms_shopcar` WHERE `user_Name` = 'qcx120' LIMIT 1   [ RunTime:0.000319s ]
SQL: SELECT ms_shopcar.*,ms_shopcar.Id as sId,ms_product.name as Pname,ms_product.product_img as product_img,ms_product.here_price as Phere_price,ms_product.machete_price as Pmachete_price,ms_product.sales_vol as Psales_vol,ms_category.name as PCName FROM `ms_shopcar` INNER JOIN ms_product ON ms_shopcar.pro_Id = ms_product.Id INNER JOIN ms_category ON ms_category.Id = ms_product.classId  WHERE `Id` = '17' ORDER BY ms_shopcar.addtime desc LIMIT 0,2   [ RunTime:0.001480s ]
ERR: 1052:Column 'Id' in where clause is ambiguous
 [ SQL ] : SELECT ms_shopcar.*,ms_shopcar.Id as sId,ms_product.name as Pname,ms_product.product_img as product_img,ms_product.here_price as Phere_price,ms_product.machete_price as Pmachete_price,ms_product.sales_vol as Psales_vol,ms_category.name as PCName FROM `ms_shopcar` INNER JOIN ms_product ON ms_shopcar.pro_Id = ms_product.Id INNER JOIN ms_category ON ms_category.Id = ms_product.classId  WHERE `Id` = '17' ORDER BY ms_shopcar.addtime desc LIMIT 0,2  

[ 2017-12-21T20:29:26+08:00 ] 127.0.0.1 /my_mall/home/shopcar/del?Id=17
INFO: [ app_begin ] --START--
INFO: Run Behavior\ReadHtmlCacheBehavior [ RunTime:0.000801s ]
INFO: [ app_begin ] --END-- [ RunTime:0.001503s ]
SQL: SHOW COLUMNS FROM `ms_shopcar` [ RunTime:0.031728s ]
SQL: DELETE FROM `ms_shopcar` WHERE `Id` = 17 [ RunTime:0.000289s ]

[ 2017-12-21T20:31:25+08:00 ] 127.0.0.1 /my_mall/home/shopcar/del?Id=18
INFO: [ app_begin ] --START--
INFO: Run Behavior\ReadHtmlCacheBehavior [ RunTime:0.000948s ]
INFO: [ app_begin ] --END-- [ RunTime:0.001725s ]
SQL: SHOW COLUMNS FROM `ms_shopcar` [ RunTime:0.015238s ]
SQL: DELETE FROM `ms_shopcar` WHERE `Id` = 18 [ RunTime:0.001349s ]
SQL: SELECT COUNT(*) AS tp_count FROM `ms_shopcar` WHERE `user_Name` = 'qcx120' LIMIT 1   [ RunTime:0.000469s ]
SQL: SELECT ms_shopcar.*,ms_shopcar.Id as sId,ms_product.name as Pname,ms_product.product_img as product_img,ms_product.here_price as Phere_price,ms_product.machete_price as Pmachete_price,ms_product.sales_vol as Psales_vol,ms_category.name as PCName FROM `ms_shopcar` INNER JOIN ms_product ON ms_shopcar.pro_Id = ms_product.Id INNER JOIN ms_category ON ms_category.Id = ms_product.classId  WHERE `Id` = '18' ORDER BY ms_shopcar.addtime desc LIMIT 0,2   [ RunTime:0.000334s ]
ERR: 1052:Column 'Id' in where clause is ambiguous
 [ SQL ] : SELECT ms_shopcar.*,ms_shopcar.Id as sId,ms_product.name as Pname,ms_product.product_img as product_img,ms_product.here_price as Phere_price,ms_product.machete_price as Pmachete_price,ms_product.sales_vol as Psales_vol,ms_category.name as PCName FROM `ms_shopcar` INNER JOIN ms_product ON ms_shopcar.pro_Id = ms_product.Id INNER JOIN ms_category ON ms_category.Id = ms_product.classId  WHERE `Id` = '18' ORDER BY ms_shopcar.addtime desc LIMIT 0,2  

[ 2017-12-21T20:34:13+08:00 ] 127.0.0.1 /my_mall/home/shopcar/del?Id=20
INFO: [ app_begin ] --START--
INFO: Run Behavior\ReadHtmlCacheBehavior [ RunTime:0.001220s ]
INFO: [ app_begin ] --END-- [ RunTime:0.002198s ]
SQL: SHOW COLUMNS FROM `ms_shopcar` [ RunTime:0.010259s ]
SQL: DELETE FROM `ms_shopcar` WHERE `Id` = 20 [ RunTime:0.000420s ]
SQL: SELECT COUNT(*) AS tp_count FROM `ms_shopcar` WHERE `user_Name` = 'qcx120' LIMIT 1   [ RunTime:0.000445s ]
SQL: SELECT ms_shopcar.*,ms_shopcar.Id as sId,ms_product.name as Pname,ms_product.product_img as product_img,ms_product.here_price as Phere_price,ms_product.machete_price as Pmachete_price,ms_product.sales_vol as Psales_vol,ms_category.name as PCName FROM `ms_shopcar` INNER JOIN ms_product ON ms_shopcar.pro_Id = ms_product.Id INNER JOIN ms_category ON ms_category.Id = ms_product.classId  WHERE `Id` = '20' ORDER BY ms_shopcar.addtime desc LIMIT 0,2   [ RunTime:0.000423s ]
ERR: 1052:Column 'Id' in where clause is ambiguous
 [ SQL ] : SELECT ms_shopcar.*,ms_shopcar.Id as sId,ms_product.name as Pname,ms_product.product_img as product_img,ms_product.here_price as Phere_price,ms_product.machete_price as Pmachete_price,ms_product.sales_vol as Psales_vol,ms_category.name as PCName FROM `ms_shopcar` INNER JOIN ms_product ON ms_shopcar.pro_Id = ms_product.Id INNER JOIN ms_category ON ms_category.Id = ms_product.classId  WHERE `Id` = '20' ORDER BY ms_shopcar.addtime desc LIMIT 0,2  

[ 2017-12-21T21:12:37+08:00 ] 127.0.0.1 /my_mall/home/shopcar/del?Id=22
INFO: [ app_begin ] --START--
INFO: Run Behavior\ReadHtmlCacheBehavior [ RunTime:0.001003s ]
INFO: [ app_begin ] --END-- [ RunTime:0.001830s ]
SQL: SHOW COLUMNS FROM `ms_shopcar` [ RunTime:0.016401s ]
SQL: DELETE FROM `ms_shopcar` WHERE `Id` = 22 [ RunTime:0.000351s ]
SQL: SELECT COUNT(*) AS tp_count FROM `ms_shopcar` WHERE `user_Name` = 'qcx120' LIMIT 1   [ RunTime:0.000324s ]
SQL: SELECT ms_shopcar.*,ms_shopcar.Id as sId,ms_product.name as Pname,ms_product.product_img as product_img,ms_product.here_price as Phere_price,ms_product.machete_price as Pmachete_price,ms_product.sales_vol as Psales_vol,ms_category.name as PCName FROM `ms_shopcar` INNER JOIN ms_product ON ms_shopcar.pro_Id = ms_product.Id INNER JOIN ms_category ON ms_category.Id = ms_product.classId  WHERE `Id` = '22' ORDER BY ms_shopcar.addtime desc LIMIT 0,2   [ RunTime:0.000338s ]
ERR: 1052:Column 'Id' in where clause is ambiguous
 [ SQL ] : SELECT ms_shopcar.*,ms_shopcar.Id as sId,ms_product.name as Pname,ms_product.product_img as product_img,ms_product.here_price as Phere_price,ms_product.machete_price as Pmachete_price,ms_product.sales_vol as Psales_vol,ms_category.name as PCName FROM `ms_shopcar` INNER JOIN ms_product ON ms_shopcar.pro_Id = ms_product.Id INNER JOIN ms_category ON ms_category.Id = ms_product.classId  WHERE `Id` = '22' ORDER BY ms_shopcar.addtime desc LIMIT 0,2  

[ 2017-12-21T21:26:56+08:00 ] 127.0.0.1 /my_mall/home/shopcar/del?Id=21
INFO: [ app_begin ] --START--
INFO: Run Behavior\ReadHtmlCacheBehavior [ RunTime:0.000963s ]
INFO: [ app_begin ] --END-- [ RunTime:0.002192s ]
SQL: SHOW COLUMNS FROM `ms_shopcar` [ RunTime:0.021232s ]
SQL: DELETE FROM `ms_shopcar` WHERE `Id` = 21 [ RunTime:0.000459s ]
SQL: SELECT COUNT(*) AS tp_count FROM `ms_shopcar` WHERE `user_Name` = 'qcx120' LIMIT 1   [ RunTime:0.000353s ]
SQL: SELECT ms_shopcar.*,ms_shopcar.Id as sId,ms_product.name as Pname,ms_product.product_img as product_img,ms_product.here_price as Phere_price,ms_product.machete_price as Pmachete_price,ms_product.sales_vol as Psales_vol,ms_category.name as PCName FROM `ms_shopcar` INNER JOIN ms_product ON ms_shopcar.pro_Id = ms_product.Id INNER JOIN ms_category ON ms_category.Id = ms_product.classId  WHERE `Id` = '21' ORDER BY ms_shopcar.addtime desc LIMIT 0,2   [ RunTime:0.000311s ]
ERR: 1052:Column 'Id' in where clause is ambiguous
 [ SQL ] : SELECT ms_shopcar.*,ms_shopcar.Id as sId,ms_product.name as Pname,ms_product.product_img as product_img,ms_product.here_price as Phere_price,ms_product.machete_price as Pmachete_price,ms_product.sales_vol as Psales_vol,ms_category.name as PCName FROM `ms_shopcar` INNER JOIN ms_product ON ms_shopcar.pro_Id = ms_product.Id INNER JOIN ms_category ON ms_category.Id = ms_product.classId  WHERE `Id` = '21' ORDER BY ms_shopcar.addtime desc LIMIT 0,2  

[ 2017-12-21T21:32:30+08:00 ] 127.0.0.1 /my_mall/home/shopcar/del?Id=24
INFO: [ app_begin ] --START--
INFO: Run Behavior\ReadHtmlCacheBehavior [ RunTime:0.000895s ]
INFO: [ app_begin ] --END-- [ RunTime:0.001788s ]
SQL: SHOW COLUMNS FROM `ms_shopcar` [ RunTime:0.032079s ]
SQL: DELETE FROM `ms_shopcar` WHERE `Id` = 24 [ RunTime:0.000384s ]
SQL: SELECT COUNT(*) AS tp_count FROM `ms_shopcar` WHERE `user_Name` = 'qcx120' LIMIT 1   [ RunTime:0.000317s ]
SQL: SELECT ms_shopcar.*,ms_shopcar.Id as sId,ms_product.name as Pname,ms_product.product_img as product_img,ms_product.here_price as Phere_price,ms_product.machete_price as Pmachete_price,ms_product.sales_vol as Psales_vol,ms_category.name as PCName FROM `ms_shopcar` INNER JOIN ms_product ON ms_shopcar.pro_Id = ms_product.Id INNER JOIN ms_category ON ms_category.Id = ms_product.classId  WHERE `Id` = '24' ORDER BY ms_shopcar.addtime desc LIMIT 0,2   [ RunTime:0.000283s ]
ERR: 1052:Column 'Id' in where clause is ambiguous
 [ SQL ] : SELECT ms_shopcar.*,ms_shopcar.Id as sId,ms_product.name as Pname,ms_product.product_img as product_img,ms_product.here_price as Phere_price,ms_product.machete_price as Pmachete_price,ms_product.sales_vol as Psales_vol,ms_category.name as PCName FROM `ms_shopcar` INNER JOIN ms_product ON ms_shopcar.pro_Id = ms_product.Id INNER JOIN ms_category ON ms_category.Id = ms_product.classId  WHERE `Id` = '24' ORDER BY ms_shopcar.addtime desc LIMIT 0,2  

[ 2017-12-21T21:37:27+08:00 ] 127.0.0.1 /my_mall/home/shopcar/del?Id=26
INFO: [ app_begin ] --START--
INFO: Run Behavior\ReadHtmlCacheBehavior [ RunTime:0.000979s ]
INFO: [ app_begin ] --END-- [ RunTime:0.001845s ]
SQL: SHOW COLUMNS FROM `ms_shopcar` [ RunTime:0.072485s ]
SQL: DELETE FROM `ms_shopcar` WHERE `Id` = 26 [ RunTime:0.000698s ]
SQL: SELECT COUNT(*) AS tp_count FROM `ms_shopcar` WHERE `user_Name` = 'qcx120' LIMIT 1   [ RunTime:0.001609s ]
SQL: SELECT ms_shopcar.*,ms_shopcar.Id as sId,ms_product.name as Pname,ms_product.product_img as product_img,ms_product.here_price as Phere_price,ms_product.machete_price as Pmachete_price,ms_product.sales_vol as Psales_vol,ms_category.name as PCName FROM `ms_shopcar` INNER JOIN ms_product ON ms_shopcar.pro_Id = ms_product.Id INNER JOIN ms_category ON ms_category.Id = ms_product.classId  WHERE `Id` = '26' ORDER BY ms_shopcar.addtime desc LIMIT 0,2   [ RunTime:0.000403s ]
ERR: 1052:Column 'Id' in where clause is ambiguous
 [ SQL ] : SELECT ms_shopcar.*,ms_shopcar.Id as sId,ms_product.name as Pname,ms_product.product_img as product_img,ms_product.here_price as Phere_price,ms_product.machete_price as Pmachete_price,ms_product.sales_vol as Psales_vol,ms_category.name as PCName FROM `ms_shopcar` INNER JOIN ms_product ON ms_shopcar.pro_Id = ms_product.Id INNER JOIN ms_category ON ms_category.Id = ms_product.classId  WHERE `Id` = '26' ORDER BY ms_shopcar.addtime desc LIMIT 0,2  

[ 2017-12-21T21:38:27+08:00 ] 127.0.0.1 /my_mall/home/shopcar/del?Id=25
INFO: [ app_begin ] --START--
INFO: Run Behavior\ReadHtmlCacheBehavior [ RunTime:0.000954s ]
INFO: [ app_begin ] --END-- [ RunTime:0.001779s ]
SQL: SHOW COLUMNS FROM `ms_shopcar` [ RunTime:0.016034s ]
SQL: DELETE FROM `ms_shopcar` WHERE `Id` = 25 [ RunTime:0.000407s ]
SQL: SELECT COUNT(*) AS tp_count FROM `ms_shopcar` WHERE `user_Name` = 'qcx120' LIMIT 1   [ RunTime:0.000384s ]
SQL: SELECT ms_shopcar.*,ms_shopcar.Id as sId,ms_product.name as Pname,ms_product.product_img as product_img,ms_product.here_price as Phere_price,ms_product.machete_price as Pmachete_price,ms_product.sales_vol as Psales_vol,ms_category.name as PCName FROM `ms_shopcar` INNER JOIN ms_product ON ms_shopcar.pro_Id = ms_product.Id INNER JOIN ms_category ON ms_category.Id = ms_product.classId  WHERE `Id` = '25' ORDER BY ms_shopcar.addtime desc LIMIT 0,2   [ RunTime:0.000319s ]
ERR: 1052:Column 'Id' in where clause is ambiguous
 [ SQL ] : SELECT ms_shopcar.*,ms_shopcar.Id as sId,ms_product.name as Pname,ms_product.product_img as product_img,ms_product.here_price as Phere_price,ms_product.machete_price as Pmachete_price,ms_product.sales_vol as Psales_vol,ms_category.name as PCName FROM `ms_shopcar` INNER JOIN ms_product ON ms_shopcar.pro_Id = ms_product.Id INNER JOIN ms_category ON ms_category.Id = ms_product.classId  WHERE `Id` = '25' ORDER BY ms_shopcar.addtime desc LIMIT 0,2  

[ 2017-12-21T21:38:37+08:00 ] 127.0.0.1 /my_mall/home/shopcar/del?Id=undefined
INFO: [ app_begin ] --START--
INFO: Run Behavior\ReadHtmlCacheBehavior [ RunTime:0.000962s ]
INFO: [ app_begin ] --END-- [ RunTime:0.001751s ]
SQL: SHOW COLUMNS FROM `ms_shopcar` [ RunTime:0.016984s ]
SQL: DELETE FROM `ms_shopcar` WHERE `Id` = 0 [ RunTime:0.000307s ]

[ 2017-12-21T21:38:39+08:00 ] 127.0.0.1 /my_mall/home/shopcar/del?Id=undefined
INFO: [ app_begin ] --START--
INFO: Run Behavior\ReadHtmlCacheBehavior [ RunTime:0.000949s ]
INFO: [ app_begin ] --END-- [ RunTime:0.001759s ]
SQL: SHOW COLUMNS FROM `ms_shopcar` [ RunTime:0.014414s ]
SQL: DELETE FROM `ms_shopcar` WHERE `Id` = 0 [ RunTime:0.000294s ]

