[ 2017-12-25T08:55:08+08:00 ] 127.0.0.1 /my_mall/home/address/ajaxjson?Id=1
INFO: [ app_begin ] --START--
INFO: Run Behavior\ReadHtmlCacheBehavior [ RunTime:0.001037s ]
INFO: [ app_begin ] --END-- [ RunTime:0.001833s ]
SQL: SHOW COLUMNS FROM `ms_address` [ RunTime:0.016608s ]
SQL: SELECT * FROM `ms_address` WHERE `Id` = 1 LIMIT 1   [ RunTime:0.000448s ]

[ 2017-12-25T08:55:12+08:00 ] 127.0.0.1 /my_mall/home/address/ajaxjson?Id=1
INFO: [ app_begin ] --START--
INFO: Run Behavior\ReadHtmlCacheBehavior [ RunTime:0.000922s ]
INFO: [ app_begin ] --END-- [ RunTime:0.001738s ]
SQL: SHOW COLUMNS FROM `ms_address` [ RunTime:0.032428s ]
SQL: SELECT * FROM `ms_address` WHERE `Id` = 1 LIMIT 1   [ RunTime:0.000414s ]

[ 2017-12-25T08:56:02+08:00 ] 127.0.0.1 /my_mall/home/address/ajaxjson?Id=3
INFO: [ app_begin ] --START--
INFO: Run Behavior\ReadHtmlCacheBehavior [ RunTime:0.001962s ]
INFO: [ app_begin ] --END-- [ RunTime:0.002845s ]
SQL: SHOW COLUMNS FROM `ms_address` [ RunTime:0.014571s ]
SQL: SELECT * FROM `ms_address` WHERE `Id` = 3 LIMIT 1   [ RunTime:0.000455s ]

[ 2017-12-25T08:56:13+08:00 ] 127.0.0.1 /my_mall/home/address/ajaxjson?Id=3
INFO: [ app_begin ] --START--
INFO: Run Behavior\ReadHtmlCacheBehavior [ RunTime:0.000836s ]
INFO: [ app_begin ] --END-- [ RunTime:0.001667s ]
SQL: SHOW COLUMNS FROM `ms_address` [ RunTime:0.011479s ]
SQL: SELECT * FROM `ms_address` WHERE `Id` = 3 LIMIT 1   [ RunTime:0.000444s ]

[ 2017-12-25T08:56:16+08:00 ] 127.0.0.1 /my_mall/home/address/ajaxjson?Id=1
INFO: [ app_begin ] --START--
INFO: Run Behavior\ReadHtmlCacheBehavior [ RunTime:0.003151s ]
INFO: [ app_begin ] --END-- [ RunTime:0.004055s ]
SQL: SHOW COLUMNS FROM `ms_address` [ RunTime:0.011823s ]
SQL: SELECT * FROM `ms_address` WHERE `Id` = 1 LIMIT 1   [ RunTime:0.000391s ]

[ 2017-12-25T16:42:07+08:00 ] 127.0.0.1 /my_mall/home/address/ajaxjson?Id=1
INFO: [ app_begin ] --START--
INFO: Run Behavior\ReadHtmlCacheBehavior [ RunTime:0.000961s ]
INFO: [ app_begin ] --END-- [ RunTime:0.001904s ]
SQL: SHOW COLUMNS FROM `ms_address` [ RunTime:0.018977s ]
SQL: SELECT * FROM `ms_address` WHERE `Id` = 1 LIMIT 1   [ RunTime:0.000506s ]

[ 2017-12-25T16:42:14+08:00 ] 127.0.0.1 /my_mall/home/address/ajaxjson?Id=1
INFO: [ app_begin ] --START--
INFO: Run Behavior\ReadHtmlCacheBehavior [ RunTime:0.000936s ]
INFO: [ app_begin ] --END-- [ RunTime:0.001792s ]
SQL: SHOW COLUMNS FROM `ms_address` [ RunTime:0.015636s ]
SQL: SELECT * FROM `ms_address` WHERE `Id` = 1 LIMIT 1   [ RunTime:0.000379s ]

[ 2017-12-25T16:42:23+08:00 ] 127.0.0.1 /my_mall/home/address/ajaxjson?Id=1
INFO: [ app_begin ] --START--
INFO: Run Behavior\ReadHtmlCacheBehavior [ RunTime:0.000798s ]
INFO: [ app_begin ] --END-- [ RunTime:0.001540s ]
SQL: SHOW COLUMNS FROM `ms_address` [ RunTime:0.011481s ]
SQL: SELECT * FROM `ms_address` WHERE `Id` = 1 LIMIT 1   [ RunTime:0.000386s ]

[ 2017-12-25T16:42:56+08:00 ] 127.0.0.1 /my_mall/home/address/ajaxjson?Id=1
INFO: [ app_begin ] --START--
INFO: Run Behavior\ReadHtmlCacheBehavior [ RunTime:0.000875s ]
INFO: [ app_begin ] --END-- [ RunTime:0.001649s ]
SQL: SHOW COLUMNS FROM `ms_address` [ RunTime:0.027592s ]
SQL: SELECT * FROM `ms_address` WHERE `Id` = 1 LIMIT 1   [ RunTime:0.000376s ]

[ 2017-12-25T16:43:02+08:00 ] 127.0.0.1 /my_mall/home/address/ajaxjson?Id=1
INFO: [ app_begin ] --START--
INFO: Run Behavior\ReadHtmlCacheBehavior [ RunTime:0.001575s ]
INFO: [ app_begin ] --END-- [ RunTime:0.002809s ]
SQL: SHOW COLUMNS FROM `ms_address` [ RunTime:0.009326s ]
SQL: SELECT * FROM `ms_address` WHERE `Id` = 1 LIMIT 1   [ RunTime:0.000387s ]

[ 2017-12-25T16:43:08+08:00 ] 127.0.0.1 /my_mall/home/address/ajaxjson?Id=1
INFO: [ app_begin ] --START--
INFO: Run Behavior\ReadHtmlCacheBehavior [ RunTime:0.000925s ]
INFO: [ app_begin ] --END-- [ RunTime:0.001790s ]
SQL: SHOW COLUMNS FROM `ms_address` [ RunTime:0.011062s ]
SQL: SELECT * FROM `ms_address` WHERE `Id` = 1 LIMIT 1   [ RunTime:0.000425s ]

[ 2017-12-25T19:04:38+08:00 ] 127.0.0.1 /my_mall/home/address/ajaxjson?Id=undefined
INFO: [ app_begin ] --START--
INFO: Run Behavior\ReadHtmlCacheBehavior [ RunTime:0.000978s ]
INFO: [ app_begin ] --END-- [ RunTime:0.002690s ]
SQL: SHOW COLUMNS FROM `ms_address` [ RunTime:0.015023s ]
SQL: SELECT * FROM `ms_address` WHERE `Id` = 0 LIMIT 1   [ RunTime:0.000403s ]

[ 2017-12-25T19:04:39+08:00 ] 127.0.0.1 /my_mall/home/address/ajaxjson?Id=undefined
INFO: [ app_begin ] --START--
INFO: Run Behavior\ReadHtmlCacheBehavior [ RunTime:0.000970s ]
INFO: [ app_begin ] --END-- [ RunTime:0.001936s ]
SQL: SHOW COLUMNS FROM `ms_address` [ RunTime:0.011266s ]
SQL: SELECT * FROM `ms_address` WHERE `Id` = 0 LIMIT 1   [ RunTime:0.000339s ]

[ 2017-12-25T19:04:41+08:00 ] 127.0.0.1 /my_mall/home/address/ajaxjson?Id=undefined
INFO: [ app_begin ] --START--
INFO: Run Behavior\ReadHtmlCacheBehavior [ RunTime:0.000819s ]
INFO: [ app_begin ] --END-- [ RunTime:0.001458s ]
SQL: SHOW COLUMNS FROM `ms_address` [ RunTime:0.009892s ]
SQL: SELECT * FROM `ms_address` WHERE `Id` = 0 LIMIT 1   [ RunTime:0.000367s ]

[ 2017-12-25T19:04:43+08:00 ] 127.0.0.1 /my_mall/home/address/ajaxjson?Id=undefined
INFO: [ app_begin ] --START--
INFO: Run Behavior\ReadHtmlCacheBehavior [ RunTime:0.001055s ]
INFO: [ app_begin ] --END-- [ RunTime:0.001804s ]
SQL: SHOW COLUMNS FROM `ms_address` [ RunTime:0.014754s ]
SQL: SELECT * FROM `ms_address` WHERE `Id` = 0 LIMIT 1   [ RunTime:0.000427s ]

[ 2017-12-25T19:10:29+08:00 ] 127.0.0.1 /my_mall/home/address/ajaxjson?Id=undefined
INFO: [ app_begin ] --START--
INFO: Run Behavior\ReadHtmlCacheBehavior [ RunTime:0.004918s ]
INFO: [ app_begin ] --END-- [ RunTime:0.006582s ]
SQL: SHOW COLUMNS FROM `ms_address` [ RunTime:0.014928s ]
SQL: SELECT * FROM `ms_address` WHERE `Id` = 0 LIMIT 1   [ RunTime:0.000421s ]

[ 2017-12-25T19:10:29+08:00 ] 127.0.0.1 /my_mall/home/address/ajaxjson?Id=undefined
INFO: [ app_begin ] --START--
INFO: Run Behavior\ReadHtmlCacheBehavior [ RunTime:0.001192s ]
INFO: [ app_begin ] --END-- [ RunTime:0.001908s ]
SQL: SHOW COLUMNS FROM `ms_address` [ RunTime:0.028625s ]
SQL: SELECT * FROM `ms_address` WHERE `Id` = 0 LIMIT 1   [ RunTime:0.000342s ]

[ 2017-12-25T19:10:29+08:00 ] 127.0.0.1 /my_mall/home/address/ajaxjson?Id=undefined
INFO: [ app_begin ] --START--
INFO: Run Behavior\ReadHtmlCacheBehavior [ RunTime:0.000992s ]
INFO: [ app_begin ] --END-- [ RunTime:0.001995s ]
SQL: SHOW COLUMNS FROM `ms_address` [ RunTime:0.011329s ]
SQL: SELECT * FROM `ms_address` WHERE `Id` = 0 LIMIT 1   [ RunTime:0.000360s ]

[ 2017-12-25T19:11:24+08:00 ] 127.0.0.1 /my_mall/home/address/ajaxjson?Id=4
INFO: [ app_begin ] --START--
INFO: Run Behavior\ReadHtmlCacheBehavior [ RunTime:0.001334s ]
INFO: [ app_begin ] --END-- [ RunTime:0.002255s ]
SQL: SHOW COLUMNS FROM `ms_address` [ RunTime:0.010748s ]
SQL: SELECT * FROM `ms_address` WHERE `Id` = 4 LIMIT 1   [ RunTime:0.000413s ]

[ 2017-12-25T19:11:28+08:00 ] 127.0.0.1 /my_mall/home/address/ajaxjson?Id=1
INFO: [ app_begin ] --START--
INFO: Run Behavior\ReadHtmlCacheBehavior [ RunTime:0.001472s ]
INFO: [ app_begin ] --END-- [ RunTime:0.002799s ]
SQL: SHOW COLUMNS FROM `ms_address` [ RunTime:0.019498s ]
SQL: SELECT * FROM `ms_address` WHERE `Id` = 1 LIMIT 1   [ RunTime:0.000554s ]

[ 2017-12-25T19:11:33+08:00 ] 127.0.0.1 /my_mall/home/address/ajaxjson?Id=4
INFO: [ app_begin ] --START--
INFO: Run Behavior\ReadHtmlCacheBehavior [ RunTime:0.001307s ]
INFO: [ app_begin ] --END-- [ RunTime:0.002399s ]
SQL: SHOW COLUMNS FROM `ms_address` [ RunTime:0.022289s ]
SQL: SELECT * FROM `ms_address` WHERE `Id` = 4 LIMIT 1   [ RunTime:0.001917s ]

[ 2017-12-25T19:11:44+08:00 ] 127.0.0.1 /my_mall/home/address/ajaxjson?Id=4
INFO: [ app_begin ] --START--
INFO: Run Behavior\ReadHtmlCacheBehavior [ RunTime:0.001073s ]
INFO: [ app_begin ] --END-- [ RunTime:0.003281s ]
SQL: SHOW COLUMNS FROM `ms_address` [ RunTime:0.016406s ]
SQL: SELECT * FROM `ms_address` WHERE `Id` = 4 LIMIT 1   [ RunTime:0.000424s ]

[ 2017-12-25T19:11:47+08:00 ] 127.0.0.1 /my_mall/home/address/ajaxjson?Id=4
INFO: [ app_begin ] --START--
INFO: Run Behavior\ReadHtmlCacheBehavior [ RunTime:0.000953s ]
INFO: [ app_begin ] --END-- [ RunTime:0.001725s ]
SQL: SHOW COLUMNS FROM `ms_address` [ RunTime:0.028944s ]
SQL: SELECT * FROM `ms_address` WHERE `Id` = 4 LIMIT 1   [ RunTime:0.000472s ]

[ 2017-12-25T19:14:11+08:00 ] 127.0.0.1 /my_mall/home/address/ajaxjson?Id=undefined
INFO: [ app_begin ] --START--
INFO: Run Behavior\ReadHtmlCacheBehavior [ RunTime:0.001052s ]
INFO: [ app_begin ] --END-- [ RunTime:0.001874s ]
SQL: SHOW COLUMNS FROM `ms_address` [ RunTime:0.010135s ]
SQL: SELECT * FROM `ms_address` WHERE `Id` = 0 LIMIT 1   [ RunTime:0.000364s ]

[ 2017-12-25T19:14:13+08:00 ] 127.0.0.1 /my_mall/home/address/ajaxjson?Id=undefined
INFO: [ app_begin ] --START--
INFO: Run Behavior\ReadHtmlCacheBehavior [ RunTime:0.000941s ]
INFO: [ app_begin ] --END-- [ RunTime:0.001716s ]
SQL: SHOW COLUMNS FROM `ms_address` [ RunTime:0.011775s ]
SQL: SELECT * FROM `ms_address` WHERE `Id` = 0 LIMIT 1   [ RunTime:0.000366s ]

[ 2017-12-25T19:18:37+08:00 ] 127.0.0.1 /my_mall/home/address/ajaxjson?Id=undefined
INFO: [ app_begin ] --START--
INFO: Run Behavior\ReadHtmlCacheBehavior [ RunTime:0.001902s ]
INFO: [ app_begin ] --END-- [ RunTime:0.003494s ]
SQL: SHOW COLUMNS FROM `ms_address` [ RunTime:0.024271s ]
SQL: SELECT * FROM `ms_address` WHERE `Id` = 0 LIMIT 1   [ RunTime:0.000838s ]

[ 2017-12-25T19:18:49+08:00 ] 127.0.0.1 /my_mall/home/address/ajaxjson?Id=undefined
INFO: [ app_begin ] --START--
INFO: Run Behavior\ReadHtmlCacheBehavior [ RunTime:0.001413s ]
INFO: [ app_begin ] --END-- [ RunTime:0.002204s ]
SQL: SHOW COLUMNS FROM `ms_address` [ RunTime:0.012501s ]
SQL: SELECT * FROM `ms_address` WHERE `Id` = 0 LIMIT 1   [ RunTime:0.000411s ]

[ 2017-12-25T19:19:57+08:00 ] 127.0.0.1 /my_mall/home/address/ajaxjson?Id=undefined
INFO: [ app_begin ] --START--
INFO: Run Behavior\ReadHtmlCacheBehavior [ RunTime:0.002997s ]
INFO: [ app_begin ] --END-- [ RunTime:0.004778s ]
SQL: SHOW COLUMNS FROM `ms_address` [ RunTime:0.031902s ]
SQL: SELECT * FROM `ms_address` WHERE `Id` = 0 LIMIT 1   [ RunTime:0.000628s ]

[ 2017-12-25T19:20:29+08:00 ] 127.0.0.1 /my_mall/home/address/ajaxjson?Id=undefined
INFO: [ app_begin ] --START--
INFO: Run Behavior\ReadHtmlCacheBehavior [ RunTime:0.000972s ]
INFO: [ app_begin ] --END-- [ RunTime:0.001785s ]
SQL: SHOW COLUMNS FROM `ms_address` [ RunTime:0.016252s ]
SQL: SELECT * FROM `ms_address` WHERE `Id` = 0 LIMIT 1   [ RunTime:0.000947s ]

[ 2017-12-25T19:21:21+08:00 ] 127.0.0.1 /my_mall/home/address/ajaxjson?Id=undefined
INFO: [ app_begin ] --START--
INFO: Run Behavior\ReadHtmlCacheBehavior [ RunTime:0.000996s ]
INFO: [ app_begin ] --END-- [ RunTime:0.001768s ]
SQL: SHOW COLUMNS FROM `ms_address` [ RunTime:0.032980s ]
SQL: SELECT * FROM `ms_address` WHERE `Id` = 0 LIMIT 1   [ RunTime:0.000739s ]

[ 2017-12-25T19:21:39+08:00 ] 127.0.0.1 /my_mall/home/address/ajaxjson?Id=undefined
INFO: [ app_begin ] --START--
INFO: Run Behavior\ReadHtmlCacheBehavior [ RunTime:0.000966s ]
INFO: [ app_begin ] --END-- [ RunTime:0.001905s ]
SQL: SHOW COLUMNS FROM `ms_address` [ RunTime:0.016010s ]
SQL: SELECT * FROM `ms_address` WHERE `Id` = 0 LIMIT 1   [ RunTime:0.000423s ]

[ 2017-12-25T19:22:04+08:00 ] 127.0.0.1 /my_mall/home/address/ajaxjson?Id=undefined
INFO: [ app_begin ] --START--
INFO: Run Behavior\ReadHtmlCacheBehavior [ RunTime:0.001032s ]
INFO: [ app_begin ] --END-- [ RunTime:0.001800s ]
SQL: SHOW COLUMNS FROM `ms_address` [ RunTime:0.016360s ]
SQL: SELECT * FROM `ms_address` WHERE `Id` = 0 LIMIT 1   [ RunTime:0.000370s ]

[ 2017-12-25T19:22:06+08:00 ] 127.0.0.1 /my_mall/home/address/ajaxjson?Id=undefined
INFO: [ app_begin ] --START--
INFO: Run Behavior\ReadHtmlCacheBehavior [ RunTime:0.000949s ]
INFO: [ app_begin ] --END-- [ RunTime:0.001778s ]
SQL: SHOW COLUMNS FROM `ms_address` [ RunTime:0.065282s ]
SQL: SELECT * FROM `ms_address` WHERE `Id` = 0 LIMIT 1   [ RunTime:0.000352s ]

[ 2017-12-25T19:22:33+08:00 ] 127.0.0.1 /my_mall/home/address/ajaxjson?Id=4
INFO: [ app_begin ] --START--
INFO: Run Behavior\ReadHtmlCacheBehavior [ RunTime:0.003275s ]
INFO: [ app_begin ] --END-- [ RunTime:0.004623s ]
SQL: SHOW COLUMNS FROM `ms_address` [ RunTime:0.033493s ]
SQL: SELECT * FROM `ms_address` WHERE `Id` = 4 LIMIT 1   [ RunTime:0.000712s ]

[ 2017-12-25T19:22:38+08:00 ] 127.0.0.1 /my_mall/home/address/ajaxjson?Id=1
INFO: [ app_begin ] --START--
INFO: Run Behavior\ReadHtmlCacheBehavior [ RunTime:0.001010s ]
INFO: [ app_begin ] --END-- [ RunTime:0.003259s ]
SQL: SHOW COLUMNS FROM `ms_address` [ RunTime:0.033636s ]
SQL: SELECT * FROM `ms_address` WHERE `Id` = 1 LIMIT 1   [ RunTime:0.000457s ]

[ 2017-12-25T19:29:34+08:00 ] 127.0.0.1 /my_mall/home/address/ajaxjson?Id=4
INFO: [ app_begin ] --START--
INFO: Run Behavior\ReadHtmlCacheBehavior [ RunTime:0.001110s ]
INFO: [ app_begin ] --END-- [ RunTime:0.002114s ]
SQL: SHOW COLUMNS FROM `ms_address` [ RunTime:0.011872s ]
SQL: SELECT * FROM `ms_address` WHERE `Id` = 4 LIMIT 1   [ RunTime:0.000459s ]

[ 2017-12-25T19:33:15+08:00 ] 127.0.0.1 /my_mall/home/address/ajaxjson?Id=4
INFO: [ app_begin ] --START--
INFO: Run Behavior\ReadHtmlCacheBehavior [ RunTime:0.001354s ]
INFO: [ app_begin ] --END-- [ RunTime:0.002366s ]
SQL: SHOW COLUMNS FROM `ms_address` [ RunTime:0.012333s ]
SQL: SELECT * FROM `ms_address` WHERE `Id` = 4 LIMIT 1   [ RunTime:0.000430s ]

[ 2017-12-25T19:33:24+08:00 ] 127.0.0.1 /my_mall/home/address/ajaxjson?Id=1
INFO: [ app_begin ] --START--
INFO: Run Behavior\ReadHtmlCacheBehavior [ RunTime:0.000954s ]
INFO: [ app_begin ] --END-- [ RunTime:0.001750s ]
SQL: SHOW COLUMNS FROM `ms_address` [ RunTime:0.031745s ]
SQL: SELECT * FROM `ms_address` WHERE `Id` = 1 LIMIT 1   [ RunTime:0.000458s ]

[ 2017-12-25T19:55:09+08:00 ] 127.0.0.1 /my_mall/home/shopcar/update
INFO: [ app_begin ] --START--
INFO: Run Behavior\ReadHtmlCacheBehavior [ RunTime:0.000913s ]
INFO: [ app_begin ] --END-- [ RunTime:0.001730s ]
SQL: SHOW COLUMNS FROM `ms_shopcar` [ RunTime:0.014435s ]
SQL: UPDATE `ms_shopcar` SET `pro_num`=2 WHERE `user_Name` = 'qcx120' AND `Id` = 30 [ RunTime:0.063641s ]
SQL: SELECT COUNT(*) AS tp_count FROM `ms_shopcar` WHERE `user_Name` = 'qcx120' LIMIT 1   [ RunTime:0.000330s ]
SQL: SELECT ms_shopcar.*,ms_shopcar.Id as sId,ms_product.name as Pname,ms_product.product_img as product_img,ms_product.here_price as Phere_price,ms_product.machete_price as Pmachete_price,ms_product.sales_vol as Psales_vol,ms_category.name as PCName FROM `ms_shopcar` INNER JOIN ms_product ON ms_shopcar.pro_Id = ms_product.Id INNER JOIN ms_category ON ms_category.Id = ms_product.classId  WHERE `user_Name` = 'qcx120' AND `Id` = '30' ORDER BY ms_shopcar.addtime desc LIMIT 0,2   [ RunTime:0.000775s ]
ERR: 1052:Column 'Id' in where clause is ambiguous
 [ SQLËØ≠Âè• ] : SELECT ms_shopcar.*,ms_shopcar.Id as sId,ms_product.name as Pname,ms_product.product_img as product_img,ms_product.here_price as Phere_price,ms_product.machete_price as Pmachete_price,ms_product.sales_vol as Psales_vol,ms_category.name as PCName FROM `ms_shopcar` INNER JOIN ms_product ON ms_shopcar.pro_Id = ms_product.Id INNER JOIN ms_category ON ms_category.Id = ms_product.classId  WHERE `user_Name` = 'qcx120' AND `Id` = '30' ORDER BY ms_shopcar.addtime desc LIMIT 0,2  

[ 2017-12-25T19:55:13+08:00 ] 127.0.0.1 /my_mall/home/shopcar/update
INFO: [ app_begin ] --START--
INFO: Run Behavior\ReadHtmlCacheBehavior [ RunTime:0.000956s ]
INFO: [ app_begin ] --END-- [ RunTime:0.001805s ]
SQL: SHOW COLUMNS FROM `ms_shopcar` [ RunTime:0.034884s ]
SQL: UPDATE `ms_shopcar` SET `pro_num`=3 WHERE `user_Name` = 'qcx120' AND `Id` = 30 [ RunTime:0.000741s ]
SQL: SELECT COUNT(*) AS tp_count FROM `ms_shopcar` WHERE `user_Name` = 'qcx120' LIMIT 1   [ RunTime:0.000750s ]
SQL: SELECT ms_shopcar.*,ms_shopcar.Id as sId,ms_product.name as Pname,ms_product.product_img as product_img,ms_product.here_price as Phere_price,ms_product.machete_price as Pmachete_price,ms_product.sales_vol as Psales_vol,ms_category.name as PCName FROM `ms_shopcar` INNER JOIN ms_product ON ms_shopcar.pro_Id = ms_product.Id INNER JOIN ms_category ON ms_category.Id = ms_product.classId  WHERE `user_Name` = 'qcx120' AND `Id` = '30' ORDER BY ms_shopcar.addtime desc LIMIT 0,2   [ RunTime:0.001288s ]
ERR: 1052:Column 'Id' in where clause is ambiguous
 [ SQLËØ≠Âè• ] : SELECT ms_shopcar.*,ms_shopcar.Id as sId,ms_product.name as Pname,ms_product.product_img as product_img,ms_product.here_price as Phere_price,ms_product.machete_price as Pmachete_price,ms_product.sales_vol as Psales_vol,ms_category.name as PCName FROM `ms_shopcar` INNER JOIN ms_product ON ms_shopcar.pro_Id = ms_product.Id INNER JOIN ms_category ON ms_category.Id = ms_product.classId  WHERE `user_Name` = 'qcx120' AND `Id` = '30' ORDER BY ms_shopcar.addtime desc LIMIT 0,2  

[ 2017-12-25T19:55:14+08:00 ] 127.0.0.1 /my_mall/home/shopcar/update
INFO: [ app_begin ] --START--
INFO: Run Behavior\ReadHtmlCacheBehavior [ RunTime:0.000987s ]
INFO: [ app_begin ] --END-- [ RunTime:0.001912s ]
SQL: SHOW COLUMNS FROM `ms_shopcar` [ RunTime:0.010428s ]
SQL: UPDATE `ms_shopcar` SET `pro_num`=2 WHERE `user_Name` = 'qcx120' AND `Id` = 30 [ RunTime:0.000374s ]
SQL: SELECT COUNT(*) AS tp_count FROM `ms_shopcar` WHERE `user_Name` = 'qcx120' LIMIT 1   [ RunTime:0.000307s ]
SQL: SELECT ms_shopcar.*,ms_shopcar.Id as sId,ms_product.name as Pname,ms_product.product_img as product_img,ms_product.here_price as Phere_price,ms_product.machete_price as Pmachete_price,ms_product.sales_vol as Psales_vol,ms_category.name as PCName FROM `ms_shopcar` INNER JOIN ms_product ON ms_shopcar.pro_Id = ms_product.Id INNER JOIN ms_category ON ms_category.Id = ms_product.classId  WHERE `user_Name` = 'qcx120' AND `Id` = '30' ORDER BY ms_shopcar.addtime desc LIMIT 0,2   [ RunTime:0.000279s ]
ERR: 1052:Column 'Id' in where clause is ambiguous
 [ SQLËØ≠Âè• ] : SELECT ms_shopcar.*,ms_shopcar.Id as sId,ms_product.name as Pname,ms_product.product_img as product_img,ms_product.here_price as Phere_price,ms_product.machete_price as Pmachete_price,ms_product.sales_vol as Psales_vol,ms_category.name as PCName FROM `ms_shopcar` INNER JOIN ms_product ON ms_shopcar.pro_Id = ms_product.Id INNER JOIN ms_category ON ms_category.Id = ms_product.classId  WHERE `user_Name` = 'qcx120' AND `Id` = '30' ORDER BY ms_shopcar.addtime desc LIMIT 0,2  

[ 2017-12-25T20:06:36+08:00 ] 127.0.0.1 /my_mall/home/address/ajaxjson?Id=4
INFO: [ app_begin ] --START--
INFO: Run Behavior\ReadHtmlCacheBehavior [ RunTime:0.000941s ]
INFO: [ app_begin ] --END-- [ RunTime:0.001744s ]
SQL: SHOW COLUMNS FROM `ms_address` [ RunTime:0.016223s ]
SQL: SELECT * FROM `ms_address` WHERE `Id` = 4 LIMIT 1   [ RunTime:0.000400s ]

[ 2017-12-25T20:06:38+08:00 ] 127.0.0.1 /my_mall/home/address/update
INFO: [ app_begin ] --START--
INFO: Run Behavior\ReadHtmlCacheBehavior [ RunTime:0.001062s ]
INFO: [ app_begin ] --END-- [ RunTime:0.001877s ]
SQL: SHOW COLUMNS FROM `ms_address` [ RunTime:0.030172s ]
SQL: UPDATE `ms_address` SET `name`='fhhjg',`address_province`='Âåó‰∫¨Â∏\Ç',`address_city`='Âåó‰∫¨Â∏\Ç',`address_county`='‰∏úÂüéÂå\∫',`address_info`='vghj',`phonenumber`='15233659658',`postcode`='123658' WHERE `Id` = 4 [ RunTime:0.000394s ]

[ 2017-12-25T20:06:41+08:00 ] 127.0.0.1 /my_mall/home/address/ajaxjson?Id=4
INFO: [ app_begin ] --START--
INFO: Run Behavior\ReadHtmlCacheBehavior [ RunTime:0.001082s ]
INFO: [ app_begin ] --END-- [ RunTime:0.002296s ]
SQL: SHOW COLUMNS FROM `ms_address` [ RunTime:0.033114s ]
SQL: SELECT * FROM `ms_address` WHERE `Id` = 4 LIMIT 1   [ RunTime:0.000489s ]

[ 2017-12-25T20:06:44+08:00 ] 127.0.0.1 /my_mall/home/address/update
INFO: [ app_begin ] --START--
INFO: Run Behavior\ReadHtmlCacheBehavior [ RunTime:0.000971s ]
INFO: [ app_begin ] --END-- [ RunTime:0.001808s ]
SQL: SHOW COLUMNS FROM `ms_address` [ RunTime:0.027927s ]
SQL: SELECT `Id` FROM `ms_address` WHERE `user_Name` = 'qcx120' AND `ismoren` = 'Êò\Ø' LIMIT 1   [ RunTime:0.000388s ]
SQL: UPDATE `ms_address` SET `ismoren`='Âê\¶' WHERE `Id` = 1 [ RunTime:0.000391s ]
SQL: UPDATE `ms_address` SET `name`='fhhjg',`address_province`='Âåó‰∫¨Â∏\Ç',`address_city`='Âåó‰∫¨Â∏\Ç',`address_county`='‰∏úÂüéÂå\∫',`address_info`='vghj',`phonenumber`='15233659658',`postcode`='123658',`ismoren`='Êò\Ø' WHERE `Id` = 4 [ RunTime:0.000328s ]

[ 2017-12-25T20:06:58+08:00 ] 127.0.0.1 /my_mall/home/address/ajaxjson?Id=4
INFO: [ app_begin ] --START--
INFO: Run Behavior\ReadHtmlCacheBehavior [ RunTime:0.000988s ]
INFO: [ app_begin ] --END-- [ RunTime:0.001848s ]
SQL: SHOW COLUMNS FROM `ms_address` [ RunTime:0.033848s ]
SQL: SELECT * FROM `ms_address` WHERE `Id` = 4 LIMIT 1   [ RunTime:0.000405s ]

[ 2017-12-25T20:07:05+08:00 ] 127.0.0.1 /my_mall/home/address/update
INFO: [ app_begin ] --START--
INFO: Run Behavior\ReadHtmlCacheBehavior [ RunTime:0.001760s ]
INFO: [ app_begin ] --END-- [ RunTime:0.002901s ]
SQL: SHOW COLUMNS FROM `ms_address` [ RunTime:0.032098s ]
SQL: SELECT `Id` FROM `ms_address` WHERE `user_Name` = 'qcx120' AND `ismoren` = 'Êò\Ø' LIMIT 1   [ RunTime:0.000405s ]
SQL: UPDATE `ms_address` SET `ismoren`='Âê\¶' WHERE `Id` = 4 [ RunTime:0.000325s ]
SQL: UPDATE `ms_address` SET `name`='fhhjg',`address_province`='Âåó‰∫¨Â∏\Ç',`address_city`='Âåó‰∫¨Â∏\Ç',`address_county`='‰∏úÂüéÂå\∫',`address_info`='vghj',`phonenumber`='15233659658',`postcode`='123600',`ismoren`='Êò\Ø' WHERE `Id` = 4 [ RunTime:0.000317s ]

[ 2017-12-25T20:07:11+08:00 ] 127.0.0.1 /my_mall/home/address/ajaxjson?Id=1
INFO: [ app_begin ] --START--
INFO: Run Behavior\ReadHtmlCacheBehavior [ RunTime:0.000907s ]
INFO: [ app_begin ] --END-- [ RunTime:0.001680s ]
SQL: SHOW COLUMNS FROM `ms_address` [ RunTime:0.010672s ]
SQL: SELECT * FROM `ms_address` WHERE `Id` = 1 LIMIT 1   [ RunTime:0.000401s ]

[ 2017-12-25T20:07:17+08:00 ] 127.0.0.1 /my_mall/home/address/update
INFO: [ app_begin ] --START--
INFO: Run Behavior\ReadHtmlCacheBehavior [ RunTime:0.001047s ]
INFO: [ app_begin ] --END-- [ RunTime:0.001838s ]
SQL: SHOW COLUMNS FROM `ms_address` [ RunTime:0.027781s ]
SQL: SELECT `Id` FROM `ms_address` WHERE `user_Name` = 'qcx120' AND `ismoren` = 'Êò\Ø' LIMIT 1   [ RunTime:0.000393s ]
SQL: UPDATE `ms_address` SET `ismoren`='Âê\¶' WHERE `Id` = 4 [ RunTime:0.000372s ]
SQL: UPDATE `ms_address` SET `name`='ÂéªÊì¶Ê¥\ó',`address_province`='Âåó‰∫¨Â∏\Ç',`address_city`='Âåó‰∫¨Â∏\Ç',`address_county`='Â¥áÊñáÂå\∫',`address_info`='Â§ö‰∏™Âú∞ÊñπËßÑËåÉÁöÑÂú∞Êñ\π',`phonenumber`='15200965961',`postcode`='425508',`ismoren`='Êò\Ø' WHERE `Id` = 1 [ RunTime:0.000461s ]

[ 2017-12-25T20:08:36+08:00 ] 127.0.0.1 /my_mall/home/address/ajaxjson?Id=4
INFO: [ app_begin ] --START--
INFO: Run Behavior\ReadHtmlCacheBehavior [ RunTime:0.000959s ]
INFO: [ app_begin ] --END-- [ RunTime:0.001927s ]
SQL: SHOW COLUMNS FROM `ms_address` [ RunTime:0.029436s ]
SQL: SELECT * FROM `ms_address` WHERE `Id` = 4 LIMIT 1   [ RunTime:0.000452s ]

[ 2017-12-25T20:08:41+08:00 ] 127.0.0.1 /my_mall/home/address/update
INFO: [ app_begin ] --START--
INFO: Run Behavior\ReadHtmlCacheBehavior [ RunTime:0.000954s ]
INFO: [ app_begin ] --END-- [ RunTime:0.001915s ]
SQL: SHOW COLUMNS FROM `ms_address` [ RunTime:0.021421s ]
SQL: SELECT `Id` FROM `ms_address` WHERE `user_Name` = 'qcx120' AND `ismoren` = 'Êò\Ø' LIMIT 1   [ RunTime:0.000401s ]
SQL: UPDATE `ms_address` SET `ismoren`='Âê\¶' WHERE `Id` = 1 [ RunTime:0.000330s ]
SQL: UPDATE `ms_address` SET `name`='fhhjg',`address_province`='Âåó‰∫¨Â∏\Ç',`address_city`='Âåó‰∫¨Â∏\Ç',`address_county`='‰∏úÂüéÂå\∫',`address_info`='vghj',`phonenumber`='15233659658',`postcode`='123656',`ismoren`='Êò\Ø' WHERE `Id` = 4 [ RunTime:0.000425s ]

[ 2017-12-25T20:13:20+08:00 ] 127.0.0.1 /my_mall/home/address/ajaxjson?Id=4
INFO: [ app_begin ] --START--
INFO: Run Behavior\ReadHtmlCacheBehavior [ RunTime:0.001543s ]
INFO: [ app_begin ] --END-- [ RunTime:0.002853s ]
SQL: SHOW COLUMNS FROM `ms_address` [ RunTime:0.014928s ]
SQL: SELECT * FROM `ms_address` WHERE `Id` = 4 LIMIT 1   [ RunTime:0.000555s ]

[ 2017-12-25T20:13:22+08:00 ] 127.0.0.1 /my_mall/home/address/update
INFO: [ app_begin ] --START--
INFO: Run Behavior\ReadHtmlCacheBehavior [ RunTime:0.000945s ]
INFO: [ app_begin ] --END-- [ RunTime:0.001896s ]
SQL: SHOW COLUMNS FROM `ms_address` [ RunTime:0.012213s ]
SQL: SELECT `Id` FROM `ms_address` WHERE `user_Name` = 'qcx120' AND `ismoren` = 'Êò\Ø' LIMIT 1   [ RunTime:0.000392s ]
SQL: UPDATE `ms_address` SET `ismoren`='Âê\¶' WHERE `Id` = 4 [ RunTime:0.000329s ]
SQL: UPDATE `ms_address` SET `name`='fhhjg',`address_province`='Âåó‰∫¨Â∏\Ç',`address_city`='Âåó‰∫¨Â∏\Ç',`address_county`='‰∏úÂüéÂå\∫',`address_info`='vghj',`phonenumber`='15233659658',`postcode`='123656',`ismoren`='Êò\Ø' WHERE `Id` = 4 [ RunTime:0.000319s ]

[ 2017-12-25T20:13:26+08:00 ] 127.0.0.1 /my_mall/home/address/ajaxjson?Id=1
INFO: [ app_begin ] --START--
INFO: Run Behavior\ReadHtmlCacheBehavior [ RunTime:0.001193s ]
INFO: [ app_begin ] --END-- [ RunTime:0.002880s ]
SQL: SHOW COLUMNS FROM `ms_address` [ RunTime:0.028090s ]
SQL: SELECT * FROM `ms_address` WHERE `Id` = 1 LIMIT 1   [ RunTime:0.000448s ]

[ 2017-12-25T20:13:28+08:00 ] 127.0.0.1 /my_mall/home/address/update
INFO: [ app_begin ] --START--
INFO: Run Behavior\ReadHtmlCacheBehavior [ RunTime:0.001709s ]
INFO: [ app_begin ] --END-- [ RunTime:0.004959s ]
SQL: SHOW COLUMNS FROM `ms_address` [ RunTime:0.032313s ]
SQL: SELECT `Id` FROM `ms_address` WHERE `user_Name` = 'qcx120' AND `ismoren` = 'Êò\Ø' LIMIT 1   [ RunTime:0.000423s ]
SQL: UPDATE `ms_address` SET `ismoren`='Âê\¶' WHERE `Id` = 4 [ RunTime:0.002594s ]
SQL: UPDATE `ms_address` SET `name`='ÂéªÊì¶Ê¥\ó',`address_province`='Âåó‰∫¨Â∏\Ç',`address_city`='Âåó‰∫¨Â∏\Ç',`address_county`='Â¥áÊñáÂå\∫',`address_info`='Â§ö‰∏™Âú∞ÊñπËßÑËåÉÁöÑÂú∞Êñ\π',`phonenumber`='15200965961',`postcode`='425508',`ismoren`='Êò\Ø' WHERE `Id` = 1 [ RunTime:0.001089s ]

[ 2017-12-25T20:13:39+08:00 ] 127.0.0.1 /my_mall/home/address/ajaxjson?Id=4
INFO: [ app_begin ] --START--
INFO: Run Behavior\ReadHtmlCacheBehavior [ RunTime:0.000949s ]
INFO: [ app_begin ] --END-- [ RunTime:0.001964s ]
SQL: SHOW COLUMNS FROM `ms_address` [ RunTime:0.016395s ]
SQL: SELECT * FROM `ms_address` WHERE `Id` = 4 LIMIT 1   [ RunTime:0.000502s ]

[ 2017-12-25T20:13:43+08:00 ] 127.0.0.1 /my_mall/home/address/update
INFO: [ app_begin ] --START--
INFO: Run Behavior\ReadHtmlCacheBehavior [ RunTime:0.000926s ]
INFO: [ app_begin ] --END-- [ RunTime:0.001875s ]
SQL: SHOW COLUMNS FROM `ms_address` [ RunTime:0.028175s ]
SQL: SELECT `Id` FROM `ms_address` WHERE `user_Name` = 'qcx120' AND `ismoren` = 'Êò\Ø' LIMIT 1   [ RunTime:0.000390s ]
SQL: UPDATE `ms_address` SET `ismoren`='Âê\¶' WHERE `Id` = 1 [ RunTime:0.000341s ]
SQL: UPDATE `ms_address` SET `name`='fhhjg',`address_province`='Âåó‰∫¨Â∏\Ç',`address_city`='Âåó‰∫¨Â∏\Ç',`address_county`='‰∏úÂüéÂå\∫',`address_info`='vghj',`phonenumber`='15233659658',`postcode`='123656',`ismoren`='Êò\Ø' WHERE `Id` = 4 [ RunTime:0.000407s ]

[ 2017-12-25T20:15:14+08:00 ] 127.0.0.1 /my_mall/home/address/ajaxjson?Id=1
INFO: [ app_begin ] --START--
INFO: Run Behavior\ReadHtmlCacheBehavior [ RunTime:0.000960s ]
INFO: [ app_begin ] --END-- [ RunTime:0.001844s ]
SQL: SHOW COLUMNS FROM `ms_address` [ RunTime:0.014341s ]
SQL: SELECT * FROM `ms_address` WHERE `Id` = 1 LIMIT 1   [ RunTime:0.000396s ]

[ 2017-12-25T20:15:20+08:00 ] 127.0.0.1 /my_mall/home/address/update
INFO: [ app_begin ] --START--
INFO: Run Behavior\ReadHtmlCacheBehavior [ RunTime:0.001401s ]
INFO: [ app_begin ] --END-- [ RunTime:0.002262s ]
SQL: SHOW COLUMNS FROM `ms_address` [ RunTime:0.010258s ]
SQL: UPDATE `ms_address` SET `name`='ÂéªÊì¶Ê¥\ó',`address_province`='Âåó‰∫¨Â∏\Ç',`address_city`='Âåó‰∫¨Â∏\Ç',`address_county`='Â¥áÊñáÂå\∫',`address_info`='Â§ö‰∏™Âú∞ÊñπËßÑËåÉÁöÑÂú∞Êñ\π',`phonenumber`='15200965961',`postcode`='425554' WHERE `Id` = 1 [ RunTime:0.000402s ]

[ 2017-12-25T20:15:21+08:00 ] 127.0.0.1 /my_mall/home/address/update
INFO: [ app_begin ] --START--
INFO: Run Behavior\ReadHtmlCacheBehavior [ RunTime:0.000924s ]
INFO: [ app_begin ] --END-- [ RunTime:0.001787s ]
SQL: SHOW COLUMNS FROM `ms_address` [ RunTime:0.011560s ]
SQL: UPDATE `ms_address` SET `name`='ÂéªÊì¶Ê¥\ó',`address_province`='Âåó‰∫¨Â∏\Ç',`address_city`='Âåó‰∫¨Â∏\Ç',`address_county`='Â¥áÊñáÂå\∫',`address_info`='Â§ö‰∏™Âú∞ÊñπËßÑËåÉÁöÑÂú∞Êñ\π',`phonenumber`='15200965961',`postcode`='425554' WHERE `Id` = 1 [ RunTime:0.000365s ]

[ 2017-12-25T20:15:23+08:00 ] 127.0.0.1 /my_mall/home/address/update
INFO: [ app_begin ] --START--
INFO: Run Behavior\ReadHtmlCacheBehavior [ RunTime:0.001011s ]
INFO: [ app_begin ] --END-- [ RunTime:0.001844s ]
SQL: SHOW COLUMNS FROM `ms_address` [ RunTime:0.011303s ]
SQL: SELECT `Id` FROM `ms_address` WHERE `user_Name` = 'qcx120' AND `ismoren` = 'Êò\Ø' LIMIT 1   [ RunTime:0.000398s ]
SQL: UPDATE `ms_address` SET `ismoren`='Âê\¶' WHERE `Id` = 4 [ RunTime:0.000351s ]
SQL: UPDATE `ms_address` SET `name`='ÂéªÊì¶Ê¥\ó',`address_province`='Âåó‰∫¨Â∏\Ç',`address_city`='Âåó‰∫¨Â∏\Ç',`address_county`='Â¥áÊñáÂå\∫',`address_info`='Â§ö‰∏™Âú∞ÊñπËßÑËåÉÁöÑÂú∞Êñ\π',`phonenumber`='15200965961',`postcode`='425554',`ismoren`='Êò\Ø' WHERE `Id` = 1 [ RunTime:0.000346s ]

[ 2017-12-25T20:15:33+08:00 ] 127.0.0.1 /my_mall/home/address/ajaxjson?Id=4
INFO: [ app_begin ] --START--
INFO: Run Behavior\ReadHtmlCacheBehavior [ RunTime:0.000949s ]
INFO: [ app_begin ] --END-- [ RunTime:0.001874s ]
SQL: SHOW COLUMNS FROM `ms_address` [ RunTime:0.014800s ]
SQL: SELECT * FROM `ms_address` WHERE `Id` = 4 LIMIT 1   [ RunTime:0.000404s ]

[ 2017-12-25T20:15:36+08:00 ] 127.0.0.1 /my_mall/home/address/update
INFO: [ app_begin ] --START--
INFO: Run Behavior\ReadHtmlCacheBehavior [ RunTime:0.000917s ]
INFO: [ app_begin ] --END-- [ RunTime:0.001775s ]
SQL: SHOW COLUMNS FROM `ms_address` [ RunTime:0.011557s ]
SQL: SELECT `Id` FROM `ms_address` WHERE `user_Name` = 'qcx120' AND `ismoren` = 'Êò\Ø' LIMIT 1   [ RunTime:0.000416s ]
SQL: UPDATE `ms_address` SET `ismoren`='Âê\¶' WHERE `Id` = 1 [ RunTime:0.000343s ]
SQL: UPDATE `ms_address` SET `name`='fhhjg',`address_province`='Âåó‰∫¨Â∏\Ç',`address_city`='Âåó‰∫¨Â∏\Ç',`address_county`='‰∏úÂüéÂå\∫',`address_info`='vghj',`phonenumber`='15233659658',`postcode`='123656',`ismoren`='Êò\Ø' WHERE `Id` = 4 [ RunTime:0.000317s ]

[ 2017-12-25T20:16:47+08:00 ] 127.0.0.1 /my_mall/home/address/ajaxjson?Id=1
INFO: [ app_begin ] --START--
INFO: Run Behavior\ReadHtmlCacheBehavior [ RunTime:0.000924s ]
INFO: [ app_begin ] --END-- [ RunTime:0.001803s ]
SQL: SHOW COLUMNS FROM `ms_address` [ RunTime:0.012415s ]
SQL: SELECT * FROM `ms_address` WHERE `Id` = 1 LIMIT 1   [ RunTime:0.002029s ]

[ 2017-12-25T20:16:49+08:00 ] 127.0.0.1 /my_mall/home/address/update
INFO: [ app_begin ] --START--
INFO: Run Behavior\ReadHtmlCacheBehavior [ RunTime:0.000953s ]
INFO: [ app_begin ] --END-- [ RunTime:0.001819s ]
SQL: SHOW COLUMNS FROM `ms_address` [ RunTime:0.034733s ]
SQL: SELECT `Id` FROM `ms_address` WHERE `user_Name` = 'qcx120' AND `ismoren` = 'Êò\Ø' LIMIT 1   [ RunTime:0.000510s ]
SQL: UPDATE `ms_address` SET `ismoren`='Âê\¶' WHERE `Id` = 4 [ RunTime:0.000487s ]
SQL: UPDATE `ms_address` SET `name`='ÂéªÊì¶Ê¥\ó',`address_province`='Âåó‰∫¨Â∏\Ç',`address_city`='Âåó‰∫¨Â∏\Ç',`address_county`='Â¥áÊñáÂå\∫',`address_info`='Â§ö‰∏™Âú∞ÊñπËßÑËåÉÁöÑÂú∞Êñ\π',`phonenumber`='15200965961',`postcode`='425554',`ismoren`='Êò\Ø' WHERE `Id` = 1 [ RunTime:0.000352s ]

[ 2017-12-25T20:17:12+08:00 ] 127.0.0.1 /my_mall/home/address/ajaxjson?Id=4
INFO: [ app_begin ] --START--
INFO: Run Behavior\ReadHtmlCacheBehavior [ RunTime:0.001112s ]
INFO: [ app_begin ] --END-- [ RunTime:0.002090s ]
SQL: SHOW COLUMNS FROM `ms_address` [ RunTime:0.019834s ]
SQL: SELECT * FROM `ms_address` WHERE `Id` = 4 LIMIT 1   [ RunTime:0.000472s ]

[ 2017-12-25T20:17:14+08:00 ] 127.0.0.1 /my_mall/home/address/update
INFO: [ app_begin ] --START--
INFO: Run Behavior\ReadHtmlCacheBehavior [ RunTime:0.001068s ]
INFO: [ app_begin ] --END-- [ RunTime:0.001909s ]
SQL: SHOW COLUMNS FROM `ms_address` [ RunTime:0.015474s ]
SQL: SELECT `Id` FROM `ms_address` WHERE `user_Name` = 'qcx120' AND `ismoren` = 'Êò\Ø' LIMIT 1   [ RunTime:0.000401s ]
SQL: UPDATE `ms_address` SET `ismoren`='Âê\¶' WHERE `Id` = 1 [ RunTime:0.000322s ]
SQL: UPDATE `ms_address` SET `name`='fhhjg',`address_province`='Âåó‰∫¨Â∏\Ç',`address_city`='Âåó‰∫¨Â∏\Ç',`address_county`='‰∏úÂüéÂå\∫',`address_info`='vghj',`phonenumber`='15233659658',`postcode`='123656',`ismoren`='Êò\Ø' WHERE `Id` = 4 [ RunTime:0.000392s ]

[ 2017-12-25T20:18:46+08:00 ] 127.0.0.1 /my_mall/home/address/ajaxjson?Id=1
INFO: [ app_begin ] --START--
INFO: Run Behavior\ReadHtmlCacheBehavior [ RunTime:0.000985s ]
INFO: [ app_begin ] --END-- [ RunTime:0.001806s ]
SQL: SHOW COLUMNS FROM `ms_address` [ RunTime:0.011645s ]
SQL: SELECT * FROM `ms_address` WHERE `Id` = 1 LIMIT 1   [ RunTime:0.000414s ]

[ 2017-12-25T20:19:09+08:00 ] 127.0.0.1 /my_mall/home/address/ajaxjson?Id=1
INFO: [ app_begin ] --START--
INFO: Run Behavior\ReadHtmlCacheBehavior [ RunTime:0.003768s ]
INFO: [ app_begin ] --END-- [ RunTime:0.005975s ]
SQL: SHOW COLUMNS FROM `ms_address` [ RunTime:0.022313s ]
SQL: SELECT * FROM `ms_address` WHERE `Id` = 1 LIMIT 1   [ RunTime:0.001593s ]

[ 2017-12-25T20:19:24+08:00 ] 127.0.0.1 /my_mall/home/address/ajaxjson?Id=1
INFO: [ app_begin ] --START--
INFO: Run Behavior\ReadHtmlCacheBehavior [ RunTime:0.001131s ]
INFO: [ app_begin ] --END-- [ RunTime:0.003101s ]
SQL: SHOW COLUMNS FROM `ms_address` [ RunTime:0.016244s ]
SQL: SELECT * FROM `ms_address` WHERE `Id` = 1 LIMIT 1   [ RunTime:0.000401s ]

[ 2017-12-25T20:21:30+08:00 ] 127.0.0.1 /my_mall/home/address/ajaxjson?Id=1
INFO: [ app_begin ] --START--
INFO: Run Behavior\ReadHtmlCacheBehavior [ RunTime:0.000960s ]
INFO: [ app_begin ] --END-- [ RunTime:0.001750s ]
SQL: SHOW COLUMNS FROM `ms_address` [ RunTime:0.011556s ]
SQL: SELECT * FROM `ms_address` WHERE `Id` = 1 LIMIT 1   [ RunTime:0.000393s ]

[ 2017-12-25T20:21:59+08:00 ] 127.0.0.1 /my_mall/home/address/ajaxjson?Id=1
INFO: [ app_begin ] --START--
INFO: Run Behavior\ReadHtmlCacheBehavior [ RunTime:0.000936s ]
INFO: [ app_begin ] --END-- [ RunTime:0.001719s ]
SQL: SHOW COLUMNS FROM `ms_address` [ RunTime:0.019424s ]
SQL: SELECT * FROM `ms_address` WHERE `Id` = 1 LIMIT 1   [ RunTime:0.000402s ]

[ 2017-12-25T20:22:05+08:00 ] 127.0.0.1 /my_mall/home/address/ajaxjson?Id=1
INFO: [ app_begin ] --START--
INFO: Run Behavior\ReadHtmlCacheBehavior [ RunTime:0.001015s ]
INFO: [ app_begin ] --END-- [ RunTime:0.003176s ]
SQL: SHOW COLUMNS FROM `ms_address` [ RunTime:0.019239s ]
SQL: SELECT * FROM `ms_address` WHERE `Id` = 1 LIMIT 1   [ RunTime:0.000404s ]

[ 2017-12-25T20:22:59+08:00 ] 127.0.0.1 /my_mall/home/address/ajaxjson?Id=1
INFO: [ app_begin ] --START--
INFO: Run Behavior\ReadHtmlCacheBehavior [ RunTime:0.001880s ]
INFO: [ app_begin ] --END-- [ RunTime:0.003266s ]
SQL: SHOW COLUMNS FROM `ms_address` [ RunTime:0.022515s ]
SQL: SELECT * FROM `ms_address` WHERE `Id` = 1 LIMIT 1   [ RunTime:0.001058s ]

[ 2017-12-25T20:23:45+08:00 ] 127.0.0.1 /my_mall/home/address/ajaxjson?Id=1
INFO: [ app_begin ] --START--
INFO: Run Behavior\ReadHtmlCacheBehavior [ RunTime:0.001966s ]
INFO: [ app_begin ] --END-- [ RunTime:0.003426s ]
SQL: SHOW COLUMNS FROM `ms_address` [ RunTime:0.022401s ]
SQL: SELECT * FROM `ms_address` WHERE `Id` = 1 LIMIT 1   [ RunTime:0.000990s ]

[ 2017-12-25T20:24:30+08:00 ] 127.0.0.1 /my_mall/home/address/ajaxjson?Id=4
INFO: [ app_begin ] --START--
INFO: Run Behavior\ReadHtmlCacheBehavior [ RunTime:0.000941s ]
INFO: [ app_begin ] --END-- [ RunTime:0.001714s ]
SQL: SHOW COLUMNS FROM `ms_address` [ RunTime:0.014762s ]
SQL: SELECT * FROM `ms_address` WHERE `Id` = 4 LIMIT 1   [ RunTime:0.000410s ]

[ 2017-12-25T20:27:34+08:00 ] 127.0.0.1 /my_mall/home/address/ajaxjson?Id=1
INFO: [ app_begin ] --START--
INFO: Run Behavior\ReadHtmlCacheBehavior [ RunTime:0.003554s ]
INFO: [ app_begin ] --END-- [ RunTime:0.005884s ]
SQL: SHOW COLUMNS FROM `ms_address` [ RunTime:0.019232s ]
SQL: SELECT * FROM `ms_address` WHERE `Id` = 1 LIMIT 1   [ RunTime:0.000410s ]

[ 2017-12-25T20:27:37+08:00 ] 127.0.0.1 /my_mall/home/address/update
INFO: [ app_begin ] --START--
INFO: Run Behavior\ReadHtmlCacheBehavior [ RunTime:0.000912s ]
INFO: [ app_begin ] --END-- [ RunTime:0.001741s ]
SQL: SHOW COLUMNS FROM `ms_address` [ RunTime:0.032388s ]
SQL: SELECT `Id` FROM `ms_address` WHERE `user_Name` = 'qcx120' AND `ismoren` = 'Êò\Ø' LIMIT 1   [ RunTime:0.000398s ]
SQL: UPDATE `ms_address` SET `ismoren`='Âê\¶' WHERE `Id` = 4 [ RunTime:0.000320s ]
SQL: UPDATE `ms_address` SET `name`='ÂéªÊì¶Ê¥\ó',`address_province`='Âåó‰∫¨Â∏\Ç',`address_city`='Âåó‰∫¨Â∏\Ç',`address_county`='Â¥áÊñáÂå\∫',`address_info`='Â§ö‰∏™Âú∞ÊñπËßÑËåÉÁöÑÂú∞Êñ\π',`phonenumber`='15200965961',`postcode`='425554',`ismoren`='Êò\Ø' WHERE `Id` = 1 [ RunTime:0.000315s ]

[ 2017-12-25T20:27:40+08:00 ] 127.0.0.1 /my_mall/home/address/update
INFO: [ app_begin ] --START--
INFO: Run Behavior\ReadHtmlCacheBehavior [ RunTime:0.000937s ]
INFO: [ app_begin ] --END-- [ RunTime:0.001729s ]
SQL: SHOW COLUMNS FROM `ms_address` [ RunTime:0.011554s ]
SQL: SELECT `Id` FROM `ms_address` WHERE `user_Name` = 'qcx120' AND `ismoren` = 'Êò\Ø' LIMIT 1   [ RunTime:0.000476s ]
SQL: UPDATE `ms_address` SET `ismoren`='Âê\¶' WHERE `Id` = 1 [ RunTime:0.000343s ]
SQL: UPDATE `ms_address` SET `name`='ÂéªÊì¶Ê¥\ó',`address_province`='Âåó‰∫¨Â∏\Ç',`address_city`='Âåó‰∫¨Â∏\Ç',`address_county`='Â¥áÊñáÂå\∫',`address_info`='Â§ö‰∏™Âú∞ÊñπËßÑËåÉÁöÑÂú∞Êñ\π',`phonenumber`='15200965961',`postcode`='425554',`ismoren`='Êò\Ø' WHERE `Id` = 1 [ RunTime:0.000315s ]

[ 2017-12-25T20:30:28+08:00 ] 127.0.0.1 /my_mall/home/shopcar/add
INFO: [ app_begin ] --START--
INFO: Run Behavior\ReadHtmlCacheBehavior [ RunTime:0.000889s ]
INFO: [ app_begin ] --END-- [ RunTime:0.001659s ]
SQL: SHOW COLUMNS FROM `ms_shopcar` [ RunTime:0.012051s ]
SQL: SELECT * FROM `ms_shopcar` WHERE `pro_Id` = 16 AND `user_Name` = 'qcx120' LIMIT 1   [ RunTime:0.000393s ]
SQL: INSERT INTO `ms_shopcar` (`user_Name`,`pro_Id`,`pro_num`,`addtime`) VALUES ('qcx120',16,3,'2017-12-25 20:30:28') [ RunTime:0.000317s ]
SQL: SELECT COUNT(*) AS tp_count FROM `ms_shopcar` WHERE `user_Name` = 'qcx120' LIMIT 1   [ RunTime:0.000331s ]
SQL: SELECT ms_shopcar.*,ms_shopcar.Id as sId,ms_product.name as Pname,ms_product.product_img as product_img,ms_product.here_price as Phere_price,ms_product.machete_price as Pmachete_price,ms_product.sales_vol as Psales_vol,ms_category.name as PCName FROM `ms_shopcar` INNER JOIN ms_product ON ms_shopcar.pro_Id = ms_product.Id INNER JOIN ms_category ON ms_category.Id = ms_product.classId  WHERE `pro_Id` = '16' AND `user_Name` = 'qcx120' ORDER BY ms_shopcar.addtime desc LIMIT 0,2   [ RunTime:0.000517s ]

[ 2017-12-25T20:50:31+08:00 ] 127.0.0.1 /my_mall/home/shopcar/update
INFO: [ app_begin ] --START--
INFO: Run Behavior\ReadHtmlCacheBehavior [ RunTime:0.001217s ]
INFO: [ app_begin ] --END-- [ RunTime:0.002044s ]
SQL: SHOW COLUMNS FROM `ms_shopcar` [ RunTime:0.032828s ]
SQL: UPDATE `ms_shopcar` SET `pro_num`=2 WHERE `user_Name` = 'qcx120' AND `Id` = 32 [ RunTime:0.000612s ]
SQL: SELECT COUNT(*) AS tp_count FROM `ms_shopcar` WHERE `user_Name` = 'qcx120' LIMIT 1   [ RunTime:0.000465s ]
SQL: SELECT ms_shopcar.*,ms_shopcar.Id as sId,ms_product.name as Pname,ms_product.product_img as product_img,ms_product.here_price as Phere_price,ms_product.machete_price as Pmachete_price,ms_product.sales_vol as Psales_vol,ms_category.name as PCName FROM `ms_shopcar` INNER JOIN ms_product ON ms_shopcar.pro_Id = ms_product.Id INNER JOIN ms_category ON ms_category.Id = ms_product.classId  WHERE `user_Name` = 'qcx120' AND `Id` = '32' ORDER BY ms_shopcar.addtime desc LIMIT 0,2   [ RunTime:0.002613s ]
ERR: 1052:Column 'Id' in where clause is ambiguous
 [ SQLËØ≠Âè• ] : SELECT ms_shopcar.*,ms_shopcar.Id as sId,ms_product.name as Pname,ms_product.product_img as product_img,ms_product.here_price as Phere_price,ms_product.machete_price as Pmachete_price,ms_product.sales_vol as Psales_vol,ms_category.name as PCName FROM `ms_shopcar` INNER JOIN ms_product ON ms_shopcar.pro_Id = ms_product.Id INNER JOIN ms_category ON ms_category.Id = ms_product.classId  WHERE `user_Name` = 'qcx120' AND `Id` = '32' ORDER BY ms_shopcar.addtime desc LIMIT 0,2  

[ 2017-12-25T20:50:31+08:00 ] 127.0.0.1 /my_mall/home/shopcar/update
INFO: [ app_begin ] --START--
INFO: Run Behavior\ReadHtmlCacheBehavior [ RunTime:0.001947s ]
INFO: [ app_begin ] --END-- [ RunTime:0.004763s ]
SQL: SHOW COLUMNS FROM `ms_shopcar` [ RunTime:0.027479s ]
SQL: UPDATE `ms_shopcar` SET `pro_num`=1 WHERE `user_Name` = 'qcx120' AND `Id` = 32 [ RunTime:0.000389s ]
SQL: SELECT COUNT(*) AS tp_count FROM `ms_shopcar` WHERE `user_Name` = 'qcx120' LIMIT 1   [ RunTime:0.000318s ]
SQL: SELECT ms_shopcar.*,ms_shopcar.Id as sId,ms_product.name as Pname,ms_product.product_img as product_img,ms_product.here_price as Phere_price,ms_product.machete_price as Pmachete_price,ms_product.sales_vol as Psales_vol,ms_category.name as PCName FROM `ms_shopcar` INNER JOIN ms_product ON ms_shopcar.pro_Id = ms_product.Id INNER JOIN ms_category ON ms_category.Id = ms_product.classId  WHERE `user_Name` = 'qcx120' AND `Id` = '32' ORDER BY ms_shopcar.addtime desc LIMIT 0,2   [ RunTime:0.000282s ]
ERR: 1052:Column 'Id' in where clause is ambiguous
 [ SQLËØ≠Âè• ] : SELECT ms_shopcar.*,ms_shopcar.Id as sId,ms_product.name as Pname,ms_product.product_img as product_img,ms_product.here_price as Phere_price,ms_product.machete_price as Pmachete_price,ms_product.sales_vol as Psales_vol,ms_category.name as PCName FROM `ms_shopcar` INNER JOIN ms_product ON ms_shopcar.pro_Id = ms_product.Id INNER JOIN ms_category ON ms_category.Id = ms_product.classId  WHERE `user_Name` = 'qcx120' AND `Id` = '32' ORDER BY ms_shopcar.addtime desc LIMIT 0,2  

[ 2017-12-25T20:50:32+08:00 ] 127.0.0.1 /my_mall/home/shopcar/update
INFO: [ app_begin ] --START--
INFO: Run Behavior\ReadHtmlCacheBehavior [ RunTime:0.000940s ]
INFO: [ app_begin ] --END-- [ RunTime:0.001733s ]
SQL: SHOW COLUMNS FROM `ms_shopcar` [ RunTime:0.027667s ]
SQL: UPDATE `ms_shopcar` SET `pro_num`=2 WHERE `user_Name` = 'qcx120' AND `Id` = 32 [ RunTime:0.000404s ]
SQL: SELECT COUNT(*) AS tp_count FROM `ms_shopcar` WHERE `user_Name` = 'qcx120' LIMIT 1   [ RunTime:0.000326s ]
SQL: SELECT ms_shopcar.*,ms_shopcar.Id as sId,ms_product.name as Pname,ms_product.product_img as product_img,ms_product.here_price as Phere_price,ms_product.machete_price as Pmachete_price,ms_product.sales_vol as Psales_vol,ms_category.name as PCName FROM `ms_shopcar` INNER JOIN ms_product ON ms_shopcar.pro_Id = ms_product.Id INNER JOIN ms_category ON ms_category.Id = ms_product.classId  WHERE `user_Name` = 'qcx120' AND `Id` = '32' ORDER BY ms_shopcar.addtime desc LIMIT 0,2   [ RunTime:0.000286s ]
ERR: 1052:Column 'Id' in where clause is ambiguous
 [ SQLËØ≠Âè• ] : SELECT ms_shopcar.*,ms_shopcar.Id as sId,ms_product.name as Pname,ms_product.product_img as product_img,ms_product.here_price as Phere_price,ms_product.machete_price as Pmachete_price,ms_product.sales_vol as Psales_vol,ms_category.name as PCName FROM `ms_shopcar` INNER JOIN ms_product ON ms_shopcar.pro_Id = ms_product.Id INNER JOIN ms_category ON ms_category.Id = ms_product.classId  WHERE `user_Name` = 'qcx120' AND `Id` = '32' ORDER BY ms_shopcar.addtime desc LIMIT 0,2  

[ 2017-12-25T20:50:34+08:00 ] 127.0.0.1 /my_mall/home/shopcar/update
INFO: [ app_begin ] --START--
INFO: Run Behavior\ReadHtmlCacheBehavior [ RunTime:0.000936s ]
INFO: [ app_begin ] --END-- [ RunTime:0.001721s ]
SQL: SHOW COLUMNS FROM `ms_shopcar` [ RunTime:0.039516s ]
SQL: UPDATE `ms_shopcar` SET `pro_num`=3 WHERE `user_Name` = 'qcx120' AND `Id` = 32 [ RunTime:0.000557s ]
SQL: SELECT COUNT(*) AS tp_count FROM `ms_shopcar` WHERE `user_Name` = 'qcx120' LIMIT 1   [ RunTime:0.000457s ]
SQL: SELECT ms_shopcar.*,ms_shopcar.Id as sId,ms_product.name as Pname,ms_product.product_img as product_img,ms_product.here_price as Phere_price,ms_product.machete_price as Pmachete_price,ms_product.sales_vol as Psales_vol,ms_category.name as PCName FROM `ms_shopcar` INNER JOIN ms_product ON ms_shopcar.pro_Id = ms_product.Id INNER JOIN ms_category ON ms_category.Id = ms_product.classId  WHERE `user_Name` = 'qcx120' AND `Id` = '32' ORDER BY ms_shopcar.addtime desc LIMIT 0,2   [ RunTime:0.000292s ]
ERR: 1052:Column 'Id' in where clause is ambiguous
 [ SQLËØ≠Âè• ] : SELECT ms_shopcar.*,ms_shopcar.Id as sId,ms_product.name as Pname,ms_product.product_img as product_img,ms_product.here_price as Phere_price,ms_product.machete_price as Pmachete_price,ms_product.sales_vol as Psales_vol,ms_category.name as PCName FROM `ms_shopcar` INNER JOIN ms_product ON ms_shopcar.pro_Id = ms_product.Id INNER JOIN ms_category ON ms_category.Id = ms_product.classId  WHERE `user_Name` = 'qcx120' AND `Id` = '32' ORDER BY ms_shopcar.addtime desc LIMIT 0,2  

[ 2017-12-25T20:50:34+08:00 ] 127.0.0.1 /my_mall/home/shopcar/update
INFO: [ app_begin ] --START--
INFO: Run Behavior\ReadHtmlCacheBehavior [ RunTime:0.000926s ]
INFO: [ app_begin ] --END-- [ RunTime:0.001693s ]
SQL: SHOW COLUMNS FROM `ms_shopcar` [ RunTime:0.016383s ]
SQL: UPDATE `ms_shopcar` SET `pro_num`=2 WHERE `user_Name` = 'qcx120' AND `Id` = 32 [ RunTime:0.000420s ]
SQL: SELECT COUNT(*) AS tp_count FROM `ms_shopcar` WHERE `user_Name` = 'qcx120' LIMIT 1   [ RunTime:0.000332s ]
SQL: SELECT ms_shopcar.*,ms_shopcar.Id as sId,ms_product.name as Pname,ms_product.product_img as product_img,ms_product.here_price as Phere_price,ms_product.machete_price as Pmachete_price,ms_product.sales_vol as Psales_vol,ms_category.name as PCName FROM `ms_shopcar` INNER JOIN ms_product ON ms_shopcar.pro_Id = ms_product.Id INNER JOIN ms_category ON ms_category.Id = ms_product.classId  WHERE `user_Name` = 'qcx120' AND `Id` = '32' ORDER BY ms_shopcar.addtime desc LIMIT 0,2   [ RunTime:0.000304s ]
ERR: 1052:Column 'Id' in where clause is ambiguous
 [ SQLËØ≠Âè• ] : SELECT ms_shopcar.*,ms_shopcar.Id as sId,ms_product.name as Pname,ms_product.product_img as product_img,ms_product.here_price as Phere_price,ms_product.machete_price as Pmachete_price,ms_product.sales_vol as Psales_vol,ms_category.name as PCName FROM `ms_shopcar` INNER JOIN ms_product ON ms_shopcar.pro_Id = ms_product.Id INNER JOIN ms_category ON ms_category.Id = ms_product.classId  WHERE `user_Name` = 'qcx120' AND `Id` = '32' ORDER BY ms_shopcar.addtime desc LIMIT 0,2  

[ 2017-12-25T20:50:35+08:00 ] 127.0.0.1 /my_mall/home/shopcar/update
INFO: [ app_begin ] --START--
INFO: Run Behavior\ReadHtmlCacheBehavior [ RunTime:0.000896s ]
INFO: [ app_begin ] --END-- [ RunTime:0.002347s ]
SQL: SHOW COLUMNS FROM `ms_shopcar` [ RunTime:0.034314s ]
SQL: UPDATE `ms_shopcar` SET `pro_num`=3 WHERE `user_Name` = 'qcx120' AND `Id` = 32 [ RunTime:0.000534s ]
SQL: SELECT COUNT(*) AS tp_count FROM `ms_shopcar` WHERE `user_Name` = 'qcx120' LIMIT 1   [ RunTime:0.000349s ]
SQL: SELECT ms_shopcar.*,ms_shopcar.Id as sId,ms_product.name as Pname,ms_product.product_img as product_img,ms_product.here_price as Phere_price,ms_product.machete_price as Pmachete_price,ms_product.sales_vol as Psales_vol,ms_category.name as PCName FROM `ms_shopcar` INNER JOIN ms_product ON ms_shopcar.pro_Id = ms_product.Id INNER JOIN ms_category ON ms_category.Id = ms_product.classId  WHERE `user_Name` = 'qcx120' AND `Id` = '32' ORDER BY ms_shopcar.addtime desc LIMIT 0,2   [ RunTime:0.000283s ]
ERR: 1052:Column 'Id' in where clause is ambiguous
 [ SQLËØ≠Âè• ] : SELECT ms_shopcar.*,ms_shopcar.Id as sId,ms_product.name as Pname,ms_product.product_img as product_img,ms_product.here_price as Phere_price,ms_product.machete_price as Pmachete_price,ms_product.sales_vol as Psales_vol,ms_category.name as PCName FROM `ms_shopcar` INNER JOIN ms_product ON ms_shopcar.pro_Id = ms_product.Id INNER JOIN ms_category ON ms_category.Id = ms_product.classId  WHERE `user_Name` = 'qcx120' AND `Id` = '32' ORDER BY ms_shopcar.addtime desc LIMIT 0,2  

[ 2017-12-25T20:50:35+08:00 ] 127.0.0.1 /my_mall/home/shopcar/update
INFO: [ app_begin ] --START--
INFO: Run Behavior\ReadHtmlCacheBehavior [ RunTime:0.000945s ]
INFO: [ app_begin ] --END-- [ RunTime:0.001958s ]
SQL: SHOW COLUMNS FROM `ms_shopcar` [ RunTime:0.012204s ]
SQL: UPDATE `ms_shopcar` SET `pro_num`=2 WHERE `user_Name` = 'qcx120' AND `Id` = 32 [ RunTime:0.000376s ]
SQL: SELECT COUNT(*) AS tp_count FROM `ms_shopcar` WHERE `user_Name` = 'qcx120' LIMIT 1   [ RunTime:0.000312s ]
SQL: SELECT ms_shopcar.*,ms_shopcar.Id as sId,ms_product.name as Pname,ms_product.product_img as product_img,ms_product.here_price as Phere_price,ms_product.machete_price as Pmachete_price,ms_product.sales_vol as Psales_vol,ms_category.name as PCName FROM `ms_shopcar` INNER JOIN ms_product ON ms_shopcar.pro_Id = ms_product.Id INNER JOIN ms_category ON ms_category.Id = ms_product.classId  WHERE `user_Name` = 'qcx120' AND `Id` = '32' ORDER BY ms_shopcar.addtime desc LIMIT 0,2   [ RunTime:0.000284s ]
ERR: 1052:Column 'Id' in where clause is ambiguous
 [ SQLËØ≠Âè• ] : SELECT ms_shopcar.*,ms_shopcar.Id as sId,ms_product.name as Pname,ms_product.product_img as product_img,ms_product.here_price as Phere_price,ms_product.machete_price as Pmachete_price,ms_product.sales_vol as Psales_vol,ms_category.name as PCName FROM `ms_shopcar` INNER JOIN ms_product ON ms_shopcar.pro_Id = ms_product.Id INNER JOIN ms_category ON ms_category.Id = ms_product.classId  WHERE `user_Name` = 'qcx120' AND `Id` = '32' ORDER BY ms_shopcar.addtime desc LIMIT 0,2  

[ 2017-12-25T20:50:36+08:00 ] 127.0.0.1 /my_mall/home/shopcar/update
INFO: [ app_begin ] --START--
INFO: Run Behavior\ReadHtmlCacheBehavior [ RunTime:0.000956s ]
INFO: [ app_begin ] --END-- [ RunTime:0.001842s ]
SQL: SHOW COLUMNS FROM `ms_shopcar` [ RunTime:0.014267s ]
SQL: UPDATE `ms_shopcar` SET `pro_num`=3 WHERE `user_Name` = 'qcx120' AND `Id` = 32 [ RunTime:0.000363s ]
SQL: SELECT COUNT(*) AS tp_count FROM `ms_shopcar` WHERE `user_Name` = 'qcx120' LIMIT 1   [ RunTime:0.000317s ]
SQL: SELECT ms_shopcar.*,ms_shopcar.Id as sId,ms_product.name as Pname,ms_product.product_img as product_img,ms_product.here_price as Phere_price,ms_product.machete_price as Pmachete_price,ms_product.sales_vol as Psales_vol,ms_category.name as PCName FROM `ms_shopcar` INNER JOIN ms_product ON ms_shopcar.pro_Id = ms_product.Id INNER JOIN ms_category ON ms_category.Id = ms_product.classId  WHERE `user_Name` = 'qcx120' AND `Id` = '32' ORDER BY ms_shopcar.addtime desc LIMIT 0,2   [ RunTime:0.000285s ]
ERR: 1052:Column 'Id' in where clause is ambiguous
 [ SQLËØ≠Âè• ] : SELECT ms_shopcar.*,ms_shopcar.Id as sId,ms_product.name as Pname,ms_product.product_img as product_img,ms_product.here_price as Phere_price,ms_product.machete_price as Pmachete_price,ms_product.sales_vol as Psales_vol,ms_category.name as PCName FROM `ms_shopcar` INNER JOIN ms_product ON ms_shopcar.pro_Id = ms_product.Id INNER JOIN ms_category ON ms_category.Id = ms_product.classId  WHERE `user_Name` = 'qcx120' AND `Id` = '32' ORDER BY ms_shopcar.addtime desc LIMIT 0,2  

[ 2017-12-25T20:50:36+08:00 ] 127.0.0.1 /my_mall/home/shopcar/update
INFO: [ app_begin ] --START--
INFO: Run Behavior\ReadHtmlCacheBehavior [ RunTime:0.000932s ]
INFO: [ app_begin ] --END-- [ RunTime:0.001706s ]
SQL: SHOW COLUMNS FROM `ms_shopcar` [ RunTime:0.012284s ]
SQL: UPDATE `ms_shopcar` SET `pro_num`=4 WHERE `user_Name` = 'qcx120' AND `Id` = 32 [ RunTime:0.000396s ]
SQL: SELECT COUNT(*) AS tp_count FROM `ms_shopcar` WHERE `user_Name` = 'qcx120' LIMIT 1   [ RunTime:0.000312s ]
SQL: SELECT ms_shopcar.*,ms_shopcar.Id as sId,ms_product.name as Pname,ms_product.product_img as product_img,ms_product.here_price as Phere_price,ms_product.machete_price as Pmachete_price,ms_product.sales_vol as Psales_vol,ms_category.name as PCName FROM `ms_shopcar` INNER JOIN ms_product ON ms_shopcar.pro_Id = ms_product.Id INNER JOIN ms_category ON ms_category.Id = ms_product.classId  WHERE `user_Name` = 'qcx120' AND `Id` = '32' ORDER BY ms_shopcar.addtime desc LIMIT 0,2   [ RunTime:0.000283s ]
ERR: 1052:Column 'Id' in where clause is ambiguous
 [ SQLËØ≠Âè• ] : SELECT ms_shopcar.*,ms_shopcar.Id as sId,ms_product.name as Pname,ms_product.product_img as product_img,ms_product.here_price as Phere_price,ms_product.machete_price as Pmachete_price,ms_product.sales_vol as Psales_vol,ms_category.name as PCName FROM `ms_shopcar` INNER JOIN ms_product ON ms_shopcar.pro_Id = ms_product.Id INNER JOIN ms_category ON ms_category.Id = ms_product.classId  WHERE `user_Name` = 'qcx120' AND `Id` = '32' ORDER BY ms_shopcar.addtime desc LIMIT 0,2  

[ 2017-12-25T20:50:36+08:00 ] 127.0.0.1 /my_mall/home/shopcar/update
INFO: [ app_begin ] --START--
INFO: Run Behavior\ReadHtmlCacheBehavior [ RunTime:0.004051s ]
INFO: [ app_begin ] --END-- [ RunTime:0.006027s ]
SQL: SHOW COLUMNS FROM `ms_shopcar` [ RunTime:0.010214s ]
SQL: UPDATE `ms_shopcar` SET `pro_num`=5 WHERE `user_Name` = 'qcx120' AND `Id` = 32 [ RunTime:0.002021s ]
SQL: SELECT COUNT(*) AS tp_count FROM `ms_shopcar` WHERE `user_Name` = 'qcx120' LIMIT 1   [ RunTime:0.001114s ]
SQL: SELECT ms_shopcar.*,ms_shopcar.Id as sId,ms_product.name as Pname,ms_product.product_img as product_img,ms_product.here_price as Phere_price,ms_product.machete_price as Pmachete_price,ms_product.sales_vol as Psales_vol,ms_category.name as PCName FROM `ms_shopcar` INNER JOIN ms_product ON ms_shopcar.pro_Id = ms_product.Id INNER JOIN ms_category ON ms_category.Id = ms_product.classId  WHERE `user_Name` = 'qcx120' AND `Id` = '32' ORDER BY ms_shopcar.addtime desc LIMIT 0,2   [ RunTime:0.000340s ]
ERR: 1052:Column 'Id' in where clause is ambiguous
 [ SQLËØ≠Âè• ] : SELECT ms_shopcar.*,ms_shopcar.Id as sId,ms_product.name as Pname,ms_product.product_img as product_img,ms_product.here_price as Phere_price,ms_product.machete_price as Pmachete_price,ms_product.sales_vol as Psales_vol,ms_category.name as PCName FROM `ms_shopcar` INNER JOIN ms_product ON ms_shopcar.pro_Id = ms_product.Id INNER JOIN ms_category ON ms_category.Id = ms_product.classId  WHERE `user_Name` = 'qcx120' AND `Id` = '32' ORDER BY ms_shopcar.addtime desc LIMIT 0,2  

[ 2017-12-25T20:50:36+08:00 ] 127.0.0.1 /my_mall/home/shopcar/update
INFO: [ app_begin ] --START--
INFO: Run Behavior\ReadHtmlCacheBehavior [ RunTime:0.000928s ]
INFO: [ app_begin ] --END-- [ RunTime:0.001695s ]
SQL: SHOW COLUMNS FROM `ms_shopcar` [ RunTime:0.011457s ]
SQL: UPDATE `ms_shopcar` SET `pro_num`=6 WHERE `user_Name` = 'qcx120' AND `Id` = 32 [ RunTime:0.000386s ]
SQL: SELECT COUNT(*) AS tp_count FROM `ms_shopcar` WHERE `user_Name` = 'qcx120' LIMIT 1   [ RunTime:0.000316s ]
SQL: SELECT ms_shopcar.*,ms_shopcar.Id as sId,ms_product.name as Pname,ms_product.product_img as product_img,ms_product.here_price as Phere_price,ms_product.machete_price as Pmachete_price,ms_product.sales_vol as Psales_vol,ms_category.name as PCName FROM `ms_shopcar` INNER JOIN ms_product ON ms_shopcar.pro_Id = ms_product.Id INNER JOIN ms_category ON ms_category.Id = ms_product.classId  WHERE `user_Name` = 'qcx120' AND `Id` = '32' ORDER BY ms_shopcar.addtime desc LIMIT 0,2   [ RunTime:0.000281s ]
ERR: 1052:Column 'Id' in where clause is ambiguous
 [ SQLËØ≠Âè• ] : SELECT ms_shopcar.*,ms_shopcar.Id as sId,ms_product.name as Pname,ms_product.product_img as product_img,ms_product.here_price as Phere_price,ms_product.machete_price as Pmachete_price,ms_product.sales_vol as Psales_vol,ms_category.name as PCName FROM `ms_shopcar` INNER JOIN ms_product ON ms_shopcar.pro_Id = ms_product.Id INNER JOIN ms_category ON ms_category.Id = ms_product.classId  WHERE `user_Name` = 'qcx120' AND `Id` = '32' ORDER BY ms_shopcar.addtime desc LIMIT 0,2  

[ 2017-12-25T20:50:37+08:00 ] 127.0.0.1 /my_mall/home/shopcar/update
INFO: [ app_begin ] --START--
INFO: Run Behavior\ReadHtmlCacheBehavior [ RunTime:0.000933s ]
INFO: [ app_begin ] --END-- [ RunTime:0.001775s ]
SQL: SHOW COLUMNS FROM `ms_shopcar` [ RunTime:0.024480s ]
SQL: UPDATE `ms_shopcar` SET `pro_num`=7 WHERE `user_Name` = 'qcx120' AND `Id` = 32 [ RunTime:0.000386s ]
SQL: SELECT COUNT(*) AS tp_count FROM `ms_shopcar` WHERE `user_Name` = 'qcx120' LIMIT 1   [ RunTime:0.000319s ]
SQL: SELECT ms_shopcar.*,ms_shopcar.Id as sId,ms_product.name as Pname,ms_product.product_img as product_img,ms_product.here_price as Phere_price,ms_product.machete_price as Pmachete_price,ms_product.sales_vol as Psales_vol,ms_category.name as PCName FROM `ms_shopcar` INNER JOIN ms_product ON ms_shopcar.pro_Id = ms_product.Id INNER JOIN ms_category ON ms_category.Id = ms_product.classId  WHERE `user_Name` = 'qcx120' AND `Id` = '32' ORDER BY ms_shopcar.addtime desc LIMIT 0,2   [ RunTime:0.000313s ]
ERR: 1052:Column 'Id' in where clause is ambiguous
 [ SQLËØ≠Âè• ] : SELECT ms_shopcar.*,ms_shopcar.Id as sId,ms_product.name as Pname,ms_product.product_img as product_img,ms_product.here_price as Phere_price,ms_product.machete_price as Pmachete_price,ms_product.sales_vol as Psales_vol,ms_category.name as PCName FROM `ms_shopcar` INNER JOIN ms_product ON ms_shopcar.pro_Id = ms_product.Id INNER JOIN ms_category ON ms_category.Id = ms_product.classId  WHERE `user_Name` = 'qcx120' AND `Id` = '32' ORDER BY ms_shopcar.addtime desc LIMIT 0,2  

[ 2017-12-25T20:50:38+08:00 ] 127.0.0.1 /my_mall/home/shopcar/update
INFO: [ app_begin ] --START--
INFO: Run Behavior\ReadHtmlCacheBehavior [ RunTime:0.001100s ]
INFO: [ app_begin ] --END-- [ RunTime:0.001924s ]
SQL: SHOW COLUMNS FROM `ms_shopcar` [ RunTime:0.011463s ]
SQL: UPDATE `ms_shopcar` SET `pro_num`=6 WHERE `user_Name` = 'qcx120' AND `Id` = 32 [ RunTime:0.000395s ]
SQL: SELECT COUNT(*) AS tp_count FROM `ms_shopcar` WHERE `user_Name` = 'qcx120' LIMIT 1   [ RunTime:0.000332s ]
SQL: SELECT ms_shopcar.*,ms_shopcar.Id as sId,ms_product.name as Pname,ms_product.product_img as product_img,ms_product.here_price as Phere_price,ms_product.machete_price as Pmachete_price,ms_product.sales_vol as Psales_vol,ms_category.name as PCName FROM `ms_shopcar` INNER JOIN ms_product ON ms_shopcar.pro_Id = ms_product.Id INNER JOIN ms_category ON ms_category.Id = ms_product.classId  WHERE `user_Name` = 'qcx120' AND `Id` = '32' ORDER BY ms_shopcar.addtime desc LIMIT 0,2   [ RunTime:0.000291s ]
ERR: 1052:Column 'Id' in where clause is ambiguous
 [ SQLËØ≠Âè• ] : SELECT ms_shopcar.*,ms_shopcar.Id as sId,ms_product.name as Pname,ms_product.product_img as product_img,ms_product.here_price as Phere_price,ms_product.machete_price as Pmachete_price,ms_product.sales_vol as Psales_vol,ms_category.name as PCName FROM `ms_shopcar` INNER JOIN ms_product ON ms_shopcar.pro_Id = ms_product.Id INNER JOIN ms_category ON ms_category.Id = ms_product.classId  WHERE `user_Name` = 'qcx120' AND `Id` = '32' ORDER BY ms_shopcar.addtime desc LIMIT 0,2  

[ 2017-12-25T20:50:38+08:00 ] 127.0.0.1 /my_mall/home/shopcar/update
INFO: [ app_begin ] --START--
INFO: Run Behavior\ReadHtmlCacheBehavior [ RunTime:0.000873s ]
INFO: [ app_begin ] --END-- [ RunTime:0.001650s ]
SQL: SHOW COLUMNS FROM `ms_shopcar` [ RunTime:0.010358s ]
SQL: UPDATE `ms_shopcar` SET `pro_num`=5 WHERE `user_Name` = 'qcx120' AND `Id` = 32 [ RunTime:0.000376s ]
SQL: SELECT COUNT(*) AS tp_count FROM `ms_shopcar` WHERE `user_Name` = 'qcx120' LIMIT 1   [ RunTime:0.000335s ]
SQL: SELECT ms_shopcar.*,ms_shopcar.Id as sId,ms_product.name as Pname,ms_product.product_img as product_img,ms_product.here_price as Phere_price,ms_product.machete_price as Pmachete_price,ms_product.sales_vol as Psales_vol,ms_category.name as PCName FROM `ms_shopcar` INNER JOIN ms_product ON ms_shopcar.pro_Id = ms_product.Id INNER JOIN ms_category ON ms_category.Id = ms_product.classId  WHERE `user_Name` = 'qcx120' AND `Id` = '32' ORDER BY ms_shopcar.addtime desc LIMIT 0,2   [ RunTime:0.000299s ]
ERR: 1052:Column 'Id' in where clause is ambiguous
 [ SQLËØ≠Âè• ] : SELECT ms_shopcar.*,ms_shopcar.Id as sId,ms_product.name as Pname,ms_product.product_img as product_img,ms_product.here_price as Phere_price,ms_product.machete_price as Pmachete_price,ms_product.sales_vol as Psales_vol,ms_category.name as PCName FROM `ms_shopcar` INNER JOIN ms_product ON ms_shopcar.pro_Id = ms_product.Id INNER JOIN ms_category ON ms_category.Id = ms_product.classId  WHERE `user_Name` = 'qcx120' AND `Id` = '32' ORDER BY ms_shopcar.addtime desc LIMIT 0,2  

[ 2017-12-25T20:50:38+08:00 ] 127.0.0.1 /my_mall/home/shopcar/update
INFO: [ app_begin ] --START--
INFO: Run Behavior\ReadHtmlCacheBehavior [ RunTime:0.002350s ]
INFO: [ app_begin ] --END-- [ RunTime:0.004148s ]
SQL: SHOW COLUMNS FROM `ms_shopcar` [ RunTime:0.014203s ]
SQL: UPDATE `ms_shopcar` SET `pro_num`=4 WHERE `user_Name` = 'qcx120' AND `Id` = 32 [ RunTime:0.001618s ]
SQL: SELECT COUNT(*) AS tp_count FROM `ms_shopcar` WHERE `user_Name` = 'qcx120' LIMIT 1   [ RunTime:0.000338s ]
SQL: SELECT ms_shopcar.*,ms_shopcar.Id as sId,ms_product.name as Pname,ms_product.product_img as product_img,ms_product.here_price as Phere_price,ms_product.machete_price as Pmachete_price,ms_product.sales_vol as Psales_vol,ms_category.name as PCName FROM `ms_shopcar` INNER JOIN ms_product ON ms_shopcar.pro_Id = ms_product.Id INNER JOIN ms_category ON ms_category.Id = ms_product.classId  WHERE `user_Name` = 'qcx120' AND `Id` = '32' ORDER BY ms_shopcar.addtime desc LIMIT 0,2   [ RunTime:0.000289s ]
ERR: 1052:Column 'Id' in where clause is ambiguous
 [ SQLËØ≠Âè• ] : SELECT ms_shopcar.*,ms_shopcar.Id as sId,ms_product.name as Pname,ms_product.product_img as product_img,ms_product.here_price as Phere_price,ms_product.machete_price as Pmachete_price,ms_product.sales_vol as Psales_vol,ms_category.name as PCName FROM `ms_shopcar` INNER JOIN ms_product ON ms_shopcar.pro_Id = ms_product.Id INNER JOIN ms_category ON ms_category.Id = ms_product.classId  WHERE `user_Name` = 'qcx120' AND `Id` = '32' ORDER BY ms_shopcar.addtime desc LIMIT 0,2  

[ 2017-12-25T20:50:38+08:00 ] 127.0.0.1 /my_mall/home/shopcar/update
INFO: [ app_begin ] --START--
INFO: Run Behavior\ReadHtmlCacheBehavior [ RunTime:0.000978s ]
INFO: [ app_begin ] --END-- [ RunTime:0.001761s ]
SQL: SHOW COLUMNS FROM `ms_shopcar` [ RunTime:0.033771s ]
SQL: UPDATE `ms_shopcar` SET `pro_num`=3 WHERE `user_Name` = 'qcx120' AND `Id` = 32 [ RunTime:0.000534s ]
SQL: SELECT COUNT(*) AS tp_count FROM `ms_shopcar` WHERE `user_Name` = 'qcx120' LIMIT 1   [ RunTime:0.000312s ]
SQL: SELECT ms_shopcar.*,ms_shopcar.Id as sId,ms_product.name as Pname,ms_product.product_img as product_img,ms_product.here_price as Phere_price,ms_product.machete_price as Pmachete_price,ms_product.sales_vol as Psales_vol,ms_category.name as PCName FROM `ms_shopcar` INNER JOIN ms_product ON ms_shopcar.pro_Id = ms_product.Id INNER JOIN ms_category ON ms_category.Id = ms_product.classId  WHERE `user_Name` = 'qcx120' AND `Id` = '32' ORDER BY ms_shopcar.addtime desc LIMIT 0,2   [ RunTime:0.000280s ]
ERR: 1052:Column 'Id' in where clause is ambiguous
 [ SQLËØ≠Âè• ] : SELECT ms_shopcar.*,ms_shopcar.Id as sId,ms_product.name as Pname,ms_product.product_img as product_img,ms_product.here_price as Phere_price,ms_product.machete_price as Pmachete_price,ms_product.sales_vol as Psales_vol,ms_category.name as PCName FROM `ms_shopcar` INNER JOIN ms_product ON ms_shopcar.pro_Id = ms_product.Id INNER JOIN ms_category ON ms_category.Id = ms_product.classId  WHERE `user_Name` = 'qcx120' AND `Id` = '32' ORDER BY ms_shopcar.addtime desc LIMIT 0,2  

[ 2017-12-25T20:50:39+08:00 ] 127.0.0.1 /my_mall/home/shopcar/update
INFO: [ app_begin ] --START--
INFO: Run Behavior\ReadHtmlCacheBehavior [ RunTime:0.000945s ]
INFO: [ app_begin ] --END-- [ RunTime:0.001737s ]
SQL: SHOW COLUMNS FROM `ms_shopcar` [ RunTime:0.028161s ]
SQL: UPDATE `ms_shopcar` SET `pro_num`=2 WHERE `user_Name` = 'qcx120' AND `Id` = 32 [ RunTime:0.000378s ]
SQL: SELECT COUNT(*) AS tp_count FROM `ms_shopcar` WHERE `user_Name` = 'qcx120' LIMIT 1   [ RunTime:0.000358s ]
SQL: SELECT ms_shopcar.*,ms_shopcar.Id as sId,ms_product.name as Pname,ms_product.product_img as product_img,ms_product.here_price as Phere_price,ms_product.machete_price as Pmachete_price,ms_product.sales_vol as Psales_vol,ms_category.name as PCName FROM `ms_shopcar` INNER JOIN ms_product ON ms_shopcar.pro_Id = ms_product.Id INNER JOIN ms_category ON ms_category.Id = ms_product.classId  WHERE `user_Name` = 'qcx120' AND `Id` = '32' ORDER BY ms_shopcar.addtime desc LIMIT 0,2   [ RunTime:0.001377s ]
ERR: 1052:Column 'Id' in where clause is ambiguous
 [ SQLËØ≠Âè• ] : SELECT ms_shopcar.*,ms_shopcar.Id as sId,ms_product.name as Pname,ms_product.product_img as product_img,ms_product.here_price as Phere_price,ms_product.machete_price as Pmachete_price,ms_product.sales_vol as Psales_vol,ms_category.name as PCName FROM `ms_shopcar` INNER JOIN ms_product ON ms_shopcar.pro_Id = ms_product.Id INNER JOIN ms_category ON ms_category.Id = ms_product.classId  WHERE `user_Name` = 'qcx120' AND `Id` = '32' ORDER BY ms_shopcar.addtime desc LIMIT 0,2  

[ 2017-12-25T20:50:42+08:00 ] 127.0.0.1 /my_mall/home/shopcar/update
INFO: [ app_begin ] --START--
INFO: Run Behavior\ReadHtmlCacheBehavior [ RunTime:0.002853s ]
INFO: [ app_begin ] --END-- [ RunTime:0.003967s ]
SQL: SHOW COLUMNS FROM `ms_shopcar` [ RunTime:0.027850s ]
SQL: UPDATE `ms_shopcar` SET `pro_num`=2 WHERE `user_Name` = 'qcx120' AND `Id` = 33 [ RunTime:0.000372s ]
SQL: SELECT COUNT(*) AS tp_count FROM `ms_shopcar` WHERE `user_Name` = 'qcx120' LIMIT 1   [ RunTime:0.000316s ]
SQL: SELECT ms_shopcar.*,ms_shopcar.Id as sId,ms_product.name as Pname,ms_product.product_img as product_img,ms_product.here_price as Phere_price,ms_product.machete_price as Pmachete_price,ms_product.sales_vol as Psales_vol,ms_category.name as PCName FROM `ms_shopcar` INNER JOIN ms_product ON ms_shopcar.pro_Id = ms_product.Id INNER JOIN ms_category ON ms_category.Id = ms_product.classId  WHERE `user_Name` = 'qcx120' AND `Id` = '33' ORDER BY ms_shopcar.addtime desc LIMIT 0,2   [ RunTime:0.000287s ]
ERR: 1052:Column 'Id' in where clause is ambiguous
 [ SQLËØ≠Âè• ] : SELECT ms_shopcar.*,ms_shopcar.Id as sId,ms_product.name as Pname,ms_product.product_img as product_img,ms_product.here_price as Phere_price,ms_product.machete_price as Pmachete_price,ms_product.sales_vol as Psales_vol,ms_category.name as PCName FROM `ms_shopcar` INNER JOIN ms_product ON ms_shopcar.pro_Id = ms_product.Id INNER JOIN ms_category ON ms_category.Id = ms_product.classId  WHERE `user_Name` = 'qcx120' AND `Id` = '33' ORDER BY ms_shopcar.addtime desc LIMIT 0,2  

[ 2017-12-25T20:50:42+08:00 ] 127.0.0.1 /my_mall/home/shopcar/update
INFO: [ app_begin ] --START--
INFO: Run Behavior\ReadHtmlCacheBehavior [ RunTime:0.000958s ]
INFO: [ app_begin ] --END-- [ RunTime:0.002241s ]
SQL: SHOW COLUMNS FROM `ms_shopcar` [ RunTime:0.014608s ]
SQL: UPDATE `ms_shopcar` SET `pro_num`=1 WHERE `user_Name` = 'qcx120' AND `Id` = 33 [ RunTime:0.000456s ]
SQL: SELECT COUNT(*) AS tp_count FROM `ms_shopcar` WHERE `user_Name` = 'qcx120' LIMIT 1   [ RunTime:0.000379s ]
SQL: SELECT ms_shopcar.*,ms_shopcar.Id as sId,ms_product.name as Pname,ms_product.product_img as product_img,ms_product.here_price as Phere_price,ms_product.machete_price as Pmachete_price,ms_product.sales_vol as Psales_vol,ms_category.name as PCName FROM `ms_shopcar` INNER JOIN ms_product ON ms_shopcar.pro_Id = ms_product.Id INNER JOIN ms_category ON ms_category.Id = ms_product.classId  WHERE `user_Name` = 'qcx120' AND `Id` = '33' ORDER BY ms_shopcar.addtime desc LIMIT 0,2   [ RunTime:0.000282s ]
ERR: 1052:Column 'Id' in where clause is ambiguous
 [ SQLËØ≠Âè• ] : SELECT ms_shopcar.*,ms_shopcar.Id as sId,ms_product.name as Pname,ms_product.product_img as product_img,ms_product.here_price as Phere_price,ms_product.machete_price as Pmachete_price,ms_product.sales_vol as Psales_vol,ms_category.name as PCName FROM `ms_shopcar` INNER JOIN ms_product ON ms_shopcar.pro_Id = ms_product.Id INNER JOIN ms_category ON ms_category.Id = ms_product.classId  WHERE `user_Name` = 'qcx120' AND `Id` = '33' ORDER BY ms_shopcar.addtime desc LIMIT 0,2  

[ 2017-12-25T20:50:43+08:00 ] 127.0.0.1 /my_mall/home/shopcar/update
INFO: [ app_begin ] --START--
INFO: Run Behavior\ReadHtmlCacheBehavior [ RunTime:0.002984s ]
INFO: [ app_begin ] --END-- [ RunTime:0.003921s ]
SQL: SHOW COLUMNS FROM `ms_shopcar` [ RunTime:0.017614s ]
SQL: UPDATE `ms_shopcar` SET `pro_num`=0 WHERE `user_Name` = 'qcx120' AND `Id` = 33 [ RunTime:0.000368s ]
SQL: SELECT COUNT(*) AS tp_count FROM `ms_shopcar` WHERE `user_Name` = 'qcx120' LIMIT 1   [ RunTime:0.000314s ]
SQL: SELECT ms_shopcar.*,ms_shopcar.Id as sId,ms_product.name as Pname,ms_product.product_img as product_img,ms_product.here_price as Phere_price,ms_product.machete_price as Pmachete_price,ms_product.sales_vol as Psales_vol,ms_category.name as PCName FROM `ms_shopcar` INNER JOIN ms_product ON ms_shopcar.pro_Id = ms_product.Id INNER JOIN ms_category ON ms_category.Id = ms_product.classId  WHERE `user_Name` = 'qcx120' AND `Id` = '33' ORDER BY ms_shopcar.addtime desc LIMIT 0,2   [ RunTime:0.000282s ]
ERR: 1052:Column 'Id' in where clause is ambiguous
 [ SQLËØ≠Âè• ] : SELECT ms_shopcar.*,ms_shopcar.Id as sId,ms_product.name as Pname,ms_product.product_img as product_img,ms_product.here_price as Phere_price,ms_product.machete_price as Pmachete_price,ms_product.sales_vol as Psales_vol,ms_category.name as PCName FROM `ms_shopcar` INNER JOIN ms_product ON ms_shopcar.pro_Id = ms_product.Id INNER JOIN ms_category ON ms_category.Id = ms_product.classId  WHERE `user_Name` = 'qcx120' AND `Id` = '33' ORDER BY ms_shopcar.addtime desc LIMIT 0,2  

[ 2017-12-25T20:50:44+08:00 ] 127.0.0.1 /my_mall/home/shopcar/update
INFO: [ app_begin ] --START--
INFO: Run Behavior\ReadHtmlCacheBehavior [ RunTime:0.000957s ]
INFO: [ app_begin ] --END-- [ RunTime:0.001958s ]
SQL: SHOW COLUMNS FROM `ms_shopcar` [ RunTime:0.033122s ]
SQL: UPDATE `ms_shopcar` SET `pro_num`=1 WHERE `user_Name` = 'qcx120' AND `Id` = 33 [ RunTime:0.000401s ]
SQL: SELECT COUNT(*) AS tp_count FROM `ms_shopcar` WHERE `user_Name` = 'qcx120' LIMIT 1   [ RunTime:0.000326s ]
SQL: SELECT ms_shopcar.*,ms_shopcar.Id as sId,ms_product.name as Pname,ms_product.product_img as product_img,ms_product.here_price as Phere_price,ms_product.machete_price as Pmachete_price,ms_product.sales_vol as Psales_vol,ms_category.name as PCName FROM `ms_shopcar` INNER JOIN ms_product ON ms_shopcar.pro_Id = ms_product.Id INNER JOIN ms_category ON ms_category.Id = ms_product.classId  WHERE `user_Name` = 'qcx120' AND `Id` = '33' ORDER BY ms_shopcar.addtime desc LIMIT 0,2   [ RunTime:0.000284s ]
ERR: 1052:Column 'Id' in where clause is ambiguous
 [ SQLËØ≠Âè• ] : SELECT ms_shopcar.*,ms_shopcar.Id as sId,ms_product.name as Pname,ms_product.product_img as product_img,ms_product.here_price as Phere_price,ms_product.machete_price as Pmachete_price,ms_product.sales_vol as Psales_vol,ms_category.name as PCName FROM `ms_shopcar` INNER JOIN ms_product ON ms_shopcar.pro_Id = ms_product.Id INNER JOIN ms_category ON ms_category.Id = ms_product.classId  WHERE `user_Name` = 'qcx120' AND `Id` = '33' ORDER BY ms_shopcar.addtime desc LIMIT 0,2  

[ 2017-12-25T20:50:44+08:00 ] 127.0.0.1 /my_mall/home/shopcar/update
INFO: [ app_begin ] --START--
INFO: Run Behavior\ReadHtmlCacheBehavior [ RunTime:0.000947s ]
INFO: [ app_begin ] --END-- [ RunTime:0.001702s ]
SQL: SHOW COLUMNS FROM `ms_shopcar` [ RunTime:0.011275s ]
SQL: UPDATE `ms_shopcar` SET `pro_num`=2 WHERE `user_Name` = 'qcx120' AND `Id` = 33 [ RunTime:0.000372s ]
SQL: SELECT COUNT(*) AS tp_count FROM `ms_shopcar` WHERE `user_Name` = 'qcx120' LIMIT 1   [ RunTime:0.000325s ]
SQL: SELECT ms_shopcar.*,ms_shopcar.Id as sId,ms_product.name as Pname,ms_product.product_img as product_img,ms_product.here_price as Phere_price,ms_product.machete_price as Pmachete_price,ms_product.sales_vol as Psales_vol,ms_category.name as PCName FROM `ms_shopcar` INNER JOIN ms_product ON ms_shopcar.pro_Id = ms_product.Id INNER JOIN ms_category ON ms_category.Id = ms_product.classId  WHERE `user_Name` = 'qcx120' AND `Id` = '33' ORDER BY ms_shopcar.addtime desc LIMIT 0,2   [ RunTime:0.000286s ]
ERR: 1052:Column 'Id' in where clause is ambiguous
 [ SQLËØ≠Âè• ] : SELECT ms_shopcar.*,ms_shopcar.Id as sId,ms_product.name as Pname,ms_product.product_img as product_img,ms_product.here_price as Phere_price,ms_product.machete_price as Pmachete_price,ms_product.sales_vol as Psales_vol,ms_category.name as PCName FROM `ms_shopcar` INNER JOIN ms_product ON ms_shopcar.pro_Id = ms_product.Id INNER JOIN ms_category ON ms_category.Id = ms_product.classId  WHERE `user_Name` = 'qcx120' AND `Id` = '33' ORDER BY ms_shopcar.addtime desc LIMIT 0,2  

[ 2017-12-25T20:50:44+08:00 ] 127.0.0.1 /my_mall/home/shopcar/update
INFO: [ app_begin ] --START--
INFO: Run Behavior\ReadHtmlCacheBehavior [ RunTime:0.000927s ]
INFO: [ app_begin ] --END-- [ RunTime:0.001749s ]
SQL: SHOW COLUMNS FROM `ms_shopcar` [ RunTime:0.010260s ]
SQL: UPDATE `ms_shopcar` SET `pro_num`=3 WHERE `user_Name` = 'qcx120' AND `Id` = 33 [ RunTime:0.000404s ]
SQL: SELECT COUNT(*) AS tp_count FROM `ms_shopcar` WHERE `user_Name` = 'qcx120' LIMIT 1   [ RunTime:0.000321s ]
SQL: SELECT ms_shopcar.*,ms_shopcar.Id as sId,ms_product.name as Pname,ms_product.product_img as product_img,ms_product.here_price as Phere_price,ms_product.machete_price as Pmachete_price,ms_product.sales_vol as Psales_vol,ms_category.name as PCName FROM `ms_shopcar` INNER JOIN ms_product ON ms_shopcar.pro_Id = ms_product.Id INNER JOIN ms_category ON ms_category.Id = ms_product.classId  WHERE `user_Name` = 'qcx120' AND `Id` = '33' ORDER BY ms_shopcar.addtime desc LIMIT 0,2   [ RunTime:0.000281s ]
ERR: 1052:Column 'Id' in where clause is ambiguous
 [ SQLËØ≠Âè• ] : SELECT ms_shopcar.*,ms_shopcar.Id as sId,ms_product.name as Pname,ms_product.product_img as product_img,ms_product.here_price as Phere_price,ms_product.machete_price as Pmachete_price,ms_product.sales_vol as Psales_vol,ms_category.name as PCName FROM `ms_shopcar` INNER JOIN ms_product ON ms_shopcar.pro_Id = ms_product.Id INNER JOIN ms_category ON ms_category.Id = ms_product.classId  WHERE `user_Name` = 'qcx120' AND `Id` = '33' ORDER BY ms_shopcar.addtime desc LIMIT 0,2  

[ 2017-12-25T20:50:44+08:00 ] 127.0.0.1 /my_mall/home/shopcar/update
INFO: [ app_begin ] --START--
INFO: Run Behavior\ReadHtmlCacheBehavior [ RunTime:0.000938s ]
INFO: [ app_begin ] --END-- [ RunTime:0.001687s ]
SQL: SHOW COLUMNS FROM `ms_shopcar` [ RunTime:0.009915s ]
SQL: UPDATE `ms_shopcar` SET `pro_num`=4 WHERE `user_Name` = 'qcx120' AND `Id` = 33 [ RunTime:0.000377s ]
SQL: SELECT COUNT(*) AS tp_count FROM `ms_shopcar` WHERE `user_Name` = 'qcx120' LIMIT 1   [ RunTime:0.000320s ]
SQL: SELECT ms_shopcar.*,ms_shopcar.Id as sId,ms_product.name as Pname,ms_product.product_img as product_img,ms_product.here_price as Phere_price,ms_product.machete_price as Pmachete_price,ms_product.sales_vol as Psales_vol,ms_category.name as PCName FROM `ms_shopcar` INNER JOIN ms_product ON ms_shopcar.pro_Id = ms_product.Id INNER JOIN ms_category ON ms_category.Id = ms_product.classId  WHERE `user_Name` = 'qcx120' AND `Id` = '33' ORDER BY ms_shopcar.addtime desc LIMIT 0,2   [ RunTime:0.000283s ]
ERR: 1052:Column 'Id' in where clause is ambiguous
 [ SQLËØ≠Âè• ] : SELECT ms_shopcar.*,ms_shopcar.Id as sId,ms_product.name as Pname,ms_product.product_img as product_img,ms_product.here_price as Phere_price,ms_product.machete_price as Pmachete_price,ms_product.sales_vol as Psales_vol,ms_category.name as PCName FROM `ms_shopcar` INNER JOIN ms_product ON ms_shopcar.pro_Id = ms_product.Id INNER JOIN ms_category ON ms_category.Id = ms_product.classId  WHERE `user_Name` = 'qcx120' AND `Id` = '33' ORDER BY ms_shopcar.addtime desc LIMIT 0,2  

[ 2017-12-25T20:50:45+08:00 ] 127.0.0.1 /my_mall/home/shopcar/update
INFO: [ app_begin ] --START--
INFO: Run Behavior\ReadHtmlCacheBehavior [ RunTime:0.000929s ]
INFO: [ app_begin ] --END-- [ RunTime:0.001711s ]
SQL: SHOW COLUMNS FROM `ms_shopcar` [ RunTime:0.011782s ]
SQL: UPDATE `ms_shopcar` SET `pro_num`=5 WHERE `user_Name` = 'qcx120' AND `Id` = 33 [ RunTime:0.000381s ]
SQL: SELECT COUNT(*) AS tp_count FROM `ms_shopcar` WHERE `user_Name` = 'qcx120' LIMIT 1   [ RunTime:0.000313s ]
SQL: SELECT ms_shopcar.*,ms_shopcar.Id as sId,ms_product.name as Pname,ms_product.product_img as product_img,ms_product.here_price as Phere_price,ms_product.machete_price as Pmachete_price,ms_product.sales_vol as Psales_vol,ms_category.name as PCName FROM `ms_shopcar` INNER JOIN ms_product ON ms_shopcar.pro_Id = ms_product.Id INNER JOIN ms_category ON ms_category.Id = ms_product.classId  WHERE `user_Name` = 'qcx120' AND `Id` = '33' ORDER BY ms_shopcar.addtime desc LIMIT 0,2   [ RunTime:0.000279s ]
ERR: 1052:Column 'Id' in where clause is ambiguous
 [ SQLËØ≠Âè• ] : SELECT ms_shopcar.*,ms_shopcar.Id as sId,ms_product.name as Pname,ms_product.product_img as product_img,ms_product.here_price as Phere_price,ms_product.machete_price as Pmachete_price,ms_product.sales_vol as Psales_vol,ms_category.name as PCName FROM `ms_shopcar` INNER JOIN ms_product ON ms_shopcar.pro_Id = ms_product.Id INNER JOIN ms_category ON ms_category.Id = ms_product.classId  WHERE `user_Name` = 'qcx120' AND `Id` = '33' ORDER BY ms_shopcar.addtime desc LIMIT 0,2  

[ 2017-12-25T20:57:01+08:00 ] 127.0.0.1 /my_mall/home/address/ajaxjson?Id=4
INFO: [ app_begin ] --START--
INFO: Run Behavior\ReadHtmlCacheBehavior [ RunTime:0.000950s ]
INFO: [ app_begin ] --END-- [ RunTime:0.001878s ]
SQL: SHOW COLUMNS FROM `ms_address` [ RunTime:0.012133s ]
SQL: SELECT * FROM `ms_address` WHERE `Id` = 4 LIMIT 1   [ RunTime:0.000492s ]

[ 2017-12-25T20:57:05+08:00 ] 127.0.0.1 /my_mall/home/address/update
INFO: [ app_begin ] --START--
INFO: Run Behavior\ReadHtmlCacheBehavior [ RunTime:0.001871s ]
INFO: [ app_begin ] --END-- [ RunTime:0.005145s ]
SQL: SHOW COLUMNS FROM `ms_address` [ RunTime:0.018862s ]
SQL: SELECT `Id` FROM `ms_address` WHERE `user_Name` = 'qcx120' AND `ismoren` = 'Êò\Ø' LIMIT 1   [ RunTime:0.001432s ]
SQL: UPDATE `ms_address` SET `ismoren`='Âê\¶' WHERE `Id` = 1 [ RunTime:0.002605s ]
SQL: UPDATE `ms_address` SET `name`='fhhjg',`address_province`='Âåó‰∫¨Â∏\Ç',`address_city`='Âåó‰∫¨Â∏\Ç',`address_county`='‰∏úÂüéÂå\∫',`address_info`='vghj',`phonenumber`='15233659658',`postcode`='123656',`ismoren`='Êò\Ø' WHERE `Id` = 4 [ RunTime:0.000827s ]

[ 2017-12-25T20:57:08+08:00 ] 127.0.0.1 /my_mall/home/address/ajaxjson?Id=4
INFO: [ app_begin ] --START--
INFO: Run Behavior\ReadHtmlCacheBehavior [ RunTime:0.000761s ]
INFO: [ app_begin ] --END-- [ RunTime:0.001457s ]
SQL: SHOW COLUMNS FROM `ms_address` [ RunTime:0.014630s ]
SQL: SELECT * FROM `ms_address` WHERE `Id` = 4 LIMIT 1   [ RunTime:0.000400s ]

[ 2017-12-25T20:57:11+08:00 ] 127.0.0.1 /my_mall/home/address/update
INFO: [ app_begin ] --START--
INFO: Run Behavior\ReadHtmlCacheBehavior [ RunTime:0.000930s ]
INFO: [ app_begin ] --END-- [ RunTime:0.001874s ]
SQL: SHOW COLUMNS FROM `ms_address` [ RunTime:0.021884s ]
SQL: SELECT `Id` FROM `ms_address` WHERE `user_Name` = 'qcx120' AND `ismoren` = 'Êò\Ø' LIMIT 1   [ RunTime:0.001521s ]
SQL: UPDATE `ms_address` SET `ismoren`='Âê\¶' WHERE `Id` = 4 [ RunTime:0.001522s ]
SQL: UPDATE `ms_address` SET `name`='fhhjg',`address_province`='Âåó‰∫¨Â∏\Ç',`address_city`='Âåó‰∫¨Â∏\Ç',`address_county`='‰∏úÂüéÂå\∫',`address_info`='vghj',`phonenumber`='15233659658',`postcode`='123656',`ismoren`='Êò\Ø' WHERE `Id` = 4 [ RunTime:0.000523s ]

[ 2017-12-25T20:57:31+08:00 ] 127.0.0.1 /my_mall/home/address/ajaxjson?Id=4
INFO: [ app_begin ] --START--
INFO: Run Behavior\ReadHtmlCacheBehavior [ RunTime:0.004545s ]
INFO: [ app_begin ] --END-- [ RunTime:0.006195s ]
SQL: SHOW COLUMNS FROM `ms_address` [ RunTime:0.026603s ]
SQL: SELECT * FROM `ms_address` WHERE `Id` = 4 LIMIT 1   [ RunTime:0.000753s ]

[ 2017-12-25T20:57:34+08:00 ] 127.0.0.1 /my_mall/home/address/ajaxjson?Id=1
INFO: [ app_begin ] --START--
INFO: Run Behavior\ReadHtmlCacheBehavior [ RunTime:0.004769s ]
INFO: [ app_begin ] --END-- [ RunTime:0.006387s ]
SQL: SHOW COLUMNS FROM `ms_address` [ RunTime:0.018641s ]
SQL: SELECT * FROM `ms_address` WHERE `Id` = 1 LIMIT 1   [ RunTime:0.000601s ]

[ 2017-12-25T20:57:37+08:00 ] 127.0.0.1 /my_mall/home/address/update
INFO: [ app_begin ] --START--
INFO: Run Behavior\ReadHtmlCacheBehavior [ RunTime:0.000987s ]
INFO: [ app_begin ] --END-- [ RunTime:0.001979s ]
SQL: SHOW COLUMNS FROM `ms_address` [ RunTime:0.015778s ]
SQL: SELECT `Id` FROM `ms_address` WHERE `user_Name` = 'qcx120' AND `ismoren` = 'Êò\Ø' LIMIT 1   [ RunTime:0.000410s ]
SQL: UPDATE `ms_address` SET `ismoren`='Âê\¶' WHERE `Id` = 4 [ RunTime:0.000324s ]
SQL: UPDATE `ms_address` SET `name`='ÂéªÊì¶Ê¥\ó',`address_province`='Âåó‰∫¨Â∏\Ç',`address_city`='Âåó‰∫¨Â∏\Ç',`address_county`='Â¥áÊñáÂå\∫',`address_info`='Â§ö‰∏™Âú∞ÊñπËßÑËåÉÁöÑÂú∞Êñ\π',`phonenumber`='15200965961',`postcode`='425554',`ismoren`='Êò\Ø' WHERE `Id` = 1 [ RunTime:0.000335s ]

[ 2017-12-25T21:02:18+08:00 ] 127.0.0.1 /my_mall/home/address/ajaxjson?Id=4
INFO: [ app_begin ] --START--
INFO: Run Behavior\ReadHtmlCacheBehavior [ RunTime:0.001467s ]
INFO: [ app_begin ] --END-- [ RunTime:0.003242s ]
SQL: SHOW COLUMNS FROM `ms_address` [ RunTime:0.016559s ]
SQL: SELECT * FROM `ms_address` WHERE `Id` = 4 LIMIT 1   [ RunTime:0.000852s ]

[ 2017-12-25T21:02:19+08:00 ] 127.0.0.1 /my_mall/home/address/update
INFO: [ app_begin ] --START--
INFO: Run Behavior\ReadHtmlCacheBehavior [ RunTime:0.001951s ]
INFO: [ app_begin ] --END-- [ RunTime:0.002712s ]
SQL: SHOW COLUMNS FROM `ms_address` [ RunTime:0.014589s ]
SQL: UPDATE `ms_address` SET `name`='fhhjg',`address_province`='Âåó‰∫¨Â∏\Ç',`address_city`='Âåó‰∫¨Â∏\Ç',`address_county`='‰∏úÂüéÂå\∫',`address_info`='vghj',`phonenumber`='15233659658',`postcode`='123656' WHERE `Id` = 4 [ RunTime:0.000373s ]

[ 2017-12-25T21:02:23+08:00 ] 127.0.0.1 /my_mall/home/address/ajaxjson?Id=4
INFO: [ app_begin ] --START--
INFO: Run Behavior\ReadHtmlCacheBehavior [ RunTime:0.002002s ]
INFO: [ app_begin ] --END-- [ RunTime:0.004135s ]
SQL: SHOW COLUMNS FROM `ms_address` [ RunTime:0.010287s ]
SQL: SELECT * FROM `ms_address` WHERE `Id` = 4 LIMIT 1   [ RunTime:0.002140s ]

[ 2017-12-25T21:02:26+08:00 ] 127.0.0.1 /my_mall/home/address/update
INFO: [ app_begin ] --START--
INFO: Run Behavior\ReadHtmlCacheBehavior [ RunTime:0.000915s ]
INFO: [ app_begin ] --END-- [ RunTime:0.001705s ]
SQL: SHOW COLUMNS FROM `ms_address` [ RunTime:0.032455s ]
SQL: SELECT `Id` FROM `ms_address` WHERE `user_Name` = 'qcx120' AND `ismoren` = 'Êò\Ø' LIMIT 1   [ RunTime:0.000400s ]
SQL: UPDATE `ms_address` SET `ismoren`='Âê\¶' WHERE `Id` = 1 [ RunTime:0.000331s ]
SQL: UPDATE `ms_address` SET `name`='fhhjg',`address_province`='Âåó‰∫¨Â∏\Ç',`address_city`='Âåó‰∫¨Â∏\Ç',`address_county`='‰∏úÂüéÂå\∫',`address_info`='vghj',`phonenumber`='15233659658',`postcode`='123656',`ismoren`='Êò\Ø' WHERE `Id` = 4 [ RunTime:0.000317s ]

[ 2017-12-25T21:09:47+08:00 ] 127.0.0.1 /my_mall/home/address/ajaxjson?Id=1
INFO: [ app_begin ] --START--
INFO: Run Behavior\ReadHtmlCacheBehavior [ RunTime:0.000990s ]
INFO: [ app_begin ] --END-- [ RunTime:0.001945s ]
SQL: SHOW COLUMNS FROM `ms_address` [ RunTime:0.015757s ]
SQL: SELECT * FROM `ms_address` WHERE `Id` = 1 LIMIT 1   [ RunTime:0.000402s ]

[ 2017-12-25T21:09:51+08:00 ] 127.0.0.1 /my_mall/home/address/update
INFO: [ app_begin ] --START--
INFO: Run Behavior\ReadHtmlCacheBehavior [ RunTime:0.000937s ]
INFO: [ app_begin ] --END-- [ RunTime:0.002152s ]
SQL: SHOW COLUMNS FROM `ms_address` [ RunTime:0.037034s ]
SQL: UPDATE `ms_address` SET `name`='ÂéªÊì¶Ê¥\ó',`address_province`='Âåó‰∫¨Â∏\Ç',`address_city`='Âåó‰∫¨Â∏\Ç',`address_county`='Â¥áÊñáÂå\∫',`address_info`='Â§ö‰∏™Âú∞ÊñπËßÑËåÉÁöÑÂú∞Êñ\π',`phonenumber`='15200965961',`postcode`='425666' WHERE `Id` = 1 [ RunTime:0.000713s ]
NOTIC: [2] Cannot use a scalar value as an array D:\2015--study\dw\php\WWW\my_mall\Application\Home\Controller\AddressController.class.php Á¨¨ 99 Ë°å.

[ 2017-12-25T21:09:56+08:00 ] 127.0.0.1 /my_mall/home/address/ajaxjson?Id=1
INFO: [ app_begin ] --START--
INFO: Run Behavior\ReadHtmlCacheBehavior [ RunTime:0.000933s ]
INFO: [ app_begin ] --END-- [ RunTime:0.001862s ]
SQL: SHOW COLUMNS FROM `ms_address` [ RunTime:0.011517s ]
SQL: SELECT * FROM `ms_address` WHERE `Id` = 1 LIMIT 1   [ RunTime:0.000400s ]

[ 2017-12-25T21:10:11+08:00 ] 127.0.0.1 /my_mall/home/address/update
INFO: [ app_begin ] --START--
INFO: Run Behavior\ReadHtmlCacheBehavior [ RunTime:0.001048s ]
INFO: [ app_begin ] --END-- [ RunTime:0.001996s ]
SQL: SHOW COLUMNS FROM `ms_address` [ RunTime:0.027884s ]
SQL: SELECT `Id` FROM `ms_address` WHERE `user_Name` = 'qcx120' AND `ismoren` = 'Êò\Ø' LIMIT 1   [ RunTime:0.001660s ]
SQL: UPDATE `ms_address` SET `ismoren`='Âê\¶' WHERE `Id` = 4 [ RunTime:0.000394s ]
SQL: UPDATE `ms_address` SET `name`='ÂéªÊì¶Ê¥\ó',`address_province`='Âåó‰∫¨Â∏\Ç',`address_city`='Âåó‰∫¨Â∏\Ç',`address_county`='Â¥áÊñáÂå\∫',`address_info`='Â§ö‰∏™Âú∞ÊñπËßÑËåÉÁöÑÂú∞Êñ\π',`phonenumber`='15200965961',`postcode`='425222',`ismoren`='Êò\Ø' WHERE `Id` = 1 [ RunTime:0.000327s ]
NOTIC: [2] Cannot use a scalar value as an array D:\2015--study\dw\php\WWW\my_mall\Application\Home\Controller\AddressController.class.php Á¨¨ 99 Ë°å.

[ 2017-12-25T21:11:15+08:00 ] 127.0.0.1 /my_mall/home/address/ajaxjson?Id=4
INFO: [ app_begin ] --START--
INFO: Run Behavior\ReadHtmlCacheBehavior [ RunTime:0.000950s ]
INFO: [ app_begin ] --END-- [ RunTime:0.001715s ]
SQL: SHOW COLUMNS FROM `ms_address` [ RunTime:0.020388s ]
SQL: SELECT * FROM `ms_address` WHERE `Id` = 4 LIMIT 1   [ RunTime:0.000406s ]

[ 2017-12-25T21:11:17+08:00 ] 127.0.0.1 /my_mall/home/address/update
INFO: [ app_begin ] --START--
INFO: Run Behavior\ReadHtmlCacheBehavior [ RunTime:0.000941s ]
INFO: [ app_begin ] --END-- [ RunTime:0.001679s ]
SQL: SHOW COLUMNS FROM `ms_address` [ RunTime:0.011411s ]
SQL: SELECT `Id` FROM `ms_address` WHERE `user_Name` = 'qcx120' AND `ismoren` = 'Êò\Ø' LIMIT 1   [ RunTime:0.000408s ]
SQL: UPDATE `ms_address` SET `ismoren`='Âê\¶' WHERE `Id` = 1 [ RunTime:0.000341s ]
SQL: UPDATE `ms_address` SET `name`='fhhjg',`address_province`='Âåó‰∫¨Â∏\Ç',`address_city`='Âåó‰∫¨Â∏\Ç',`address_county`='‰∏úÂüéÂå\∫',`address_info`='vghj',`phonenumber`='15233659658',`postcode`='123656',`ismoren`='Êò\Ø' WHERE `Id` = 4 [ RunTime:0.000358s ]
NOTIC: [2] Cannot use a scalar value as an array D:\2015--study\dw\php\WWW\my_mall\Application\Home\Controller\AddressController.class.php Á¨¨ 99 Ë°å.

[ 2017-12-25T21:11:21+08:00 ] 127.0.0.1 /my_mall/home/address/ajaxjson?Id=4
INFO: [ app_begin ] --START--
INFO: Run Behavior\ReadHtmlCacheBehavior [ RunTime:0.000978s ]
INFO: [ app_begin ] --END-- [ RunTime:0.001731s ]
SQL: SHOW COLUMNS FROM `ms_address` [ RunTime:0.016303s ]
SQL: SELECT * FROM `ms_address` WHERE `Id` = 4 LIMIT 1   [ RunTime:0.000515s ]

[ 2017-12-25T21:11:25+08:00 ] 127.0.0.1 /my_mall/home/address/update
INFO: [ app_begin ] --START--
INFO: Run Behavior\ReadHtmlCacheBehavior [ RunTime:0.000947s ]
INFO: [ app_begin ] --END-- [ RunTime:0.001734s ]
SQL: SHOW COLUMNS FROM `ms_address` [ RunTime:0.030407s ]
SQL: SELECT `Id` FROM `ms_address` WHERE `user_Name` = 'qcx120' AND `ismoren` = 'Êò\Ø' LIMIT 1   [ RunTime:0.001007s ]
SQL: UPDATE `ms_address` SET `ismoren`='Âê\¶' WHERE `Id` = 4 [ RunTime:0.002648s ]
SQL: UPDATE `ms_address` SET `name`='fhhjg',`address_province`='Âåó‰∫¨Â∏\Ç',`address_city`='Âåó‰∫¨Â∏\Ç',`address_county`='‰∏úÂüéÂå\∫',`address_info`='vghj',`phonenumber`='15233659658',`postcode`='256356',`ismoren`='Êò\Ø' WHERE `Id` = 4 [ RunTime:0.001446s ]
NOTIC: [2] Cannot use a scalar value as an array D:\2015--study\dw\php\WWW\my_mall\Application\Home\Controller\AddressController.class.php Á¨¨ 99 Ë°å.

[ 2017-12-25T21:23:36+08:00 ] 127.0.0.1 /my_mall/home/address/ajaxjson?Id=1
INFO: [ app_begin ] --START--
INFO: Run Behavior\ReadHtmlCacheBehavior [ RunTime:0.001853s ]
INFO: [ app_begin ] --END-- [ RunTime:0.003364s ]
SQL: SHOW COLUMNS FROM `ms_address` [ RunTime:0.010241s ]
SQL: SELECT * FROM `ms_address` WHERE `Id` = 1 LIMIT 1   [ RunTime:0.000847s ]

[ 2017-12-25T21:23:38+08:00 ] 127.0.0.1 /my_mall/home/address/update
INFO: [ app_begin ] --START--
INFO: Run Behavior\ReadHtmlCacheBehavior [ RunTime:0.000841s ]
INFO: [ app_begin ] --END-- [ RunTime:0.001657s ]
SQL: SHOW COLUMNS FROM `ms_address` [ RunTime:0.014576s ]
SQL: SELECT `Id` FROM `ms_address` WHERE `user_Name` = 'qcx120' AND `ismoren` = 'Êò\Ø' LIMIT 1   [ RunTime:0.000448s ]
SQL: UPDATE `ms_address` SET `ismoren`='Âê\¶' WHERE `Id` = 4 [ RunTime:0.000448s ]
SQL: UPDATE `ms_address` SET `name`='ÂéªÊì¶Ê¥\ó',`address_province`='Âåó‰∫¨Â∏\Ç',`address_city`='Âåó‰∫¨Â∏\Ç',`address_county`='Â¥áÊñáÂå\∫',`address_info`='Â§ö‰∏™Âú∞ÊñπËßÑËåÉÁöÑÂú∞Êñ\π',`phonenumber`='15200965961',`postcode`='425222',`ismoren`='Êò\Ø' WHERE `Id` = 1 [ RunTime:0.000361s ]

[ 2017-12-25T21:30:25+08:00 ] 127.0.0.1 /my_mall/home/address/ajaxjson?Id=4
INFO: [ app_begin ] --START--
INFO: Run Behavior\ReadHtmlCacheBehavior [ RunTime:0.001142s ]
INFO: [ app_begin ] --END-- [ RunTime:0.002012s ]
SQL: SHOW COLUMNS FROM `ms_address` [ RunTime:0.015146s ]
SQL: SELECT * FROM `ms_address` WHERE `Id` = 4 LIMIT 1   [ RunTime:0.000454s ]

[ 2017-12-25T21:30:27+08:00 ] 127.0.0.1 /my_mall/home/address/update
INFO: [ app_begin ] --START--
INFO: Run Behavior\ReadHtmlCacheBehavior [ RunTime:0.000826s ]
INFO: [ app_begin ] --END-- [ RunTime:0.001657s ]
SQL: SHOW COLUMNS FROM `ms_address` [ RunTime:0.015100s ]
SQL: SELECT `Id` FROM `ms_address` WHERE `user_Name` = 'qcx120' AND `ismoren` = 'Êò\Ø' LIMIT 1   [ RunTime:0.000355s ]
SQL: UPDATE `ms_address` SET `ismoren`='Âê\¶' WHERE `Id` = 1 [ RunTime:0.000313s ]
SQL: UPDATE `ms_address` SET `name`='fhhjg',`address_province`='Âåó‰∫¨Â∏\Ç',`address_city`='Âåó‰∫¨Â∏\Ç',`address_county`='‰∏úÂüéÂå\∫',`address_info`='vghj',`phonenumber`='15233659658',`postcode`='256356',`ismoren`='Êò\Ø' WHERE `Id` = 4 [ RunTime:0.000333s ]

[ 2017-12-25T21:34:26+08:00 ] 127.0.0.1 /my_mall/home/address/ajaxjson?Id=1
INFO: [ app_begin ] --START--
INFO: Run Behavior\ReadHtmlCacheBehavior [ RunTime:0.000867s ]
INFO: [ app_begin ] --END-- [ RunTime:0.001560s ]
SQL: SHOW COLUMNS FROM `ms_address` [ RunTime:0.030872s ]
SQL: SELECT * FROM `ms_address` WHERE `Id` = 1 LIMIT 1   [ RunTime:0.000392s ]

[ 2017-12-25T21:34:29+08:00 ] 127.0.0.1 /my_mall/home/address/update
INFO: [ app_begin ] --START--
INFO: Run Behavior\ReadHtmlCacheBehavior [ RunTime:0.000893s ]
INFO: [ app_begin ] --END-- [ RunTime:0.001632s ]
SQL: SHOW COLUMNS FROM `ms_address` [ RunTime:0.016908s ]
SQL: SELECT `Id` FROM `ms_address` WHERE `user_Name` = 'qcx120' AND `ismoren` = 'Êò\Ø' LIMIT 1   [ RunTime:0.000384s ]
SQL: UPDATE `ms_address` SET `ismoren`='Âê\¶' WHERE `Id` = 4 [ RunTime:0.000342s ]
SQL: UPDATE `ms_address` SET `name`='ÂéªÊì¶Ê¥\ó',`address_province`='Âåó‰∫¨Â∏\Ç',`address_city`='Âåó‰∫¨Â∏\Ç',`address_county`='Â¥áÊñáÂå\∫',`address_info`='Â§ö‰∏™Âú∞ÊñπËßÑËåÉÁöÑÂú∞Êñ\π',`phonenumber`='15200965961',`postcode`='425222',`ismoren`='Êò\Ø' WHERE `Id` = 1 [ RunTime:0.000322s ]

[ 2017-12-25T21:40:54+08:00 ] 127.0.0.1 /my_mall/home/address/ajaxjson?Id=4
INFO: [ app_begin ] --START--
INFO: Run Behavior\ReadHtmlCacheBehavior [ RunTime:0.001006s ]
INFO: [ app_begin ] --END-- [ RunTime:0.002849s ]
SQL: SHOW COLUMNS FROM `ms_address` [ RunTime:0.015023s ]
SQL: SELECT * FROM `ms_address` WHERE `Id` = 4 LIMIT 1   [ RunTime:0.000418s ]

[ 2017-12-25T21:41:52+08:00 ] 127.0.0.1 /my_mall/home/address/ajaxjson?Id=4
INFO: [ app_begin ] --START--
INFO: Run Behavior\ReadHtmlCacheBehavior [ RunTime:0.000942s ]
INFO: [ app_begin ] --END-- [ RunTime:0.001752s ]
SQL: SHOW COLUMNS FROM `ms_address` [ RunTime:0.018398s ]
SQL: SELECT * FROM `ms_address` WHERE `Id` = 4 LIMIT 1   [ RunTime:0.000409s ]

