[ 2017-12-04T20:50:32+08:00 ] 127.0.0.1 /test_of_thinkPHP/index.php
INFO: [ app_init ] --START--
INFO: Run Behavior\BuildLiteBehavior [ RunTime:0.000032s ]
INFO: [ app_init ] --END-- [ RunTime:0.000771s ]
INFO: [ app_begin ] --START--
INFO: Run Behavior\ReadHtmlCacheBehavior [ RunTime:0.001825s ]
INFO: [ app_begin ] --END-- [ RunTime:0.001920s ]
INFO: [ view_parse ] --START--
INFO: [ template_filter ] --START--
INFO: Run Behavior\ContentReplaceBehavior [ RunTime:0.000046s ]
INFO: [ template_filter ] --END-- [ RunTime:0.000147s ]
INFO: Run Behavior\ParseTemplateBehavior [ RunTime:0.027933s ]
INFO: [ view_parse ] --END-- [ RunTime:0.028023s ]
INFO: [ view_filter ] --START--
INFO: Run Behavior\WriteHtmlCacheBehavior [ RunTime:0.001608s ]
INFO: [ view_filter ] --END-- [ RunTime:0.001669s ]
INFO: [ app_end ] --START--
INFO: Run Behavior\ShowPageTraceBehavior [ RunTime:0.002001s ]
INFO: [ app_end ] --END-- [ RunTime:0.002102s ]

[ 2017-12-04T20:57:55+08:00 ] 127.0.0.1 /test_of_thinkPHP/index.php
INFO: [ app_init ] --START--
INFO: Run Behavior\BuildLiteBehavior [ RunTime:0.000030s ]
INFO: [ app_init ] --END-- [ RunTime:0.001041s ]
INFO: [ app_begin ] --START--
INFO: Run Behavior\ReadHtmlCacheBehavior [ RunTime:0.004888s ]
INFO: [ app_begin ] --END-- [ RunTime:0.005181s ]
INFO: [ view_parse ] --START--
INFO: Run Behavior\ParseTemplateBehavior [ RunTime:0.001549s ]
INFO: [ view_parse ] --END-- [ RunTime:0.001661s ]
INFO: [ view_filter ] --START--
INFO: Run Behavior\WriteHtmlCacheBehavior [ RunTime:0.001420s ]
INFO: [ view_filter ] --END-- [ RunTime:0.001497s ]
INFO: [ app_end ] --START--
INFO: Run Behavior\ShowPageTraceBehavior [ RunTime:0.001322s ]
INFO: [ app_end ] --END-- [ RunTime:0.001393s ]

[ 2017-12-04T20:58:12+08:00 ] 127.0.0.1 /test_of_thinkPHP/index.php/Home/Index/checkLogin
INFO: [ app_init ] --START--
INFO: Run Behavior\BuildLiteBehavior [ RunTime:0.000029s ]
INFO: [ app_init ] --END-- [ RunTime:0.001280s ]
INFO: [ app_begin ] --START--
INFO: Run Behavior\ReadHtmlCacheBehavior [ RunTime:0.002046s ]
INFO: [ app_begin ] --END-- [ RunTime:0.002199s ]
INFO: [ view_parse ] --START--
INFO: [ template_filter ] --START--
INFO: Run Behavior\ContentReplaceBehavior [ RunTime:0.000071s ]
INFO: [ template_filter ] --END-- [ RunTime:0.000196s ]
INFO: Run Behavior\ParseTemplateBehavior [ RunTime:0.019980s ]
INFO: [ view_parse ] --END-- [ RunTime:0.020131s ]
INFO: [ view_filter ] --START--
INFO: Run Behavior\WriteHtmlCacheBehavior [ RunTime:0.003082s ]
INFO: [ view_filter ] --END-- [ RunTime:0.003201s ]
INFO: [ app_end ] --START--
INFO: Run Behavior\ShowPageTraceBehavior [ RunTime:0.002164s ]
INFO: [ app_end ] --END-- [ RunTime:0.002280s ]

[ 2017-12-04T20:58:20+08:00 ] 127.0.0.1 /test_of_thinkPHP/index.php/Home/Index/checkLogin
INFO: [ app_init ] --START--
INFO: Run Behavior\BuildLiteBehavior [ RunTime:0.000031s ]
INFO: [ app_init ] --END-- [ RunTime:0.001270s ]
INFO: [ app_begin ] --START--
INFO: Run Behavior\ReadHtmlCacheBehavior [ RunTime:0.002047s ]
INFO: [ app_begin ] --END-- [ RunTime:0.002169s ]
SQL: SHOW COLUMNS FROM `user` [ RunTime:0.041750s ]
SQL: SELECT `pwd` FROM `user` WHERE `name` = 'admin' LIMIT 1   [ RunTime:0.014576s ]

[ 2017-12-04T20:58:22+08:00 ] 127.0.0.1 /test_of_thinkPHP/index.php/Home/Index/checkLogin
INFO: [ app_init ] --START--
INFO: Run Behavior\BuildLiteBehavior [ RunTime:0.000367s ]
INFO: [ app_init ] --END-- [ RunTime:0.005142s ]
INFO: [ app_begin ] --START--
INFO: Run Behavior\ReadHtmlCacheBehavior [ RunTime:0.002039s ]
INFO: [ app_begin ] --END-- [ RunTime:0.002176s ]
INFO: [ view_parse ] --START--
INFO: [ template_filter ] --START--
INFO: Run Behavior\ContentReplaceBehavior [ RunTime:0.000068s ]
INFO: [ template_filter ] --END-- [ RunTime:0.000186s ]
INFO: Run Behavior\ParseTemplateBehavior [ RunTime:0.027181s ]
INFO: [ view_parse ] --END-- [ RunTime:0.027465s ]
INFO: [ view_filter ] --START--
INFO: Run Behavior\WriteHtmlCacheBehavior [ RunTime:0.002731s ]
INFO: [ view_filter ] --END-- [ RunTime:0.003648s ]
INFO: [ app_end ] --START--
INFO: Run Behavior\ShowPageTraceBehavior [ RunTime:0.002122s ]
INFO: [ app_end ] --END-- [ RunTime:0.002231s ]

[ 2017-12-04T20:58:30+08:00 ] 127.0.0.1 /test_of_thinkPHP/index.php/Home/Index/checkLogin
INFO: [ app_init ] --START--
INFO: Run Behavior\BuildLiteBehavior [ RunTime:0.000055s ]
INFO: [ app_init ] --END-- [ RunTime:0.001629s ]
INFO: [ app_begin ] --START--
INFO: Run Behavior\ReadHtmlCacheBehavior [ RunTime:0.001895s ]
INFO: [ app_begin ] --END-- [ RunTime:0.002056s ]
SQL: SHOW COLUMNS FROM `user` [ RunTime:0.022717s ]
SQL: SELECT `pwd` FROM `user` WHERE `name` = 'tom' LIMIT 1   [ RunTime:0.003093s ]

